2025-09-07 11:46:48,755 - __main__ - INFO - ======================================================================
2025-09-07 11:46:48,756 - __main__ - INFO - 🚀 Starting Dashboard Desktop Application
2025-09-07 11:46:48,756 - __main__ - INFO - ======================================================================
2025-09-07 11:46:49,059 - __main__ - INFO - ✓ Application initialized
2025-09-07 11:46:52,865 - __main__ - INFO - ✓ Directory structure ready (mode: main)
2025-09-07 11:46:52,872 - __main__ - INFO - ✓ Database connected
2025-09-07 11:46:52,931 - ui_qt.windows.dashboard_window_qt.utils.assets - INFO - Assets manager đã khởi tạo
2025-09-07 11:46:52,935 - __main__ - INFO - Loading MainDashboard (Desktop-Style)...
2025-09-07 11:46:53,314 - ui_qt.windows.dashboard_window_qt.repositories.app_repository - INFO - Storage path: dashboard_apps.json
2025-09-07 11:46:53,314 - ui_qt.windows.dashboard_window_qt.repositories.app_repository - INFO - Storage exists: True
2025-09-07 11:46:53,315 - ui_qt.windows.dashboard_window_qt.repositories.app_repository - INFO - Total apps in storage: 17
2025-09-07 11:46:53,315 - ui_qt.windows.dashboard_window_qt.views.main_dashboard - WARNING - Have 17 apps but may only show some!
2025-09-07 11:46:53,877 - __main__ - INFO - ✓ Dashboard loaded (main)
2025-09-07 11:46:54,459 - __main__ - INFO - Assets manager initialized
2025-09-07 11:46:54,477 - __main__ - INFO - Settings loaded
2025-09-07 11:46:54,518 - __main__ - INFO - All services initialized successfully
2025-09-07 11:46:54,521 - __main__ - INFO - ✓ Application ready - Starting event loop
2025-09-07 11:47:01,739 - ui_qt.windows.dashboard_window_qt.services.app_launcher_service - INFO - Đang khởi chạy app: question_bank
2025-09-07 11:47:01,739 - ui_qt.windows.dashboard_window_qt.services.app_launcher_service - INFO - Importing module: ui_qt.windows.question_bank.views.main_window
2025-09-07 11:47:02,302 - ui_qt.windows.dashboard_window_qt.views.main_dashboard - INFO - App launched: question_bank
2025-09-07 11:47:02,302 - ui_qt.windows.dashboard_window_qt.views.main_dashboard - ERROR - Error adding button to taskbar: 'PySide6.QtWidgets.QWidget' object has no attribute 'add_app_button'
2025-09-07 11:47:02,324 - ui_qt.windows.dashboard_window_qt.views.main_dashboard - INFO - App launched: question_bank
2025-09-07 11:47:02,324 - ui_qt.windows.dashboard_window_qt.views.main_dashboard - ERROR - Error adding button to taskbar: 'PySide6.QtWidgets.QWidget' object has no attribute 'add_app_button'
2025-09-07 11:47:02,324 - ui_qt.windows.dashboard_window_qt.services.app_launcher_service - INFO - Đã khởi chạy app thành công: question_bank
