2025-09-07 10:19:02,257 - __main__ - INFO - ======================================================================
2025-09-07 10:19:02,257 - __main__ - INFO - 🚀 Starting Dashboard Desktop Application
2025-09-07 10:19:02,257 - __main__ - INFO - ======================================================================
2025-09-07 10:19:02,278 - __main__ - INFO - ✓ Application initialized
2025-09-07 10:19:03,717 - __main__ - INFO - ✓ Directory structure ready (mode: main)
2025-09-07 10:19:03,723 - __main__ - INFO - ✓ Database connected
2025-09-07 10:19:03,778 - ui_qt.windows.dashboard_window_qt.utils.assets - INFO - Assets manager đã khởi tạo
2025-09-07 10:19:03,789 - __main__ - INFO - Loading MainDashboard (Desktop-Style)...
2025-09-07 10:19:03,799 - ui_qt.windows.dashboard_window_qt.repositories.settings_repository - INFO - Đã load settings từ C:\Users\lenovo\AppData\Roaming\DashboardQt\settings.json
2025-09-07 10:19:03,800 - ui_qt.windows.dashboard_window_qt.services.desktop_service - INFO - Đã load vị trí 0 icons
2025-09-07 10:19:04,099 - ui_qt.windows.dashboard_window_qt.views.desktop.desktop_area - INFO - Wallpaper set: C:/Users/lenovo/Downloads/hinh-nen-may-tinh-6.jpg (mode: fill)
2025-09-07 10:19:04,099 - ui_qt.windows.dashboard_window_qt.views.main_dashboard - INFO - Desktop area created successfully
2025-09-07 10:19:04,120 - ui_qt.windows.dashboard_window_qt.views.main_dashboard - INFO - Đang load desktop icons...
2025-09-07 10:19:04,121 - ui_qt.windows.dashboard_window_qt.repositories.app_repository - INFO - Storage path: dashboard_apps.json
2025-09-07 10:19:04,121 - ui_qt.windows.dashboard_window_qt.repositories.app_repository - INFO - Storage exists: True
2025-09-07 10:19:04,121 - ui_qt.windows.dashboard_window_qt.repositories.app_repository - INFO - Total apps in storage: 17
2025-09-07 10:19:04,121 - ui_qt.windows.dashboard_window_qt.views.main_dashboard - INFO - Got 17 pinned apps from repository
2025-09-07 10:19:04,121 - ui_qt.windows.dashboard_window_qt.views.main_dashboard - WARNING - Have 17 apps but may only show some!
2025-09-07 10:19:04,121 - ui_qt.windows.dashboard_window_qt.views.main_dashboard - INFO - Sẽ load 17 icons lên desktop
2025-09-07 10:19:04,175 - ui_qt.windows.dashboard_window_qt.views.main_dashboard - INFO - Đã tạo thành công 17 icons
2025-09-07 10:19:04,188 - ui_qt.windows.dashboard_window_qt.views.desktop.desktop_area - INFO - Wallpaper set: C:/Users/lenovo/Downloads/hinh-nen-may-tinh-6.jpg (mode: fill)
2025-09-07 10:19:04,188 - ui_qt.windows.dashboard_window_qt.views.main_dashboard - INFO - Đã set wallpaper cho desktop area: C:/Users/lenovo/Downloads/hinh-nen-may-tinh-6.jpg
2025-09-07 10:19:04,202 - ui_qt.windows.dashboard_window_qt.views.desktop.desktop_area - INFO - Wallpaper set: C:/Users/lenovo/Downloads/hinh-nen-may-tinh-6.jpg (mode: fill)
2025-09-07 10:19:04,202 - ui_qt.windows.dashboard_window_qt.views.main_dashboard - INFO - Đã set wallpaper cho desktop area: C:/Users/lenovo/Downloads/hinh-nen-may-tinh-6.jpg
2025-09-07 10:19:04,520 - ui_qt.windows.dashboard_window_qt.views.main_dashboard - INFO - Dashboard window hiển thị thành công
2025-09-07 10:19:04,520 - __main__ - INFO - ✓ Dashboard loaded (main)
2025-09-07 10:19:04,830 - ui_qt.windows.dashboard_window_qt.views.desktop.desktop_area - INFO - Wallpaper set: C:/Users/lenovo/Downloads/hinh-nen-may-tinh-6.jpg (mode: fill)
2025-09-07 10:19:04,830 - ui_qt.windows.dashboard_window_qt.views.main_dashboard - INFO - Đã set wallpaper cho desktop area: C:/Users/lenovo/Downloads/hinh-nen-may-tinh-6.jpg
2025-09-07 10:19:04,862 - __main__ - INFO - Assets manager initialized
2025-09-07 10:19:04,865 - __main__ - INFO - Settings loaded
2025-09-07 10:19:04,870 - __main__ - INFO - All services initialized successfully
2025-09-07 10:19:04,872 - __main__ - INFO - ✓ Application ready - Starting event loop
2025-09-07 10:19:06,497 - ui_qt.windows.dashboard_window_qt.views.desktop.desktop_area - INFO - Wallpaper set: C:/Users/lenovo/Downloads/hinh-nen-may-tinh-6.jpg (mode: fill)
2025-09-07 10:19:06,497 - ui_qt.windows.dashboard_window_qt.views.main_dashboard - INFO - Đã set wallpaper cho desktop area: C:/Users/lenovo/Downloads/hinh-nen-may-tinh-6.jpg
