2025-09-07 11:15:25,508 - __main__ - INFO - ======================================================================
2025-09-07 11:15:25,508 - __main__ - INFO - 🚀 Starting Dashboard Desktop Application
2025-09-07 11:15:25,508 - __main__ - INFO - ======================================================================
2025-09-07 11:15:25,529 - __main__ - INFO - ✓ Application initialized
2025-09-07 11:15:27,060 - __main__ - INFO - ✓ Directory structure ready (mode: main)
2025-09-07 11:15:27,066 - __main__ - INFO - ✓ Database connected
2025-09-07 11:15:27,115 - ui_qt.windows.dashboard_window_qt.utils.assets - INFO - Assets manager đã khởi tạo
2025-09-07 11:15:27,122 - __main__ - INFO - Loading MainDashboard (Desktop-Style)...
2025-09-07 11:15:27,466 - ui_qt.windows.dashboard_window_qt.repositories.app_repository - INFO - Storage path: dashboard_apps.json
2025-09-07 11:15:27,466 - ui_qt.windows.dashboard_window_qt.repositories.app_repository - INFO - Storage exists: True
2025-09-07 11:15:27,467 - ui_qt.windows.dashboard_window_qt.repositories.app_repository - INFO - Total apps in storage: 17
2025-09-07 11:15:27,467 - ui_qt.windows.dashboard_window_qt.views.main_dashboard - WARNING - Have 17 apps but may only show some!
2025-09-07 11:15:27,884 - __main__ - INFO - ✓ Dashboard loaded (main)
2025-09-07 11:15:28,247 - __main__ - INFO - Assets manager initialized
2025-09-07 11:15:28,249 - __main__ - INFO - Settings loaded
2025-09-07 11:15:28,256 - __main__ - INFO - All services initialized successfully
2025-09-07 11:15:28,258 - __main__ - INFO - ✓ Application ready - Starting event loop
2025-09-07 11:15:33,383 - ui_qt.windows.dashboard_window_qt.services.app_launcher_service - INFO - Đang khởi chạy app: question_bank
2025-09-07 11:15:33,383 - ui_qt.windows.dashboard_window_qt.services.app_launcher_service - INFO - Importing module: ui_qt.windows.question_bank.views.main_window
2025-09-07 11:15:33,835 - ui_qt.windows.dashboard_window_qt.views.main_dashboard - INFO - App launched: question_bank
2025-09-07 11:15:33,835 - ui_qt.windows.dashboard_window_qt.views.main_dashboard - ERROR - Error adding button to taskbar: 'PySide6.QtWidgets.QWidget' object has no attribute 'add_app_button'
2025-09-07 11:15:33,852 - ui_qt.windows.dashboard_window_qt.views.main_dashboard - INFO - App launched: question_bank
2025-09-07 11:15:33,852 - ui_qt.windows.dashboard_window_qt.views.main_dashboard - ERROR - Error adding button to taskbar: 'PySide6.QtWidgets.QWidget' object has no attribute 'add_app_button'
2025-09-07 11:15:33,852 - ui_qt.windows.dashboard_window_qt.services.app_launcher_service - INFO - Đã khởi chạy app thành công: question_bank
2025-09-07 11:15:36,453 - ui_qt.windows.dashboard_window_qt.services.app_launcher_service - INFO - Đang khởi chạy app: main_calendar
2025-09-07 11:15:36,453 - ui_qt.windows.dashboard_window_qt.services.app_launcher_service - INFO - Importing module: ui_qt.main_window
2025-09-07 11:15:36,481 - ui_qt.windows.dashboard_window_qt.views.main_dashboard - INFO - App launched: main_calendar
2025-09-07 11:15:36,481 - ui_qt.windows.dashboard_window_qt.views.main_dashboard - ERROR - Error adding button to taskbar: 'PySide6.QtWidgets.QWidget' object has no attribute 'add_app_button'
2025-09-07 11:15:36,499 - ui_qt.windows.dashboard_window_qt.views.main_dashboard - INFO - App launched: main_calendar
2025-09-07 11:15:36,499 - ui_qt.windows.dashboard_window_qt.views.main_dashboard - ERROR - Error adding button to taskbar: 'PySide6.QtWidgets.QWidget' object has no attribute 'add_app_button'
2025-09-07 11:15:36,499 - ui_qt.windows.dashboard_window_qt.services.app_launcher_service - INFO - Đã khởi chạy app thành công: main_calendar
2025-09-07 11:16:27,549 - ui_qt.windows.dashboard_window_qt.services.desktop_service - INFO - Đã lưu vị trí 0 icons
2025-09-07 11:17:27,571 - ui_qt.windows.dashboard_window_qt.services.desktop_service - INFO - Đã lưu vị trí 0 icons
2025-09-07 11:18:27,567 - ui_qt.windows.dashboard_window_qt.services.desktop_service - INFO - Đã lưu vị trí 0 icons
2025-09-07 11:19:27,568 - ui_qt.windows.dashboard_window_qt.services.desktop_service - INFO - Đã lưu vị trí 0 icons
