2025-09-06 23:44:06,491 - __main__ - INFO - ======================================================================
2025-09-06 23:44:06,491 - __main__ - INFO - 🚀 Starting Dashboard Desktop Application
2025-09-06 23:44:06,491 - __main__ - INFO - ======================================================================
2025-09-06 23:44:06,512 - __main__ - INFO - ✓ Application initialized
2025-09-06 23:44:07,859 - __main__ - INFO - ✓ Directory structure ready (mode: main)
2025-09-06 23:44:07,867 - __main__ - INFO - ✓ Database connected
2025-09-06 23:44:07,912 - ui_qt.windows.dashboard_window_qt.utils.assets - INFO - Assets manager đã khởi tạo
2025-09-06 23:44:07,919 - __main__ - INFO - Loading MainDashboard (Desktop-Style)...
2025-09-06 23:44:07,929 - ui_qt.windows.dashboard_window_qt.repositories.settings_repository - INFO - Đã load settings từ C:\Users\lenovo\AppData\Roaming\DashboardQt\settings.json
2025-09-06 23:44:07,930 - ui_qt.windows.dashboard_window_qt.services.desktop_service - INFO - Đã load vị trí 0 icons
2025-09-06 23:44:07,944 - ui_qt.windows.dashboard_window_qt.repositories.settings_repository - INFO - Đã save settings vào C:\Users\lenovo\AppData\Roaming\DashboardQt\settings.json
2025-09-06 23:44:07,944 - ui_qt.windows.dashboard_window_qt.views.desktop.desktop_area - INFO - Wallpaper set: default (mode: fill)
2025-09-06 23:44:07,945 - ui_qt.windows.dashboard_window_qt.views.desktop.desktop_area - INFO - Desktop settings loaded
2025-09-06 23:44:07,945 - ui_qt.windows.dashboard_window_qt.views.desktop.desktop_area - INFO - Desktop Area initialized
2025-09-06 23:44:07,945 - ui_qt.windows.dashboard_window_qt.views.main_dashboard - INFO - Desktop area created successfully
2025-09-06 23:44:07,965 - ui_qt.windows.dashboard_window_qt.views.main_dashboard - INFO - Đang load desktop icons...
2025-09-06 23:44:07,965 - ui_qt.windows.dashboard_window_qt.repositories.app_repository - INFO - Storage path: dashboard_apps.json
2025-09-06 23:44:07,965 - ui_qt.windows.dashboard_window_qt.repositories.app_repository - INFO - Storage exists: True
2025-09-06 23:44:07,966 - ui_qt.windows.dashboard_window_qt.repositories.app_repository - INFO - Total apps in storage: 17
2025-09-06 23:44:07,966 - ui_qt.windows.dashboard_window_qt.repositories.app_repository - INFO - Apps with pinned=True: 17
2025-09-06 23:44:07,966 - ui_qt.windows.dashboard_window_qt.repositories.app_repository - INFO -   Pinned: student_manager (rank=9)
2025-09-06 23:44:07,966 - ui_qt.windows.dashboard_window_qt.repositories.app_repository - INFO -   Pinned: group_manager (rank=8)
2025-09-06 23:44:07,966 - ui_qt.windows.dashboard_window_qt.repositories.app_repository - INFO -   Pinned: package_manager (rank=0)
2025-09-06 23:44:07,966 - ui_qt.windows.dashboard_window_qt.repositories.app_repository - INFO -   Pinned: attendance_report (rank=0)
2025-09-06 23:44:07,966 - ui_qt.windows.dashboard_window_qt.repositories.app_repository - INFO -   Pinned: main_calendar (rank=10)
2025-09-06 23:44:07,966 - ui_qt.windows.dashboard_window_qt.repositories.app_repository - INFO - Returning 17 pinned apps
2025-09-06 23:44:07,966 - ui_qt.windows.dashboard_window_qt.views.main_dashboard - INFO - Got 17 pinned apps from repository
2025-09-06 23:44:07,966 - ui_qt.windows.dashboard_window_qt.views.main_dashboard - INFO -   App 0: group_manager
2025-09-06 23:44:07,966 - ui_qt.windows.dashboard_window_qt.views.main_dashboard - INFO -   App 1: student_manager
2025-09-06 23:44:07,966 - ui_qt.windows.dashboard_window_qt.views.main_dashboard - INFO -   App 2: question_bank
2025-09-06 23:44:07,966 - ui_qt.windows.dashboard_window_qt.views.main_dashboard - INFO -   App 3: main_calendar
2025-09-06 23:44:07,966 - ui_qt.windows.dashboard_window_qt.views.main_dashboard - INFO -   App 4: package_manager
2025-09-06 23:44:07,966 - ui_qt.windows.dashboard_window_qt.views.main_dashboard - INFO -   App 5: attendance_report
2025-09-06 23:44:07,966 - ui_qt.windows.dashboard_window_qt.views.main_dashboard - INFO -   App 6: assign_exercise
2025-09-06 23:44:07,966 - ui_qt.windows.dashboard_window_qt.views.main_dashboard - INFO -   App 7: submit_exercise
2025-09-06 23:44:07,966 - ui_qt.windows.dashboard_window_qt.views.main_dashboard - INFO -   App 8: submitted_exercises
2025-09-06 23:44:07,966 - ui_qt.windows.dashboard_window_qt.views.main_dashboard - INFO -   App 9: exercise_suggestion
2025-09-06 23:44:07,966 - ui_qt.windows.dashboard_window_qt.views.main_dashboard - INFO -   App 10: create_test
2025-09-06 23:44:07,966 - ui_qt.windows.dashboard_window_qt.views.main_dashboard - INFO -   App 11: exercise_tree
2025-09-06 23:44:07,966 - ui_qt.windows.dashboard_window_qt.views.main_dashboard - INFO -   App 12: progress_report
2025-09-06 23:44:07,966 - ui_qt.windows.dashboard_window_qt.views.main_dashboard - INFO -   App 13: skill_report
2025-09-06 23:44:07,966 - ui_qt.windows.dashboard_window_qt.views.main_dashboard - INFO -   App 14: skill_rating
2025-09-06 23:44:07,966 - ui_qt.windows.dashboard_window_qt.views.main_dashboard - INFO -   App 15: group_suggestion
2025-09-06 23:44:07,966 - ui_qt.windows.dashboard_window_qt.views.main_dashboard - INFO -   App 16: salary_report
2025-09-06 23:44:07,966 - ui_qt.windows.dashboard_window_qt.views.main_dashboard - WARNING - Have 17 apps but may only show some!
2025-09-06 23:44:07,966 - ui_qt.windows.dashboard_window_qt.views.main_dashboard - INFO - Sẽ load 17 icons lên desktop
2025-09-06 23:44:07,976 - ui_qt.windows.dashboard_window_qt.repositories.settings_repository - INFO - Đã save settings vào C:\Users\lenovo\AppData\Roaming\DashboardQt\settings.json
2025-09-06 23:44:07,976 - ui_qt.windows.dashboard_window_qt.views.main_dashboard - INFO - Đã tạo icon: Quản lý nhóm học tại PySide6.QtCore.QPoint(20, 20)
2025-09-06 23:44:07,977 - ui_qt.windows.dashboard_window_qt.repositories.settings_repository - INFO - Đã save settings vào C:\Users\lenovo\AppData\Roaming\DashboardQt\settings.json
2025-09-06 23:44:07,978 - ui_qt.windows.dashboard_window_qt.views.main_dashboard - INFO - Đã tạo icon: Quản lý học sinh tại PySide6.QtCore.QPoint(110, 20)
2025-09-06 23:44:07,979 - ui_qt.windows.dashboard_window_qt.repositories.settings_repository - INFO - Đã save settings vào C:\Users\lenovo\AppData\Roaming\DashboardQt\settings.json
2025-09-06 23:44:07,979 - ui_qt.windows.dashboard_window_qt.views.main_dashboard - INFO - Đã tạo icon: Ngân hàng câu hỏi tại PySide6.QtCore.QPoint(200, 20)
2025-09-06 23:44:07,980 - ui_qt.windows.dashboard_window_qt.repositories.settings_repository - INFO - Đã save settings vào C:\Users\lenovo\AppData\Roaming\DashboardQt\settings.json
2025-09-06 23:44:07,981 - ui_qt.windows.dashboard_window_qt.views.main_dashboard - INFO - Đã tạo icon: Lịch dạy (Main) tại PySide6.QtCore.QPoint(290, 20)
2025-09-06 23:44:07,982 - ui_qt.windows.dashboard_window_qt.repositories.settings_repository - INFO - Đã save settings vào C:\Users\lenovo\AppData\Roaming\DashboardQt\settings.json
2025-09-06 23:44:07,982 - ui_qt.windows.dashboard_window_qt.views.main_dashboard - INFO - Đã tạo icon: Quản lý gói học tại PySide6.QtCore.QPoint(380, 20)
2025-09-06 23:44:07,984 - ui_qt.windows.dashboard_window_qt.repositories.settings_repository - INFO - Đã save settings vào C:\Users\lenovo\AppData\Roaming\DashboardQt\settings.json
2025-09-06 23:44:07,984 - ui_qt.windows.dashboard_window_qt.views.main_dashboard - INFO - Đã tạo icon: Báo cáo chuyên cần tại PySide6.QtCore.QPoint(470, 20)
2025-09-06 23:44:07,986 - ui_qt.windows.dashboard_window_qt.repositories.settings_repository - INFO - Đã save settings vào C:\Users\lenovo\AppData\Roaming\DashboardQt\settings.json
2025-09-06 23:44:07,986 - ui_qt.windows.dashboard_window_qt.views.main_dashboard - INFO - Đã tạo icon: Giao bài tập tại PySide6.QtCore.QPoint(560, 20)
2025-09-06 23:44:07,987 - ui_qt.windows.dashboard_window_qt.repositories.settings_repository - INFO - Đã save settings vào C:\Users\lenovo\AppData\Roaming\DashboardQt\settings.json
2025-09-06 23:44:07,987 - ui_qt.windows.dashboard_window_qt.views.main_dashboard - INFO - Đã tạo icon: Nộp bài tập tại PySide6.QtCore.QPoint(650, 20)
2025-09-06 23:44:07,988 - ui_qt.windows.dashboard_window_qt.repositories.settings_repository - INFO - Đã save settings vào C:\Users\lenovo\AppData\Roaming\DashboardQt\settings.json
2025-09-06 23:44:07,989 - ui_qt.windows.dashboard_window_qt.views.main_dashboard - INFO - Đã tạo icon: Bài tập đã nộp tại PySide6.QtCore.QPoint(20, 120)
2025-09-06 23:44:07,990 - ui_qt.windows.dashboard_window_qt.repositories.settings_repository - INFO - Đã save settings vào C:\Users\lenovo\AppData\Roaming\DashboardQt\settings.json
2025-09-06 23:44:07,990 - ui_qt.windows.dashboard_window_qt.views.main_dashboard - INFO - Đã tạo icon: Gợi ý bài tập tại PySide6.QtCore.QPoint(110, 120)
2025-09-06 23:44:07,991 - ui_qt.windows.dashboard_window_qt.repositories.settings_repository - INFO - Đã save settings vào C:\Users\lenovo\AppData\Roaming\DashboardQt\settings.json
2025-09-06 23:44:07,991 - ui_qt.windows.dashboard_window_qt.views.main_dashboard - INFO - Đã tạo icon: Tạo đề thi PDF tại PySide6.QtCore.QPoint(200, 120)
2025-09-06 23:44:07,992 - ui_qt.windows.dashboard_window_qt.repositories.settings_repository - INFO - Đã save settings vào C:\Users\lenovo\AppData\Roaming\DashboardQt\settings.json
2025-09-06 23:44:07,993 - ui_qt.windows.dashboard_window_qt.views.main_dashboard - INFO - Đã tạo icon: Cây thư mục bài tập tại PySide6.QtCore.QPoint(290, 120)
2025-09-06 23:44:07,994 - ui_qt.windows.dashboard_window_qt.repositories.settings_repository - INFO - Đã save settings vào C:\Users\lenovo\AppData\Roaming\DashboardQt\settings.json
2025-09-06 23:44:07,994 - ui_qt.windows.dashboard_window_qt.views.main_dashboard - INFO - Đã tạo icon: Báo cáo tiến độ tại PySide6.QtCore.QPoint(380, 120)
2025-09-06 23:44:07,995 - ui_qt.windows.dashboard_window_qt.repositories.settings_repository - INFO - Đã save settings vào C:\Users\lenovo\AppData\Roaming\DashboardQt\settings.json
2025-09-06 23:44:07,995 - ui_qt.windows.dashboard_window_qt.views.main_dashboard - INFO - Đã tạo icon: Báo cáo năng lực tại PySide6.QtCore.QPoint(470, 120)
2025-09-06 23:44:07,997 - ui_qt.windows.dashboard_window_qt.repositories.settings_repository - INFO - Đã save settings vào C:\Users\lenovo\AppData\Roaming\DashboardQt\settings.json
2025-09-06 23:44:07,997 - ui_qt.windows.dashboard_window_qt.views.main_dashboard - INFO - Đã tạo icon: Đánh giá kỹ năng tại PySide6.QtCore.QPoint(560, 120)
2025-09-06 23:44:07,998 - ui_qt.windows.dashboard_window_qt.repositories.settings_repository - INFO - Đã save settings vào C:\Users\lenovo\AppData\Roaming\DashboardQt\settings.json
2025-09-06 23:44:07,999 - ui_qt.windows.dashboard_window_qt.views.main_dashboard - INFO - Đã tạo icon: Gợi ý phân nhóm tại PySide6.QtCore.QPoint(650, 120)
2025-09-06 23:44:08,000 - ui_qt.windows.dashboard_window_qt.repositories.settings_repository - INFO - Đã save settings vào C:\Users\lenovo\AppData\Roaming\DashboardQt\settings.json
2025-09-06 23:44:08,000 - ui_qt.windows.dashboard_window_qt.views.main_dashboard - INFO - Đã tạo icon: Báo cáo học phí tại PySide6.QtCore.QPoint(20, 220)
2025-09-06 23:44:08,000 - ui_qt.windows.dashboard_window_qt.views.main_dashboard - INFO - Đã tạo thành công 17 icons
2025-09-06 23:44:08,022 - ui_qt.windows.dashboard_window_qt.views.main_dashboard - INFO - Dashboard window hiển thị thành công
2025-09-06 23:44:08,022 - __main__ - INFO - ✓ Dashboard loaded (main)
2025-09-06 23:44:08,060 - __main__ - INFO - Assets manager initialized
2025-09-06 23:44:08,062 - __main__ - INFO - Settings loaded
2025-09-06 23:44:08,070 - __main__ - INFO - All services initialized successfully
2025-09-06 23:44:08,072 - __main__ - INFO - ✓ Application ready - Starting event loop
2025-09-06 23:44:09,022 - ui_qt.windows.dashboard_window_qt.views.main_dashboard - INFO - === DEBUG DESKTOP ICONS ===
2025-09-06 23:44:09,022 - ui_qt.windows.dashboard_window_qt.views.main_dashboard - INFO - Desktop area type: <class 'ui_qt.windows.dashboard_window_qt.views.desktop.desktop_area.DesktopArea'>
2025-09-06 23:44:09,023 - ui_qt.windows.dashboard_window_qt.views.main_dashboard - INFO - Icon container exists: <PySide6.QtWidgets.QWidget(0x2d795c22a30) at 0x000002D7991CDF40>
2025-09-06 23:44:09,023 - ui_qt.windows.dashboard_window_qt.views.main_dashboard - INFO - Container visible: True
2025-09-06 23:44:09,023 - ui_qt.windows.dashboard_window_qt.views.main_dashboard - INFO - Container size: PySide6.QtCore.QSize(1536, 600)
2025-09-06 23:44:09,023 - ui_qt.windows.dashboard_window_qt.views.main_dashboard - INFO - Desktop icons count: 17
2025-09-06 23:44:09,023 - ui_qt.windows.dashboard_window_qt.views.main_dashboard - INFO -   - group_manager: visible=True, pos=PySide6.QtCore.QPoint(20, 20)
2025-09-06 23:44:09,023 - ui_qt.windows.dashboard_window_qt.views.main_dashboard - INFO -   - student_manager: visible=True, pos=PySide6.QtCore.QPoint(110, 20)
2025-09-06 23:44:09,023 - ui_qt.windows.dashboard_window_qt.views.main_dashboard - INFO -   - question_bank: visible=True, pos=PySide6.QtCore.QPoint(200, 20)
2025-09-06 23:44:09,023 - ui_qt.windows.dashboard_window_qt.views.main_dashboard - INFO -   - main_calendar: visible=True, pos=PySide6.QtCore.QPoint(290, 20)
2025-09-06 23:44:09,023 - ui_qt.windows.dashboard_window_qt.views.main_dashboard - INFO -   - package_manager: visible=True, pos=PySide6.QtCore.QPoint(380, 20)
2025-09-06 23:44:09,023 - ui_qt.windows.dashboard_window_qt.views.main_dashboard - INFO -   - attendance_report: visible=True, pos=PySide6.QtCore.QPoint(470, 20)
2025-09-06 23:44:09,024 - ui_qt.windows.dashboard_window_qt.views.main_dashboard - INFO -   - assign_exercise: visible=True, pos=PySide6.QtCore.QPoint(560, 20)
2025-09-06 23:44:09,024 - ui_qt.windows.dashboard_window_qt.views.main_dashboard - INFO -   - submit_exercise: visible=True, pos=PySide6.QtCore.QPoint(650, 20)
2025-09-06 23:44:09,024 - ui_qt.windows.dashboard_window_qt.views.main_dashboard - INFO -   - submitted_exercises: visible=True, pos=PySide6.QtCore.QPoint(20, 120)
2025-09-06 23:44:09,024 - ui_qt.windows.dashboard_window_qt.views.main_dashboard - INFO -   - exercise_suggestion: visible=True, pos=PySide6.QtCore.QPoint(110, 120)
2025-09-06 23:44:09,025 - ui_qt.windows.dashboard_window_qt.views.main_dashboard - INFO -   - create_test: visible=True, pos=PySide6.QtCore.QPoint(200, 120)
2025-09-06 23:44:09,025 - ui_qt.windows.dashboard_window_qt.views.main_dashboard - INFO -   - exercise_tree: visible=True, pos=PySide6.QtCore.QPoint(290, 120)
2025-09-06 23:44:09,025 - ui_qt.windows.dashboard_window_qt.views.main_dashboard - INFO -   - progress_report: visible=True, pos=PySide6.QtCore.QPoint(380, 120)
2025-09-06 23:44:09,025 - ui_qt.windows.dashboard_window_qt.views.main_dashboard - INFO -   - skill_report: visible=True, pos=PySide6.QtCore.QPoint(470, 120)
2025-09-06 23:44:09,025 - ui_qt.windows.dashboard_window_qt.views.main_dashboard - INFO -   - skill_rating: visible=True, pos=PySide6.QtCore.QPoint(560, 120)
2025-09-06 23:44:09,025 - ui_qt.windows.dashboard_window_qt.views.main_dashboard - INFO -   - group_suggestion: visible=True, pos=PySide6.QtCore.QPoint(650, 120)
2025-09-06 23:44:09,025 - ui_qt.windows.dashboard_window_qt.views.main_dashboard - INFO -   - salary_report: visible=True, pos=PySide6.QtCore.QPoint(20, 220)
2025-09-06 23:44:09,025 - ui_qt.windows.dashboard_window_qt.views.main_dashboard - INFO - === END DEBUG ===
2025-09-06 23:44:10,023 - ui_qt.windows.dashboard_window_qt.views.main_dashboard - INFO - === DEBUG DESKTOP STATE ===
2025-09-06 23:44:10,023 - ui_qt.windows.dashboard_window_qt.views.main_dashboard - INFO - Desktop area exists: True
2025-09-06 23:44:10,023 - ui_qt.windows.dashboard_window_qt.views.main_dashboard - INFO - Desktop area visible: True
2025-09-06 23:44:10,023 - ui_qt.windows.dashboard_window_qt.views.main_dashboard - INFO - Desktop area size: PySide6.QtCore.QSize(1536, 600)
2025-09-06 23:44:10,023 - ui_qt.windows.dashboard_window_qt.views.main_dashboard - INFO - Desktop area children: 2
2025-09-06 23:44:10,023 - ui_qt.windows.dashboard_window_qt.views.main_dashboard - INFO - Desktop icons count: 17
2025-09-06 23:44:10,023 - ui_qt.windows.dashboard_window_qt.views.main_dashboard - INFO -   - Icon group_manager: visible=True, pos=PySide6.QtCore.QPoint(20, 20), size=PySide6.QtCore.QSize(75, 90)
2025-09-06 23:44:10,023 - ui_qt.windows.dashboard_window_qt.views.main_dashboard - INFO -   - Icon student_manager: visible=True, pos=PySide6.QtCore.QPoint(110, 20), size=PySide6.QtCore.QSize(75, 90)
2025-09-06 23:44:10,023 - ui_qt.windows.dashboard_window_qt.views.main_dashboard - INFO -   - Icon question_bank: visible=True, pos=PySide6.QtCore.QPoint(200, 20), size=PySide6.QtCore.QSize(75, 90)
2025-09-06 23:44:10,023 - ui_qt.windows.dashboard_window_qt.views.main_dashboard - INFO -   - Icon main_calendar: visible=True, pos=PySide6.QtCore.QPoint(290, 20), size=PySide6.QtCore.QSize(75, 90)
2025-09-06 23:44:10,023 - ui_qt.windows.dashboard_window_qt.views.main_dashboard - INFO -   - Icon package_manager: visible=True, pos=PySide6.QtCore.QPoint(380, 20), size=PySide6.QtCore.QSize(75, 90)
2025-09-06 23:44:10,024 - ui_qt.windows.dashboard_window_qt.views.main_dashboard - INFO -   - Icon attendance_report: visible=True, pos=PySide6.QtCore.QPoint(470, 20), size=PySide6.QtCore.QSize(75, 90)
2025-09-06 23:44:10,024 - ui_qt.windows.dashboard_window_qt.views.main_dashboard - INFO -   - Icon assign_exercise: visible=True, pos=PySide6.QtCore.QPoint(560, 20), size=PySide6.QtCore.QSize(75, 90)
2025-09-06 23:44:10,024 - ui_qt.windows.dashboard_window_qt.views.main_dashboard - INFO -   - Icon submit_exercise: visible=True, pos=PySide6.QtCore.QPoint(650, 20), size=PySide6.QtCore.QSize(75, 90)
2025-09-06 23:44:10,024 - ui_qt.windows.dashboard_window_qt.views.main_dashboard - INFO -   - Icon submitted_exercises: visible=True, pos=PySide6.QtCore.QPoint(20, 120), size=PySide6.QtCore.QSize(75, 90)
2025-09-06 23:44:10,024 - ui_qt.windows.dashboard_window_qt.views.main_dashboard - INFO -   - Icon exercise_suggestion: visible=True, pos=PySide6.QtCore.QPoint(110, 120), size=PySide6.QtCore.QSize(75, 90)
2025-09-06 23:44:10,024 - ui_qt.windows.dashboard_window_qt.views.main_dashboard - INFO -   - Icon create_test: visible=True, pos=PySide6.QtCore.QPoint(200, 120), size=PySide6.QtCore.QSize(75, 90)
2025-09-06 23:44:10,024 - ui_qt.windows.dashboard_window_qt.views.main_dashboard - INFO -   - Icon exercise_tree: visible=True, pos=PySide6.QtCore.QPoint(290, 120), size=PySide6.QtCore.QSize(75, 90)
2025-09-06 23:44:10,024 - ui_qt.windows.dashboard_window_qt.views.main_dashboard - INFO -   - Icon progress_report: visible=True, pos=PySide6.QtCore.QPoint(380, 120), size=PySide6.QtCore.QSize(75, 90)
2025-09-06 23:44:10,024 - ui_qt.windows.dashboard_window_qt.views.main_dashboard - INFO -   - Icon skill_report: visible=True, pos=PySide6.QtCore.QPoint(470, 120), size=PySide6.QtCore.QSize(75, 90)
2025-09-06 23:44:10,024 - ui_qt.windows.dashboard_window_qt.views.main_dashboard - INFO -   - Icon skill_rating: visible=True, pos=PySide6.QtCore.QPoint(560, 120), size=PySide6.QtCore.QSize(75, 90)
2025-09-06 23:44:10,024 - ui_qt.windows.dashboard_window_qt.views.main_dashboard - INFO -   - Icon group_suggestion: visible=True, pos=PySide6.QtCore.QPoint(650, 120), size=PySide6.QtCore.QSize(75, 90)
2025-09-06 23:44:10,024 - ui_qt.windows.dashboard_window_qt.views.main_dashboard - INFO -   - Icon salary_report: visible=True, pos=PySide6.QtCore.QPoint(20, 220), size=PySide6.QtCore.QSize(75, 90)
2025-09-06 23:44:10,027 - ui_qt.windows.dashboard_window_qt.views.main_dashboard - INFO - Total apps in repository: 17
2025-09-06 23:44:10,027 - ui_qt.windows.dashboard_window_qt.repositories.app_repository - INFO - Storage path: dashboard_apps.json
2025-09-06 23:44:10,027 - ui_qt.windows.dashboard_window_qt.repositories.app_repository - INFO - Storage exists: True
2025-09-06 23:44:10,027 - ui_qt.windows.dashboard_window_qt.repositories.app_repository - INFO - Total apps in storage: 17
2025-09-06 23:44:10,028 - ui_qt.windows.dashboard_window_qt.repositories.app_repository - INFO - Apps with pinned=True: 17
2025-09-06 23:44:10,028 - ui_qt.windows.dashboard_window_qt.repositories.app_repository - INFO -   Pinned: student_manager (rank=9)
2025-09-06 23:44:10,028 - ui_qt.windows.dashboard_window_qt.repositories.app_repository - INFO -   Pinned: group_manager (rank=8)
2025-09-06 23:44:10,028 - ui_qt.windows.dashboard_window_qt.repositories.app_repository - INFO -   Pinned: package_manager (rank=0)
2025-09-06 23:44:10,028 - ui_qt.windows.dashboard_window_qt.repositories.app_repository - INFO -   Pinned: attendance_report (rank=0)
2025-09-06 23:44:10,028 - ui_qt.windows.dashboard_window_qt.repositories.app_repository - INFO -   Pinned: main_calendar (rank=10)
2025-09-06 23:44:10,028 - ui_qt.windows.dashboard_window_qt.repositories.app_repository - INFO - Returning 17 pinned apps
2025-09-06 23:44:10,028 - ui_qt.windows.dashboard_window_qt.views.main_dashboard - INFO - Pinned apps: 17
2025-09-06 23:44:10,028 - ui_qt.windows.dashboard_window_qt.views.main_dashboard - INFO -   - App 0: Quản lý học sinh (pinned: True)
2025-09-06 23:44:10,028 - ui_qt.windows.dashboard_window_qt.views.main_dashboard - INFO -   - App 1: Quản lý nhóm học (pinned: True)
2025-09-06 23:44:10,028 - ui_qt.windows.dashboard_window_qt.views.main_dashboard - INFO -   - App 2: Quản lý gói học (pinned: True)
2025-09-06 23:44:10,028 - ui_qt.windows.dashboard_window_qt.views.main_dashboard - INFO - === END DEBUG ===
