2025-09-07 10:20:51,452 - __main__ - INFO - ======================================================================
2025-09-07 10:20:51,453 - __main__ - INFO - 🚀 Starting Dashboard Desktop Application
2025-09-07 10:20:51,453 - __main__ - INFO - ======================================================================
2025-09-07 10:20:51,528 - __main__ - INFO - ✓ Application initialized
2025-09-07 10:20:53,511 - __main__ - INFO - ✓ Directory structure ready (mode: main)
2025-09-07 10:20:53,519 - __main__ - INFO - ✓ Database connected
2025-09-07 10:20:53,571 - ui_qt.windows.dashboard_window_qt.utils.assets - INFO - Assets manager đã khởi tạo
2025-09-07 10:20:53,579 - __main__ - INFO - Loading MainDashboard (Desktop-Style)...
2025-09-07 10:20:53,590 - ui_qt.windows.dashboard_window_qt.repositories.settings_repository - INFO - Đã load settings từ C:\Users\lenovo\AppData\Roaming\DashboardQt\settings.json
2025-09-07 10:20:53,592 - ui_qt.windows.dashboard_window_qt.services.desktop_service - INFO - Đã load vị trí 0 icons
2025-09-07 10:20:53,987 - ui_qt.windows.dashboard_window_qt.views.main_dashboard - INFO - Desktop area created successfully
2025-09-07 10:20:54,013 - ui_qt.windows.dashboard_window_qt.views.main_dashboard - INFO - Đang load desktop icons...
2025-09-07 10:20:54,014 - ui_qt.windows.dashboard_window_qt.repositories.app_repository - INFO - Storage path: dashboard_apps.json
2025-09-07 10:20:54,014 - ui_qt.windows.dashboard_window_qt.repositories.app_repository - INFO - Storage exists: True
2025-09-07 10:20:54,014 - ui_qt.windows.dashboard_window_qt.repositories.app_repository - INFO - Total apps in storage: 17
2025-09-07 10:20:54,014 - ui_qt.windows.dashboard_window_qt.views.main_dashboard - INFO - Got 17 pinned apps from repository
2025-09-07 10:20:54,014 - ui_qt.windows.dashboard_window_qt.views.main_dashboard - WARNING - Have 17 apps but may only show some!
2025-09-07 10:20:54,015 - ui_qt.windows.dashboard_window_qt.views.main_dashboard - INFO - Sẽ load 17 icons lên desktop
2025-09-07 10:20:54,095 - ui_qt.windows.dashboard_window_qt.views.main_dashboard - INFO - Đã tạo thành công 17 icons
2025-09-07 10:20:54,115 - ui_qt.windows.dashboard_window_qt.views.main_dashboard - INFO - Đã set wallpaper cho desktop area: C:/Users/lenovo/Downloads/hinh-nen-may-tinh-6.jpg
2025-09-07 10:20:54,135 - ui_qt.windows.dashboard_window_qt.views.main_dashboard - INFO - Đã set wallpaper cho desktop area: C:/Users/lenovo/Downloads/hinh-nen-may-tinh-6.jpg
2025-09-07 10:20:54,638 - ui_qt.windows.dashboard_window_qt.views.main_dashboard - INFO - Dashboard window hiển thị thành công
2025-09-07 10:20:54,638 - __main__ - INFO - ✓ Dashboard loaded (main)
2025-09-07 10:20:55,140 - ui_qt.windows.dashboard_window_qt.views.main_dashboard - INFO - Đã set wallpaper cho desktop area: C:/Users/lenovo/Downloads/hinh-nen-may-tinh-6.jpg
2025-09-07 10:20:55,197 - __main__ - INFO - Assets manager initialized
2025-09-07 10:20:55,201 - __main__ - INFO - Settings loaded
2025-09-07 10:20:55,209 - __main__ - INFO - All services initialized successfully
2025-09-07 10:20:55,212 - __main__ - INFO - ✓ Application ready - Starting event loop
2025-09-07 10:20:56,844 - ui_qt.windows.dashboard_window_qt.views.main_dashboard - INFO - Đã set wallpaper cho desktop area: C:/Users/lenovo/Downloads/hinh-nen-may-tinh-6.jpg
