2025-09-07 00:07:02,366 - __main__ - INFO - ======================================================================
2025-09-07 00:07:02,366 - __main__ - INFO - 🚀 Starting Dashboard Desktop Application
2025-09-07 00:07:02,367 - __main__ - INFO - ======================================================================
2025-09-07 00:07:02,421 - __main__ - INFO - ✓ Application initialized
2025-09-07 00:07:04,210 - __main__ - INFO - ✓ Directory structure ready (mode: main)
2025-09-07 00:07:04,219 - __main__ - INFO - ✓ Database connected
2025-09-07 00:07:04,274 - ui_qt.windows.dashboard_window_qt.utils.assets - INFO - Assets manager đã khởi tạo
2025-09-07 00:07:04,279 - __main__ - INFO - Loading MainDashboard (Desktop-Style)...
2025-09-07 00:07:04,289 - ui_qt.windows.dashboard_window_qt.repositories.settings_repository - INFO - Đã load settings từ C:\Users\lenovo\AppData\Roaming\DashboardQt\settings.json
2025-09-07 00:07:04,290 - ui_qt.windows.dashboard_window_qt.services.desktop_service - INFO - Đã load vị trí 0 icons
2025-09-07 00:07:04,304 - ui_qt.windows.dashboard_window_qt.repositories.settings_repository - INFO - Đã save settings vào C:\Users\lenovo\AppData\Roaming\DashboardQt\settings.json
2025-09-07 00:07:04,304 - ui_qt.windows.dashboard_window_qt.views.desktop.desktop_area - INFO - Wallpaper set: default (mode: fill)
2025-09-07 00:07:04,304 - ui_qt.windows.dashboard_window_qt.views.desktop.desktop_area - INFO - Desktop settings loaded
2025-09-07 00:07:04,305 - ui_qt.windows.dashboard_window_qt.views.desktop.desktop_area - INFO - Desktop Area initialized
2025-09-07 00:07:04,327 - ui_qt.windows.dashboard_window_qt.views.main_dashboard - INFO - Đang load desktop icons...
2025-09-07 00:07:04,327 - ui_qt.windows.dashboard_window_qt.repositories.app_repository - INFO - Storage path: dashboard_apps.json
2025-09-07 00:07:04,327 - ui_qt.windows.dashboard_window_qt.repositories.app_repository - INFO - Storage exists: True
2025-09-07 00:07:04,327 - ui_qt.windows.dashboard_window_qt.repositories.app_repository - INFO - Total apps in storage: 17
2025-09-07 00:07:04,328 - ui_qt.windows.dashboard_window_qt.repositories.app_repository - INFO - Apps with pinned=True: 17
2025-09-07 00:07:04,328 - ui_qt.windows.dashboard_window_qt.repositories.app_repository - INFO -   Pinned: student_manager (rank=9)
2025-09-07 00:07:04,328 - ui_qt.windows.dashboard_window_qt.repositories.app_repository - INFO -   Pinned: group_manager (rank=8)
2025-09-07 00:07:04,328 - ui_qt.windows.dashboard_window_qt.repositories.app_repository - INFO -   Pinned: package_manager (rank=0)
2025-09-07 00:07:04,328 - ui_qt.windows.dashboard_window_qt.repositories.app_repository - INFO -   Pinned: attendance_report (rank=0)
2025-09-07 00:07:04,328 - ui_qt.windows.dashboard_window_qt.repositories.app_repository - INFO -   Pinned: main_calendar (rank=10)
2025-09-07 00:07:04,328 - ui_qt.windows.dashboard_window_qt.repositories.app_repository - INFO - Returning 17 pinned apps
2025-09-07 00:07:04,328 - ui_qt.windows.dashboard_window_qt.views.main_dashboard - INFO - Got 17 pinned apps from repository
2025-09-07 00:07:04,328 - ui_qt.windows.dashboard_window_qt.views.main_dashboard - INFO -   App 0: group_manager
2025-09-07 00:07:04,328 - ui_qt.windows.dashboard_window_qt.views.main_dashboard - INFO -   App 1: student_manager
2025-09-07 00:07:04,328 - ui_qt.windows.dashboard_window_qt.views.main_dashboard - INFO -   App 2: question_bank
2025-09-07 00:07:04,328 - ui_qt.windows.dashboard_window_qt.views.main_dashboard - INFO -   App 3: main_calendar
2025-09-07 00:07:04,328 - ui_qt.windows.dashboard_window_qt.views.main_dashboard - INFO -   App 4: package_manager
2025-09-07 00:07:04,328 - ui_qt.windows.dashboard_window_qt.views.main_dashboard - INFO -   App 5: attendance_report
2025-09-07 00:07:04,328 - ui_qt.windows.dashboard_window_qt.views.main_dashboard - INFO -   App 6: assign_exercise
2025-09-07 00:07:04,328 - ui_qt.windows.dashboard_window_qt.views.main_dashboard - INFO -   App 7: submit_exercise
2025-09-07 00:07:04,328 - ui_qt.windows.dashboard_window_qt.views.main_dashboard - INFO -   App 8: submitted_exercises
2025-09-07 00:07:04,328 - ui_qt.windows.dashboard_window_qt.views.main_dashboard - INFO -   App 9: exercise_suggestion
2025-09-07 00:07:04,328 - ui_qt.windows.dashboard_window_qt.views.main_dashboard - INFO -   App 10: create_test
2025-09-07 00:07:04,328 - ui_qt.windows.dashboard_window_qt.views.main_dashboard - INFO -   App 11: exercise_tree
2025-09-07 00:07:04,328 - ui_qt.windows.dashboard_window_qt.views.main_dashboard - INFO -   App 12: progress_report
2025-09-07 00:07:04,328 - ui_qt.windows.dashboard_window_qt.views.main_dashboard - INFO -   App 13: skill_report
2025-09-07 00:07:04,328 - ui_qt.windows.dashboard_window_qt.views.main_dashboard - INFO -   App 14: skill_rating
2025-09-07 00:07:04,328 - ui_qt.windows.dashboard_window_qt.views.main_dashboard - INFO -   App 15: group_suggestion
2025-09-07 00:07:04,328 - ui_qt.windows.dashboard_window_qt.views.main_dashboard - INFO -   App 16: salary_report
2025-09-07 00:07:04,328 - ui_qt.windows.dashboard_window_qt.views.main_dashboard - WARNING - Have 17 apps but may only show some!
2025-09-07 00:07:04,328 - ui_qt.windows.dashboard_window_qt.views.main_dashboard - INFO - Sẽ load 17 icons lên desktop
2025-09-07 00:07:04,335 - ui_qt.windows.dashboard_window_qt.repositories.settings_repository - INFO - Đã save settings vào C:\Users\lenovo\AppData\Roaming\DashboardQt\settings.json
2025-09-07 00:07:04,335 - ui_qt.windows.dashboard_window_qt.views.main_dashboard - INFO - Đã tạo icon: Quản lý nhóm học tại PySide6.QtCore.QPoint(20, 20)
2025-09-07 00:07:04,337 - ui_qt.windows.dashboard_window_qt.repositories.settings_repository - INFO - Đã save settings vào C:\Users\lenovo\AppData\Roaming\DashboardQt\settings.json
2025-09-07 00:07:04,337 - ui_qt.windows.dashboard_window_qt.views.main_dashboard - INFO - Đã tạo icon: Quản lý học sinh tại PySide6.QtCore.QPoint(110, 20)
2025-09-07 00:07:04,339 - ui_qt.windows.dashboard_window_qt.repositories.settings_repository - INFO - Đã save settings vào C:\Users\lenovo\AppData\Roaming\DashboardQt\settings.json
2025-09-07 00:07:04,339 - ui_qt.windows.dashboard_window_qt.views.main_dashboard - INFO - Đã tạo icon: Ngân hàng câu hỏi tại PySide6.QtCore.QPoint(200, 20)
2025-09-07 00:07:04,340 - ui_qt.windows.dashboard_window_qt.repositories.settings_repository - INFO - Đã save settings vào C:\Users\lenovo\AppData\Roaming\DashboardQt\settings.json
2025-09-07 00:07:04,341 - ui_qt.windows.dashboard_window_qt.views.main_dashboard - INFO - Đã tạo icon: Lịch dạy (Main) tại PySide6.QtCore.QPoint(290, 20)
2025-09-07 00:07:04,342 - ui_qt.windows.dashboard_window_qt.repositories.settings_repository - INFO - Đã save settings vào C:\Users\lenovo\AppData\Roaming\DashboardQt\settings.json
2025-09-07 00:07:04,342 - ui_qt.windows.dashboard_window_qt.views.main_dashboard - INFO - Đã tạo icon: Quản lý gói học tại PySide6.QtCore.QPoint(380, 20)
2025-09-07 00:07:04,344 - ui_qt.windows.dashboard_window_qt.repositories.settings_repository - INFO - Đã save settings vào C:\Users\lenovo\AppData\Roaming\DashboardQt\settings.json
2025-09-07 00:07:04,344 - ui_qt.windows.dashboard_window_qt.views.main_dashboard - INFO - Đã tạo icon: Báo cáo chuyên cần tại PySide6.QtCore.QPoint(470, 20)
2025-09-07 00:07:04,345 - ui_qt.windows.dashboard_window_qt.repositories.settings_repository - INFO - Đã save settings vào C:\Users\lenovo\AppData\Roaming\DashboardQt\settings.json
2025-09-07 00:07:04,345 - ui_qt.windows.dashboard_window_qt.views.main_dashboard - INFO - Đã tạo icon: Giao bài tập tại PySide6.QtCore.QPoint(560, 20)
2025-09-07 00:07:04,347 - ui_qt.windows.dashboard_window_qt.repositories.settings_repository - INFO - Đã save settings vào C:\Users\lenovo\AppData\Roaming\DashboardQt\settings.json
2025-09-07 00:07:04,347 - ui_qt.windows.dashboard_window_qt.views.main_dashboard - INFO - Đã tạo icon: Nộp bài tập tại PySide6.QtCore.QPoint(650, 20)
2025-09-07 00:07:04,348 - ui_qt.windows.dashboard_window_qt.repositories.settings_repository - INFO - Đã save settings vào C:\Users\lenovo\AppData\Roaming\DashboardQt\settings.json
2025-09-07 00:07:04,349 - ui_qt.windows.dashboard_window_qt.views.main_dashboard - INFO - Đã tạo icon: Bài tập đã nộp tại PySide6.QtCore.QPoint(20, 120)
2025-09-07 00:07:04,350 - ui_qt.windows.dashboard_window_qt.repositories.settings_repository - INFO - Đã save settings vào C:\Users\lenovo\AppData\Roaming\DashboardQt\settings.json
2025-09-07 00:07:04,350 - ui_qt.windows.dashboard_window_qt.views.main_dashboard - INFO - Đã tạo icon: Gợi ý bài tập tại PySide6.QtCore.QPoint(110, 120)
2025-09-07 00:07:04,352 - ui_qt.windows.dashboard_window_qt.repositories.settings_repository - INFO - Đã save settings vào C:\Users\lenovo\AppData\Roaming\DashboardQt\settings.json
2025-09-07 00:07:04,352 - ui_qt.windows.dashboard_window_qt.views.main_dashboard - INFO - Đã tạo icon: Tạo đề thi PDF tại PySide6.QtCore.QPoint(200, 120)
2025-09-07 00:07:04,354 - ui_qt.windows.dashboard_window_qt.repositories.settings_repository - INFO - Đã save settings vào C:\Users\lenovo\AppData\Roaming\DashboardQt\settings.json
2025-09-07 00:07:04,354 - ui_qt.windows.dashboard_window_qt.views.main_dashboard - INFO - Đã tạo icon: Cây thư mục bài tập tại PySide6.QtCore.QPoint(290, 120)
2025-09-07 00:07:04,356 - ui_qt.windows.dashboard_window_qt.repositories.settings_repository - INFO - Đã save settings vào C:\Users\lenovo\AppData\Roaming\DashboardQt\settings.json
2025-09-07 00:07:04,356 - ui_qt.windows.dashboard_window_qt.views.main_dashboard - INFO - Đã tạo icon: Báo cáo tiến độ tại PySide6.QtCore.QPoint(380, 120)
2025-09-07 00:07:04,358 - ui_qt.windows.dashboard_window_qt.repositories.settings_repository - INFO - Đã save settings vào C:\Users\lenovo\AppData\Roaming\DashboardQt\settings.json
2025-09-07 00:07:04,358 - ui_qt.windows.dashboard_window_qt.views.main_dashboard - INFO - Đã tạo icon: Báo cáo năng lực tại PySide6.QtCore.QPoint(470, 120)
2025-09-07 00:07:04,359 - ui_qt.windows.dashboard_window_qt.repositories.settings_repository - INFO - Đã save settings vào C:\Users\lenovo\AppData\Roaming\DashboardQt\settings.json
2025-09-07 00:07:04,359 - ui_qt.windows.dashboard_window_qt.views.main_dashboard - INFO - Đã tạo icon: Đánh giá kỹ năng tại PySide6.QtCore.QPoint(560, 120)
2025-09-07 00:07:04,361 - ui_qt.windows.dashboard_window_qt.repositories.settings_repository - INFO - Đã save settings vào C:\Users\lenovo\AppData\Roaming\DashboardQt\settings.json
2025-09-07 00:07:04,361 - ui_qt.windows.dashboard_window_qt.views.main_dashboard - INFO - Đã tạo icon: Gợi ý phân nhóm tại PySide6.QtCore.QPoint(650, 120)
2025-09-07 00:07:04,363 - ui_qt.windows.dashboard_window_qt.repositories.settings_repository - INFO - Đã save settings vào C:\Users\lenovo\AppData\Roaming\DashboardQt\settings.json
2025-09-07 00:07:04,363 - ui_qt.windows.dashboard_window_qt.views.main_dashboard - INFO - Đã tạo icon: Báo cáo học phí tại PySide6.QtCore.QPoint(20, 220)
2025-09-07 00:07:04,363 - ui_qt.windows.dashboard_window_qt.views.main_dashboard - INFO - Đã tạo thành công 17 icons
2025-09-07 00:07:04,370 - ui_qt.windows.dashboard_window_qt.views.main_dashboard - INFO - Đang load desktop icons...
2025-09-07 00:07:04,370 - ui_qt.windows.dashboard_window_qt.repositories.app_repository - INFO - Storage path: dashboard_apps.json
2025-09-07 00:07:04,370 - ui_qt.windows.dashboard_window_qt.repositories.app_repository - INFO - Storage exists: True
2025-09-07 00:07:04,371 - ui_qt.windows.dashboard_window_qt.repositories.app_repository - INFO - Total apps in storage: 17
2025-09-07 00:07:04,371 - ui_qt.windows.dashboard_window_qt.repositories.app_repository - INFO - Apps with pinned=True: 17
2025-09-07 00:07:04,371 - ui_qt.windows.dashboard_window_qt.repositories.app_repository - INFO -   Pinned: student_manager (rank=9)
2025-09-07 00:07:04,371 - ui_qt.windows.dashboard_window_qt.repositories.app_repository - INFO -   Pinned: group_manager (rank=8)
2025-09-07 00:07:04,371 - ui_qt.windows.dashboard_window_qt.repositories.app_repository - INFO -   Pinned: package_manager (rank=0)
2025-09-07 00:07:04,371 - ui_qt.windows.dashboard_window_qt.repositories.app_repository - INFO -   Pinned: attendance_report (rank=0)
2025-09-07 00:07:04,371 - ui_qt.windows.dashboard_window_qt.repositories.app_repository - INFO -   Pinned: main_calendar (rank=10)
2025-09-07 00:07:04,371 - ui_qt.windows.dashboard_window_qt.repositories.app_repository - INFO - Returning 17 pinned apps
2025-09-07 00:07:04,371 - ui_qt.windows.dashboard_window_qt.views.main_dashboard - INFO - Got 17 pinned apps from repository
2025-09-07 00:07:04,371 - ui_qt.windows.dashboard_window_qt.views.main_dashboard - INFO -   App 0: group_manager
2025-09-07 00:07:04,371 - ui_qt.windows.dashboard_window_qt.views.main_dashboard - INFO -   App 1: student_manager
2025-09-07 00:07:04,371 - ui_qt.windows.dashboard_window_qt.views.main_dashboard - INFO -   App 2: question_bank
2025-09-07 00:07:04,371 - ui_qt.windows.dashboard_window_qt.views.main_dashboard - INFO -   App 3: main_calendar
2025-09-07 00:07:04,371 - ui_qt.windows.dashboard_window_qt.views.main_dashboard - INFO -   App 4: package_manager
2025-09-07 00:07:04,371 - ui_qt.windows.dashboard_window_qt.views.main_dashboard - INFO -   App 5: attendance_report
2025-09-07 00:07:04,372 - ui_qt.windows.dashboard_window_qt.views.main_dashboard - INFO -   App 6: assign_exercise
2025-09-07 00:07:04,372 - ui_qt.windows.dashboard_window_qt.views.main_dashboard - INFO -   App 7: submit_exercise
2025-09-07 00:07:04,372 - ui_qt.windows.dashboard_window_qt.views.main_dashboard - INFO -   App 8: submitted_exercises
2025-09-07 00:07:04,372 - ui_qt.windows.dashboard_window_qt.views.main_dashboard - INFO -   App 9: exercise_suggestion
2025-09-07 00:07:04,372 - ui_qt.windows.dashboard_window_qt.views.main_dashboard - INFO -   App 10: create_test
2025-09-07 00:07:04,372 - ui_qt.windows.dashboard_window_qt.views.main_dashboard - INFO -   App 11: exercise_tree
2025-09-07 00:07:04,372 - ui_qt.windows.dashboard_window_qt.views.main_dashboard - INFO -   App 12: progress_report
2025-09-07 00:07:04,372 - ui_qt.windows.dashboard_window_qt.views.main_dashboard - INFO -   App 13: skill_report
2025-09-07 00:07:04,372 - ui_qt.windows.dashboard_window_qt.views.main_dashboard - INFO -   App 14: skill_rating
2025-09-07 00:07:04,372 - ui_qt.windows.dashboard_window_qt.views.main_dashboard - INFO -   App 15: group_suggestion
2025-09-07 00:07:04,372 - ui_qt.windows.dashboard_window_qt.views.main_dashboard - INFO -   App 16: salary_report
2025-09-07 00:07:04,372 - ui_qt.windows.dashboard_window_qt.views.main_dashboard - WARNING - Have 17 apps but may only show some!
2025-09-07 00:07:04,372 - ui_qt.windows.dashboard_window_qt.views.main_dashboard - INFO - Sẽ load 17 icons lên desktop
2025-09-07 00:07:04,373 - ui_qt.windows.dashboard_window_qt.repositories.settings_repository - INFO - Đã save settings vào C:\Users\lenovo\AppData\Roaming\DashboardQt\settings.json
2025-09-07 00:07:04,373 - ui_qt.windows.dashboard_window_qt.views.main_dashboard - INFO - Đã tạo icon: Quản lý nhóm học tại PySide6.QtCore.QPoint(20, 20)
2025-09-07 00:07:04,375 - ui_qt.windows.dashboard_window_qt.repositories.settings_repository - INFO - Đã save settings vào C:\Users\lenovo\AppData\Roaming\DashboardQt\settings.json
2025-09-07 00:07:04,376 - ui_qt.windows.dashboard_window_qt.views.main_dashboard - INFO - Đã tạo icon: Quản lý học sinh tại PySide6.QtCore.QPoint(110, 20)
2025-09-07 00:07:04,377 - ui_qt.windows.dashboard_window_qt.repositories.settings_repository - INFO - Đã save settings vào C:\Users\lenovo\AppData\Roaming\DashboardQt\settings.json
2025-09-07 00:07:04,377 - ui_qt.windows.dashboard_window_qt.views.main_dashboard - INFO - Đã tạo icon: Ngân hàng câu hỏi tại PySide6.QtCore.QPoint(200, 20)
2025-09-07 00:07:04,378 - ui_qt.windows.dashboard_window_qt.repositories.settings_repository - INFO - Đã save settings vào C:\Users\lenovo\AppData\Roaming\DashboardQt\settings.json
2025-09-07 00:07:04,379 - ui_qt.windows.dashboard_window_qt.views.main_dashboard - INFO - Đã tạo icon: Lịch dạy (Main) tại PySide6.QtCore.QPoint(290, 20)
2025-09-07 00:07:04,380 - ui_qt.windows.dashboard_window_qt.repositories.settings_repository - INFO - Đã save settings vào C:\Users\lenovo\AppData\Roaming\DashboardQt\settings.json
2025-09-07 00:07:04,380 - ui_qt.windows.dashboard_window_qt.views.main_dashboard - INFO - Đã tạo icon: Quản lý gói học tại PySide6.QtCore.QPoint(380, 20)
2025-09-07 00:07:04,381 - ui_qt.windows.dashboard_window_qt.repositories.settings_repository - INFO - Đã save settings vào C:\Users\lenovo\AppData\Roaming\DashboardQt\settings.json
2025-09-07 00:07:04,381 - ui_qt.windows.dashboard_window_qt.views.main_dashboard - INFO - Đã tạo icon: Báo cáo chuyên cần tại PySide6.QtCore.QPoint(470, 20)
2025-09-07 00:07:04,382 - ui_qt.windows.dashboard_window_qt.repositories.settings_repository - INFO - Đã save settings vào C:\Users\lenovo\AppData\Roaming\DashboardQt\settings.json
2025-09-07 00:07:04,382 - ui_qt.windows.dashboard_window_qt.views.main_dashboard - INFO - Đã tạo icon: Giao bài tập tại PySide6.QtCore.QPoint(560, 20)
2025-09-07 00:07:04,384 - ui_qt.windows.dashboard_window_qt.repositories.settings_repository - INFO - Đã save settings vào C:\Users\lenovo\AppData\Roaming\DashboardQt\settings.json
2025-09-07 00:07:04,384 - ui_qt.windows.dashboard_window_qt.views.main_dashboard - INFO - Đã tạo icon: Nộp bài tập tại PySide6.QtCore.QPoint(650, 20)
2025-09-07 00:07:04,386 - ui_qt.windows.dashboard_window_qt.repositories.settings_repository - INFO - Đã save settings vào C:\Users\lenovo\AppData\Roaming\DashboardQt\settings.json
2025-09-07 00:07:04,386 - ui_qt.windows.dashboard_window_qt.views.main_dashboard - INFO - Đã tạo icon: Bài tập đã nộp tại PySide6.QtCore.QPoint(20, 120)
2025-09-07 00:07:04,387 - ui_qt.windows.dashboard_window_qt.repositories.settings_repository - INFO - Đã save settings vào C:\Users\lenovo\AppData\Roaming\DashboardQt\settings.json
2025-09-07 00:07:04,387 - ui_qt.windows.dashboard_window_qt.views.main_dashboard - INFO - Đã tạo icon: Gợi ý bài tập tại PySide6.QtCore.QPoint(110, 120)
2025-09-07 00:07:04,388 - ui_qt.windows.dashboard_window_qt.repositories.settings_repository - INFO - Đã save settings vào C:\Users\lenovo\AppData\Roaming\DashboardQt\settings.json
2025-09-07 00:07:04,389 - ui_qt.windows.dashboard_window_qt.views.main_dashboard - INFO - Đã tạo icon: Tạo đề thi PDF tại PySide6.QtCore.QPoint(200, 120)
2025-09-07 00:07:04,390 - ui_qt.windows.dashboard_window_qt.repositories.settings_repository - INFO - Đã save settings vào C:\Users\lenovo\AppData\Roaming\DashboardQt\settings.json
2025-09-07 00:07:04,390 - ui_qt.windows.dashboard_window_qt.views.main_dashboard - INFO - Đã tạo icon: Cây thư mục bài tập tại PySide6.QtCore.QPoint(290, 120)
2025-09-07 00:07:04,391 - ui_qt.windows.dashboard_window_qt.repositories.settings_repository - INFO - Đã save settings vào C:\Users\lenovo\AppData\Roaming\DashboardQt\settings.json
2025-09-07 00:07:04,391 - ui_qt.windows.dashboard_window_qt.views.main_dashboard - INFO - Đã tạo icon: Báo cáo tiến độ tại PySide6.QtCore.QPoint(380, 120)
2025-09-07 00:07:04,392 - ui_qt.windows.dashboard_window_qt.repositories.settings_repository - INFO - Đã save settings vào C:\Users\lenovo\AppData\Roaming\DashboardQt\settings.json
2025-09-07 00:07:04,392 - ui_qt.windows.dashboard_window_qt.views.main_dashboard - INFO - Đã tạo icon: Báo cáo năng lực tại PySide6.QtCore.QPoint(470, 120)
2025-09-07 00:07:04,393 - ui_qt.windows.dashboard_window_qt.repositories.settings_repository - INFO - Đã save settings vào C:\Users\lenovo\AppData\Roaming\DashboardQt\settings.json
2025-09-07 00:07:04,394 - ui_qt.windows.dashboard_window_qt.views.main_dashboard - INFO - Đã tạo icon: Đánh giá kỹ năng tại PySide6.QtCore.QPoint(560, 120)
2025-09-07 00:07:04,395 - ui_qt.windows.dashboard_window_qt.repositories.settings_repository - INFO - Đã save settings vào C:\Users\lenovo\AppData\Roaming\DashboardQt\settings.json
2025-09-07 00:07:04,395 - ui_qt.windows.dashboard_window_qt.views.main_dashboard - INFO - Đã tạo icon: Gợi ý phân nhóm tại PySide6.QtCore.QPoint(650, 120)
2025-09-07 00:07:04,396 - ui_qt.windows.dashboard_window_qt.repositories.settings_repository - INFO - Đã save settings vào C:\Users\lenovo\AppData\Roaming\DashboardQt\settings.json
2025-09-07 00:07:04,396 - ui_qt.windows.dashboard_window_qt.views.main_dashboard - INFO - Đã tạo icon: Báo cáo học phí tại PySide6.QtCore.QPoint(20, 220)
2025-09-07 00:07:04,396 - ui_qt.windows.dashboard_window_qt.views.main_dashboard - INFO - Đã tạo thành công 17 icons
2025-09-07 00:07:04,396 - ui_qt.windows.dashboard_window_qt.views.main_dashboard - INFO - Đã load desktop items
2025-09-07 00:07:04,402 - ui_qt.windows.dashboard_window_qt.repositories.settings_repository - INFO - Đã save settings vào C:\Users\lenovo\AppData\Roaming\DashboardQt\settings.json
2025-09-07 00:07:04,402 - ui_qt.windows.dashboard_window_qt.views.desktop.desktop_area - INFO - Wallpaper set: default (mode: fill)
2025-09-07 00:07:04,402 - ui_qt.windows.dashboard_window_qt.views.main_dashboard - INFO - Đã set wallpaper cho desktop area: default
2025-09-07 00:07:04,402 - __main__ - ERROR - Failed to load dashboard: 'GeneralSettings' object has no attribute 'start_maximized'
2025-09-07 00:07:04,416 - __main__ - ERROR - ✗ Failed to create window: 'GeneralSettings' object has no attribute 'start_maximized'
