2025-09-04 02:45:42,312 - __main__ - INFO - ======================================================================
2025-09-04 02:45:42,312 - __main__ - INFO - 🚀 Starting Dashboard Desktop Application
2025-09-04 02:45:42,312 - __main__ - INFO - ======================================================================
2025-09-04 02:45:42,341 - __main__ - INFO - ✓ Application initialized
2025-09-04 02:45:46,285 - __main__ - INFO - ✓ Directory structure ready (mode: main)
2025-09-04 02:45:46,293 - __main__ - INFO - ✓ Database connected
2025-09-04 02:45:46,349 - ui_qt.windows.dashboard_window_qt.utils.assets - INFO - Assets manager đã khởi tạo
2025-09-04 02:45:46,368 - __main__ - INFO - Loading MainDashboard (Desktop-Style)...
2025-09-04 02:45:46,378 - ui_qt.windows.dashboard_window_qt.repositories.settings_repository - INFO - Đã load settings từ C:\Users\lenovo\AppData\Roaming\DashboardQt\settings.json
2025-09-04 02:45:46,388 - ui_qt.windows.dashboard_window_qt.services.desktop_service - INFO - Đã load vị trí 4 icons
2025-09-04 02:45:46,407 - ui_qt.windows.dashboard_window_qt.views.main_dashboard - WARNING - Desktop area module not found, using basic MDI
2025-09-04 02:45:46,434 - ui_qt.windows.dashboard_window_qt.views.main_dashboard - INFO - Desktop icon added: student_manager
2025-09-04 02:45:46,435 - ui_qt.windows.dashboard_window_qt.repositories.settings_repository - INFO - Đã save settings vào C:\Users\lenovo\AppData\Roaming\DashboardQt\settings.json
2025-09-04 02:45:46,435 - ui_qt.windows.dashboard_window_qt.services.desktop_service - INFO - Đã lưu vị trí 1 icons
2025-09-04 02:45:46,435 - ui_qt.windows.dashboard_window_qt.services.desktop_service - INFO - Đã thêm icon: student_manager
2025-09-04 02:45:46,435 - ui_qt.windows.dashboard_window_qt.views.main_dashboard - INFO - Desktop icon added: group_manager
2025-09-04 02:45:46,436 - ui_qt.windows.dashboard_window_qt.repositories.settings_repository - INFO - Đã save settings vào C:\Users\lenovo\AppData\Roaming\DashboardQt\settings.json
2025-09-04 02:45:46,436 - ui_qt.windows.dashboard_window_qt.services.desktop_service - INFO - Đã lưu vị trí 2 icons
2025-09-04 02:45:46,436 - ui_qt.windows.dashboard_window_qt.services.desktop_service - INFO - Đã thêm icon: group_manager
2025-09-04 02:45:46,436 - ui_qt.windows.dashboard_window_qt.views.main_dashboard - INFO - Desktop icon added: main_calendar
2025-09-04 02:45:46,437 - ui_qt.windows.dashboard_window_qt.repositories.settings_repository - INFO - Đã save settings vào C:\Users\lenovo\AppData\Roaming\DashboardQt\settings.json
2025-09-04 02:45:46,437 - ui_qt.windows.dashboard_window_qt.services.desktop_service - INFO - Đã lưu vị trí 3 icons
2025-09-04 02:45:46,437 - ui_qt.windows.dashboard_window_qt.services.desktop_service - INFO - Đã thêm icon: main_calendar
2025-09-04 02:45:46,437 - ui_qt.windows.dashboard_window_qt.views.main_dashboard - INFO - Desktop icon added: question_bank
2025-09-04 02:45:46,437 - ui_qt.windows.dashboard_window_qt.repositories.settings_repository - INFO - Đã save settings vào C:\Users\lenovo\AppData\Roaming\DashboardQt\settings.json
2025-09-04 02:45:46,437 - ui_qt.windows.dashboard_window_qt.services.desktop_service - INFO - Đã lưu vị trí 4 icons
2025-09-04 02:45:46,438 - ui_qt.windows.dashboard_window_qt.services.desktop_service - INFO - Đã thêm icon: question_bank
2025-09-04 02:45:46,465 - __main__ - INFO - ✓ Dashboard loaded (main)
2025-09-04 02:45:46,519 - __main__ - INFO - Assets manager initialized
2025-09-04 02:45:46,535 - __main__ - INFO - Settings loaded
2025-09-04 02:45:46,576 - __main__ - INFO - All services initialized successfully
2025-09-04 02:45:46,580 - __main__ - INFO - ✓ Application ready - Starting event loop
2025-09-04 02:45:53,848 - ui_qt.windows.dashboard_window_qt.repositories.settings_repository - INFO - Đã save settings vào C:\Users\lenovo\AppData\Roaming\DashboardQt\settings.json
2025-09-04 02:45:53,849 - ui_qt.windows.dashboard_window_qt.repositories.settings_repository - INFO - Đã save settings vào C:\Users\lenovo\AppData\Roaming\DashboardQt\settings.json
2025-09-04 02:45:53,849 - ui_qt.windows.dashboard_window_qt.services.desktop_service - INFO - Đã lưu vị trí 4 icons
2025-09-04 02:45:53,872 - ui_qt.windows.dashboard_window_qt.services.app_launcher_service - INFO - Cleaning up app launcher service...
2025-09-04 02:45:53,872 - __main__ - INFO - Shutting down application...
2025-09-04 02:45:53,873 - ui_qt.windows.dashboard_window_qt.repositories.settings_repository - INFO - Đã save settings vào C:\Users\lenovo\AppData\Roaming\DashboardQt\settings.json
2025-09-04 02:45:53,873 - ui_qt.windows.dashboard_window_qt.repositories.settings_repository - INFO - Đã save settings vào C:\Users\lenovo\AppData\Roaming\DashboardQt\settings.json
2025-09-04 02:45:53,873 - ui_qt.windows.dashboard_window_qt.services.desktop_service - INFO - Đã lưu vị trí 4 icons
2025-09-04 02:45:53,873 - __main__ - INFO - ✓ Settings saved
2025-09-04 02:45:53,873 - __main__ - ERROR - Error during shutdown: 'DatabaseManager' object has no attribute 'close'
2025-09-04 02:45:53,873 - __main__ - INFO - ======================================================================
2025-09-04 02:45:53,873 - __main__ - INFO - Application shutdown complete
2025-09-04 02:45:53,873 - __main__ - INFO - ======================================================================
