2025-09-07 10:35:20,273 - __main__ - INFO - ======================================================================
2025-09-07 10:35:20,274 - __main__ - INFO - 🚀 Starting Dashboard Desktop Application
2025-09-07 10:35:20,274 - __main__ - INFO - ======================================================================
2025-09-07 10:35:20,296 - __main__ - INFO - ✓ Application initialized
2025-09-07 10:35:21,788 - __main__ - INFO - ✓ Directory structure ready (mode: main)
2025-09-07 10:35:21,798 - __main__ - INFO - ✓ Database connected
2025-09-07 10:35:21,847 - ui_qt.windows.dashboard_window_qt.utils.assets - INFO - Assets manager đã khởi tạo
2025-09-07 10:35:21,854 - __main__ - INFO - Loading MainDashboard (Desktop-Style)...
2025-09-07 10:35:22,325 - ui_qt.windows.dashboard_window_qt.views.taskbar.system_tray - INFO - System Tray initialized
2025-09-07 10:35:22,328 - ui_qt.windows.dashboard_window_qt.views.taskbar.taskbar - ERROR - Error loading taskbar settings: 'SettingsRepository' object has no attribute 'get_taskbar_settings'
2025-09-07 10:35:22,328 - ui_qt.windows.dashboard_window_qt.repositories.app_repository - INFO - Storage path: dashboard_apps.json
2025-09-07 10:35:22,328 - ui_qt.windows.dashboard_window_qt.repositories.app_repository - INFO - Storage exists: True
2025-09-07 10:35:22,329 - ui_qt.windows.dashboard_window_qt.repositories.app_repository - INFO - Total apps in storage: 17
2025-09-07 10:35:22,330 - ui_qt.windows.dashboard_window_qt.views.taskbar.taskbar - ERROR - Error loading pinned apps: Taskbar.add_app_button() got an unexpected keyword argument 'is_pinned'
2025-09-07 10:35:22,330 - ui_qt.windows.dashboard_window_qt.views.taskbar.taskbar - INFO - Taskbar initialized
2025-09-07 10:35:22,353 - ui_qt.windows.dashboard_window_qt.repositories.app_repository - INFO - Storage path: dashboard_apps.json
2025-09-07 10:35:22,353 - ui_qt.windows.dashboard_window_qt.repositories.app_repository - INFO - Storage exists: True
2025-09-07 10:35:22,353 - ui_qt.windows.dashboard_window_qt.repositories.app_repository - INFO - Total apps in storage: 17
2025-09-07 10:35:22,353 - ui_qt.windows.dashboard_window_qt.views.main_dashboard - WARNING - Have 17 apps but may only show some!
2025-09-07 10:35:22,784 - __main__ - INFO - ✓ Dashboard loaded (main)
2025-09-07 10:35:23,163 - __main__ - INFO - Assets manager initialized
2025-09-07 10:35:23,165 - __main__ - INFO - Settings loaded
2025-09-07 10:35:23,171 - __main__ - INFO - All services initialized successfully
2025-09-07 10:35:23,173 - __main__ - INFO - ✓ Application ready - Starting event loop
2025-09-07 10:35:28,300 - ui_qt.windows.dashboard_window_qt.services.app_launcher_service - INFO - Đang khởi chạy app: question_bank
2025-09-07 10:35:28,300 - ui_qt.windows.dashboard_window_qt.services.app_launcher_service - INFO - Importing module: ui_qt.windows.question_bank.views.main_window
2025-09-07 10:35:28,758 - ui_qt.windows.dashboard_window_qt.views.taskbar.taskbar - INFO - Adding button for app: question_bank
2025-09-07 10:35:28,804 - ui_qt.windows.dashboard_window_qt.views.taskbar.taskbar - INFO - Adding button for app: question_bank
2025-09-07 10:35:28,841 - ui_qt.windows.dashboard_window_qt.services.app_launcher_service - INFO - Đã khởi chạy app thành công: question_bank
2025-09-07 10:35:53,134 - ui_qt.windows.dashboard_window_qt.services.desktop_service - INFO - Đã lưu vị trí 0 icons
2025-09-07 10:35:53,155 - ui_qt.windows.dashboard_window_qt.services.app_launcher_service - INFO - Cleaning up app launcher service...
2025-09-07 10:35:53,156 - __main__ - INFO - Shutting down application...
2025-09-07 10:35:53,159 - ui_qt.windows.dashboard_window_qt.services.desktop_service - INFO - Đã lưu vị trí 0 icons
2025-09-07 10:35:53,159 - __main__ - INFO - ✓ Settings saved
2025-09-07 10:35:53,159 - __main__ - ERROR - Error during shutdown: 'DatabaseManager' object has no attribute 'close'
2025-09-07 10:35:53,159 - __main__ - INFO - ======================================================================
2025-09-07 10:35:53,159 - __main__ - INFO - Application shutdown complete
2025-09-07 10:35:53,159 - __main__ - INFO - ======================================================================
2025-09-07 10:35:53,163 - ui_qt.windows.dashboard_window_qt.services.app_launcher_service - INFO - App closed: question_bank
