2025-09-07 11:04:39,045 - __main__ - INFO - ======================================================================
2025-09-07 11:04:39,046 - __main__ - INFO - 🚀 Starting Dashboard Desktop Application
2025-09-07 11:04:39,046 - __main__ - INFO - ======================================================================
2025-09-07 11:04:39,067 - __main__ - INFO - ✓ Application initialized
2025-09-07 11:04:40,508 - __main__ - INFO - ✓ Directory structure ready (mode: main)
2025-09-07 11:04:40,514 - __main__ - INFO - ✓ Database connected
2025-09-07 11:04:40,562 - ui_qt.windows.dashboard_window_qt.utils.assets - INFO - Assets manager đã khởi tạo
2025-09-07 11:04:40,571 - __main__ - INFO - Loading MainDashboard (Desktop-Style)...
2025-09-07 11:04:40,910 - ui_qt.windows.dashboard_window_qt.repositories.app_repository - INFO - Storage path: dashboard_apps.json
2025-09-07 11:04:40,910 - ui_qt.windows.dashboard_window_qt.repositories.app_repository - INFO - Storage exists: True
2025-09-07 11:04:40,911 - ui_qt.windows.dashboard_window_qt.repositories.app_repository - INFO - Total apps in storage: 17
2025-09-07 11:04:40,911 - ui_qt.windows.dashboard_window_qt.views.main_dashboard - WARNING - Have 17 apps but may only show some!
2025-09-07 11:04:41,332 - __main__ - INFO - ✓ Dashboard loaded (main)
2025-09-07 11:04:41,703 - __main__ - INFO - Assets manager initialized
2025-09-07 11:04:41,705 - __main__ - INFO - Settings loaded
2025-09-07 11:04:41,710 - __main__ - INFO - All services initialized successfully
2025-09-07 11:04:41,712 - __main__ - INFO - ✓ Application ready - Starting event loop
2025-09-07 11:04:54,480 - ui_qt.windows.dashboard_window_qt.services.app_launcher_service - INFO - Đang khởi chạy app: question_bank
2025-09-07 11:04:54,480 - ui_qt.windows.dashboard_window_qt.services.app_launcher_service - INFO - Importing module: ui_qt.windows.question_bank.views.main_window
2025-09-07 11:04:54,936 - ui_qt.windows.dashboard_window_qt.views.main_dashboard - INFO - App launched: question_bank
2025-09-07 11:04:54,936 - ui_qt.windows.dashboard_window_qt.views.main_dashboard - ERROR - Error adding button to taskbar: 'PySide6.QtWidgets.QWidget' object has no attribute 'add_app_button'
2025-09-07 11:04:54,955 - ui_qt.windows.dashboard_window_qt.views.main_dashboard - INFO - App launched: question_bank
2025-09-07 11:04:54,955 - ui_qt.windows.dashboard_window_qt.views.main_dashboard - ERROR - Error adding button to taskbar: 'PySide6.QtWidgets.QWidget' object has no attribute 'add_app_button'
2025-09-07 11:04:54,955 - ui_qt.windows.dashboard_window_qt.services.app_launcher_service - INFO - Đã khởi chạy app thành công: question_bank
2025-09-07 11:05:07,781 - ui_qt.windows.dashboard_window_qt.services.app_launcher_service - INFO - Đang khởi chạy app: main_calendar
2025-09-07 11:05:07,781 - ui_qt.windows.dashboard_window_qt.services.app_launcher_service - INFO - Importing module: ui_qt.main_window
2025-09-07 11:05:07,809 - ui_qt.windows.dashboard_window_qt.views.main_dashboard - INFO - App launched: main_calendar
2025-09-07 11:05:07,809 - ui_qt.windows.dashboard_window_qt.views.main_dashboard - ERROR - Error adding button to taskbar: 'PySide6.QtWidgets.QWidget' object has no attribute 'add_app_button'
2025-09-07 11:05:07,826 - ui_qt.windows.dashboard_window_qt.views.main_dashboard - INFO - App launched: main_calendar
2025-09-07 11:05:07,826 - ui_qt.windows.dashboard_window_qt.views.main_dashboard - ERROR - Error adding button to taskbar: 'PySide6.QtWidgets.QWidget' object has no attribute 'add_app_button'
2025-09-07 11:05:07,826 - ui_qt.windows.dashboard_window_qt.services.app_launcher_service - INFO - Đã khởi chạy app thành công: main_calendar
2025-09-07 11:05:40,981 - ui_qt.windows.dashboard_window_qt.services.desktop_service - INFO - Đã lưu vị trí 0 icons
