2025-09-07 10:08:01,373 - __main__ - INFO - ======================================================================
2025-09-07 10:08:01,373 - __main__ - INFO - 🚀 Starting Dashboard Desktop Application
2025-09-07 10:08:01,373 - __main__ - INFO - ======================================================================
2025-09-07 10:08:01,404 - __main__ - INFO - ✓ Application initialized
2025-09-07 10:08:02,950 - __main__ - INFO - ✓ Directory structure ready (mode: main)
2025-09-07 10:08:02,956 - __main__ - INFO - ✓ Database connected
2025-09-07 10:08:03,016 - ui_qt.windows.dashboard_window_qt.utils.assets - INFO - Assets manager đã khởi tạo
2025-09-07 10:08:03,021 - __main__ - INFO - Loading MainDashboard (Desktop-Style)...
2025-09-07 10:08:03,031 - ui_qt.windows.dashboard_window_qt.repositories.settings_repository - INFO - Đã load settings từ C:\Users\lenovo\AppData\Roaming\DashboardQt\settings.json
2025-09-07 10:08:03,032 - ui_qt.windows.dashboard_window_qt.services.desktop_service - INFO - Đã load vị trí 0 icons
2025-09-07 10:08:03,337 - ui_qt.windows.dashboard_window_qt.repositories.settings_repository - INFO - Đã save settings vào C:\Users\lenovo\AppData\Roaming\DashboardQt\settings.json
2025-09-07 10:08:03,337 - ui_qt.windows.dashboard_window_qt.views.desktop.desktop_area - INFO - Wallpaper set: C:/Users/lenovo/Downloads/hinh-nen-may-tinh-6.jpg (mode: fill)
2025-09-07 10:08:03,337 - ui_qt.windows.dashboard_window_qt.views.desktop.desktop_area - INFO - Desktop settings loaded
2025-09-07 10:08:03,338 - ui_qt.windows.dashboard_window_qt.views.desktop.desktop_area - INFO - Desktop Area initialized
2025-09-07 10:08:03,338 - ui_qt.windows.dashboard_window_qt.views.main_dashboard - INFO - Desktop area created successfully
2025-09-07 10:08:03,367 - ui_qt.windows.dashboard_window_qt.views.main_dashboard - INFO - Đang load desktop icons...
2025-09-07 10:08:03,368 - ui_qt.windows.dashboard_window_qt.repositories.app_repository - INFO - Storage path: dashboard_apps.json
2025-09-07 10:08:03,368 - ui_qt.windows.dashboard_window_qt.repositories.app_repository - INFO - Storage exists: True
2025-09-07 10:08:03,368 - ui_qt.windows.dashboard_window_qt.repositories.app_repository - INFO - Total apps in storage: 17
2025-09-07 10:08:03,368 - ui_qt.windows.dashboard_window_qt.repositories.app_repository - INFO - Apps with pinned=True: 17
2025-09-07 10:08:03,368 - ui_qt.windows.dashboard_window_qt.repositories.app_repository - INFO -   Pinned: student_manager (rank=9)
2025-09-07 10:08:03,368 - ui_qt.windows.dashboard_window_qt.repositories.app_repository - INFO -   Pinned: group_manager (rank=8)
2025-09-07 10:08:03,368 - ui_qt.windows.dashboard_window_qt.repositories.app_repository - INFO -   Pinned: package_manager (rank=0)
2025-09-07 10:08:03,368 - ui_qt.windows.dashboard_window_qt.repositories.app_repository - INFO -   Pinned: attendance_report (rank=0)
2025-09-07 10:08:03,368 - ui_qt.windows.dashboard_window_qt.repositories.app_repository - INFO -   Pinned: main_calendar (rank=10)
2025-09-07 10:08:03,368 - ui_qt.windows.dashboard_window_qt.repositories.app_repository - INFO - Returning 17 pinned apps
2025-09-07 10:08:03,368 - ui_qt.windows.dashboard_window_qt.views.main_dashboard - INFO - Got 17 pinned apps from repository
2025-09-07 10:08:03,368 - ui_qt.windows.dashboard_window_qt.views.main_dashboard - INFO -   App 0: group_manager
2025-09-07 10:08:03,368 - ui_qt.windows.dashboard_window_qt.views.main_dashboard - INFO -   App 1: student_manager
2025-09-07 10:08:03,369 - ui_qt.windows.dashboard_window_qt.views.main_dashboard - INFO -   App 2: question_bank
2025-09-07 10:08:03,369 - ui_qt.windows.dashboard_window_qt.views.main_dashboard - INFO -   App 3: main_calendar
2025-09-07 10:08:03,369 - ui_qt.windows.dashboard_window_qt.views.main_dashboard - INFO -   App 4: package_manager
2025-09-07 10:08:03,369 - ui_qt.windows.dashboard_window_qt.views.main_dashboard - INFO -   App 5: attendance_report
2025-09-07 10:08:03,369 - ui_qt.windows.dashboard_window_qt.views.main_dashboard - INFO -   App 6: assign_exercise
2025-09-07 10:08:03,369 - ui_qt.windows.dashboard_window_qt.views.main_dashboard - INFO -   App 7: submit_exercise
2025-09-07 10:08:03,369 - ui_qt.windows.dashboard_window_qt.views.main_dashboard - INFO -   App 8: submitted_exercises
2025-09-07 10:08:03,369 - ui_qt.windows.dashboard_window_qt.views.main_dashboard - INFO -   App 9: exercise_suggestion
2025-09-07 10:08:03,369 - ui_qt.windows.dashboard_window_qt.views.main_dashboard - INFO -   App 10: create_test
2025-09-07 10:08:03,369 - ui_qt.windows.dashboard_window_qt.views.main_dashboard - INFO -   App 11: exercise_tree
2025-09-07 10:08:03,369 - ui_qt.windows.dashboard_window_qt.views.main_dashboard - INFO -   App 12: progress_report
2025-09-07 10:08:03,369 - ui_qt.windows.dashboard_window_qt.views.main_dashboard - INFO -   App 13: skill_report
2025-09-07 10:08:03,369 - ui_qt.windows.dashboard_window_qt.views.main_dashboard - INFO -   App 14: skill_rating
2025-09-07 10:08:03,369 - ui_qt.windows.dashboard_window_qt.views.main_dashboard - INFO -   App 15: group_suggestion
2025-09-07 10:08:03,369 - ui_qt.windows.dashboard_window_qt.views.main_dashboard - INFO -   App 16: salary_report
2025-09-07 10:08:03,369 - ui_qt.windows.dashboard_window_qt.views.main_dashboard - WARNING - Have 17 apps but may only show some!
2025-09-07 10:08:03,369 - ui_qt.windows.dashboard_window_qt.views.main_dashboard - INFO - Sẽ load 17 icons lên desktop
2025-09-07 10:08:03,382 - ui_qt.windows.dashboard_window_qt.repositories.settings_repository - INFO - Đã save settings vào C:\Users\lenovo\AppData\Roaming\DashboardQt\settings.json
2025-09-07 10:08:03,382 - ui_qt.windows.dashboard_window_qt.views.main_dashboard - INFO - Đã tạo icon: Quản lý nhóm học tại PySide6.QtCore.QPoint(20, 20)
2025-09-07 10:08:03,383 - ui_qt.windows.dashboard_window_qt.repositories.settings_repository - INFO - Đã save settings vào C:\Users\lenovo\AppData\Roaming\DashboardQt\settings.json
2025-09-07 10:08:03,383 - ui_qt.windows.dashboard_window_qt.views.main_dashboard - INFO - Đã tạo icon: Quản lý học sinh tại PySide6.QtCore.QPoint(110, 20)
2025-09-07 10:08:03,385 - ui_qt.windows.dashboard_window_qt.repositories.settings_repository - INFO - Đã save settings vào C:\Users\lenovo\AppData\Roaming\DashboardQt\settings.json
2025-09-07 10:08:03,385 - ui_qt.windows.dashboard_window_qt.views.main_dashboard - INFO - Đã tạo icon: Ngân hàng câu hỏi tại PySide6.QtCore.QPoint(200, 20)
2025-09-07 10:08:03,387 - ui_qt.windows.dashboard_window_qt.repositories.settings_repository - INFO - Đã save settings vào C:\Users\lenovo\AppData\Roaming\DashboardQt\settings.json
2025-09-07 10:08:03,387 - ui_qt.windows.dashboard_window_qt.views.main_dashboard - INFO - Đã tạo icon: Lịch dạy (Main) tại PySide6.QtCore.QPoint(290, 20)
2025-09-07 10:08:03,388 - ui_qt.windows.dashboard_window_qt.repositories.settings_repository - INFO - Đã save settings vào C:\Users\lenovo\AppData\Roaming\DashboardQt\settings.json
2025-09-07 10:08:03,388 - ui_qt.windows.dashboard_window_qt.views.main_dashboard - INFO - Đã tạo icon: Quản lý gói học tại PySide6.QtCore.QPoint(380, 20)
2025-09-07 10:08:03,390 - ui_qt.windows.dashboard_window_qt.repositories.settings_repository - INFO - Đã save settings vào C:\Users\lenovo\AppData\Roaming\DashboardQt\settings.json
2025-09-07 10:08:03,390 - ui_qt.windows.dashboard_window_qt.views.main_dashboard - INFO - Đã tạo icon: Báo cáo chuyên cần tại PySide6.QtCore.QPoint(470, 20)
2025-09-07 10:08:03,393 - ui_qt.windows.dashboard_window_qt.repositories.settings_repository - INFO - Đã save settings vào C:\Users\lenovo\AppData\Roaming\DashboardQt\settings.json
2025-09-07 10:08:03,393 - ui_qt.windows.dashboard_window_qt.views.main_dashboard - INFO - Đã tạo icon: Giao bài tập tại PySide6.QtCore.QPoint(560, 20)
2025-09-07 10:08:03,395 - ui_qt.windows.dashboard_window_qt.repositories.settings_repository - INFO - Đã save settings vào C:\Users\lenovo\AppData\Roaming\DashboardQt\settings.json
2025-09-07 10:08:03,395 - ui_qt.windows.dashboard_window_qt.views.main_dashboard - INFO - Đã tạo icon: Nộp bài tập tại PySide6.QtCore.QPoint(650, 20)
2025-09-07 10:08:03,397 - ui_qt.windows.dashboard_window_qt.repositories.settings_repository - INFO - Đã save settings vào C:\Users\lenovo\AppData\Roaming\DashboardQt\settings.json
2025-09-07 10:08:03,397 - ui_qt.windows.dashboard_window_qt.views.main_dashboard - INFO - Đã tạo icon: Bài tập đã nộp tại PySide6.QtCore.QPoint(20, 120)
2025-09-07 10:08:03,399 - ui_qt.windows.dashboard_window_qt.repositories.settings_repository - INFO - Đã save settings vào C:\Users\lenovo\AppData\Roaming\DashboardQt\settings.json
2025-09-07 10:08:03,399 - ui_qt.windows.dashboard_window_qt.views.main_dashboard - INFO - Đã tạo icon: Gợi ý bài tập tại PySide6.QtCore.QPoint(110, 120)
2025-09-07 10:08:03,400 - ui_qt.windows.dashboard_window_qt.repositories.settings_repository - INFO - Đã save settings vào C:\Users\lenovo\AppData\Roaming\DashboardQt\settings.json
2025-09-07 10:08:03,400 - ui_qt.windows.dashboard_window_qt.views.main_dashboard - INFO - Đã tạo icon: Tạo đề thi PDF tại PySide6.QtCore.QPoint(200, 120)
2025-09-07 10:08:03,402 - ui_qt.windows.dashboard_window_qt.repositories.settings_repository - INFO - Đã save settings vào C:\Users\lenovo\AppData\Roaming\DashboardQt\settings.json
2025-09-07 10:08:03,402 - ui_qt.windows.dashboard_window_qt.views.main_dashboard - INFO - Đã tạo icon: Cây thư mục bài tập tại PySide6.QtCore.QPoint(290, 120)
2025-09-07 10:08:03,404 - ui_qt.windows.dashboard_window_qt.repositories.settings_repository - INFO - Đã save settings vào C:\Users\lenovo\AppData\Roaming\DashboardQt\settings.json
2025-09-07 10:08:03,404 - ui_qt.windows.dashboard_window_qt.views.main_dashboard - INFO - Đã tạo icon: Báo cáo tiến độ tại PySide6.QtCore.QPoint(380, 120)
2025-09-07 10:08:03,420 - ui_qt.windows.dashboard_window_qt.repositories.settings_repository - INFO - Đã save settings vào C:\Users\lenovo\AppData\Roaming\DashboardQt\settings.json
2025-09-07 10:08:03,420 - ui_qt.windows.dashboard_window_qt.views.main_dashboard - INFO - Đã tạo icon: Báo cáo năng lực tại PySide6.QtCore.QPoint(470, 120)
2025-09-07 10:08:03,422 - ui_qt.windows.dashboard_window_qt.repositories.settings_repository - INFO - Đã save settings vào C:\Users\lenovo\AppData\Roaming\DashboardQt\settings.json
2025-09-07 10:08:03,422 - ui_qt.windows.dashboard_window_qt.views.main_dashboard - INFO - Đã tạo icon: Đánh giá kỹ năng tại PySide6.QtCore.QPoint(560, 120)
2025-09-07 10:08:03,424 - ui_qt.windows.dashboard_window_qt.repositories.settings_repository - INFO - Đã save settings vào C:\Users\lenovo\AppData\Roaming\DashboardQt\settings.json
2025-09-07 10:08:03,424 - ui_qt.windows.dashboard_window_qt.views.main_dashboard - INFO - Đã tạo icon: Gợi ý phân nhóm tại PySide6.QtCore.QPoint(650, 120)
2025-09-07 10:08:03,425 - ui_qt.windows.dashboard_window_qt.repositories.settings_repository - INFO - Đã save settings vào C:\Users\lenovo\AppData\Roaming\DashboardQt\settings.json
2025-09-07 10:08:03,425 - ui_qt.windows.dashboard_window_qt.views.main_dashboard - INFO - Đã tạo icon: Báo cáo học phí tại PySide6.QtCore.QPoint(20, 220)
2025-09-07 10:08:03,425 - ui_qt.windows.dashboard_window_qt.views.main_dashboard - INFO - Đã tạo thành công 17 icons
2025-09-07 10:08:03,439 - ui_qt.windows.dashboard_window_qt.repositories.settings_repository - INFO - Đã save settings vào C:\Users\lenovo\AppData\Roaming\DashboardQt\settings.json
2025-09-07 10:08:03,439 - ui_qt.windows.dashboard_window_qt.views.desktop.desktop_area - INFO - Wallpaper set: C:/Users/lenovo/Downloads/hinh-nen-may-tinh-6.jpg (mode: fill)
2025-09-07 10:08:03,439 - ui_qt.windows.dashboard_window_qt.views.main_dashboard - INFO - Đã set wallpaper cho desktop area: C:/Users/lenovo/Downloads/hinh-nen-may-tinh-6.jpg
2025-09-07 10:08:03,452 - ui_qt.windows.dashboard_window_qt.repositories.settings_repository - INFO - Đã save settings vào C:\Users\lenovo\AppData\Roaming\DashboardQt\settings.json
2025-09-07 10:08:03,453 - ui_qt.windows.dashboard_window_qt.views.desktop.desktop_area - INFO - Wallpaper set: C:/Users/lenovo/Downloads/hinh-nen-may-tinh-6.jpg (mode: fill)
2025-09-07 10:08:03,453 - ui_qt.windows.dashboard_window_qt.views.main_dashboard - INFO - Đã set wallpaper cho desktop area: C:/Users/lenovo/Downloads/hinh-nen-may-tinh-6.jpg
2025-09-07 10:08:03,782 - ui_qt.windows.dashboard_window_qt.views.main_dashboard - INFO - Dashboard window hiển thị thành công
2025-09-07 10:08:03,783 - __main__ - INFO - ✓ Dashboard loaded (main)
2025-09-07 10:08:04,108 - ui_qt.windows.dashboard_window_qt.repositories.settings_repository - INFO - Đã save settings vào C:\Users\lenovo\AppData\Roaming\DashboardQt\settings.json
2025-09-07 10:08:04,108 - ui_qt.windows.dashboard_window_qt.views.desktop.desktop_area - INFO - Wallpaper set: C:/Users/lenovo/Downloads/hinh-nen-may-tinh-6.jpg (mode: fill)
2025-09-07 10:08:04,108 - ui_qt.windows.dashboard_window_qt.views.main_dashboard - INFO - Đã set wallpaper cho desktop area: C:/Users/lenovo/Downloads/hinh-nen-may-tinh-6.jpg
2025-09-07 10:08:04,146 - __main__ - INFO - Assets manager initialized
2025-09-07 10:08:04,149 - __main__ - INFO - Settings loaded
2025-09-07 10:08:04,155 - __main__ - INFO - All services initialized successfully
2025-09-07 10:08:04,156 - __main__ - INFO - ✓ Application ready - Starting event loop
2025-09-07 10:08:05,774 - ui_qt.windows.dashboard_window_qt.repositories.settings_repository - INFO - Đã save settings vào C:\Users\lenovo\AppData\Roaming\DashboardQt\settings.json
2025-09-07 10:08:05,774 - ui_qt.windows.dashboard_window_qt.views.desktop.desktop_area - INFO - Wallpaper set: C:/Users/lenovo/Downloads/hinh-nen-may-tinh-6.jpg (mode: fill)
2025-09-07 10:08:05,774 - ui_qt.windows.dashboard_window_qt.views.main_dashboard - INFO - Đã set wallpaper cho desktop area: C:/Users/lenovo/Downloads/hinh-nen-may-tinh-6.jpg
2025-09-07 10:08:31,427 - ui_qt.windows.dashboard_window_qt.views.main_dashboard - INFO - Handle app launch: question_bank
2025-09-07 10:08:31,431 - ui_qt.windows.dashboard_window_qt.services.app_launcher_service - INFO - Đang khởi chạy app: question_bank
2025-09-07 10:08:31,431 - ui_qt.windows.dashboard_window_qt.services.app_launcher_service - INFO - Importing module: ui_qt.windows.question_bank.views.main_window
2025-09-07 10:08:31,885 - ui_qt.windows.dashboard_window_qt.views.main_dashboard - INFO - App launched: question_bank
2025-09-07 10:08:31,904 - ui_qt.windows.dashboard_window_qt.repositories.settings_repository - INFO - Đã save settings vào C:\Users\lenovo\AppData\Roaming\DashboardQt\settings.json
2025-09-07 10:08:31,904 - ui_qt.windows.dashboard_window_qt.views.main_dashboard - INFO - App launched: question_bank
2025-09-07 10:08:31,904 - ui_qt.windows.dashboard_window_qt.services.app_launcher_service - INFO - Đã khởi chạy app thành công: question_bank
2025-09-07 10:09:03,023 - ui_qt.windows.dashboard_window_qt.repositories.settings_repository - INFO - Đã save settings vào C:\Users\lenovo\AppData\Roaming\DashboardQt\settings.json
2025-09-07 10:09:03,435 - ui_qt.windows.dashboard_window_qt.repositories.settings_repository - INFO - Đã save settings vào C:\Users\lenovo\AppData\Roaming\DashboardQt\settings.json
2025-09-07 10:09:03,435 - ui_qt.windows.dashboard_window_qt.repositories.settings_repository - INFO - Đã save settings vào C:\Users\lenovo\AppData\Roaming\DashboardQt\settings.json
2025-09-07 10:09:03,436 - ui_qt.windows.dashboard_window_qt.services.desktop_service - INFO - Đã lưu vị trí 0 icons
2025-09-07 10:09:03,436 - ui_qt.windows.dashboard_window_qt.views.main_dashboard - INFO - Auto-saved settings
2025-09-07 10:10:03,020 - ui_qt.windows.dashboard_window_qt.repositories.settings_repository - INFO - Đã save settings vào C:\Users\lenovo\AppData\Roaming\DashboardQt\settings.json
2025-09-07 10:10:03,429 - ui_qt.windows.dashboard_window_qt.repositories.settings_repository - INFO - Đã save settings vào C:\Users\lenovo\AppData\Roaming\DashboardQt\settings.json
2025-09-07 10:10:03,431 - ui_qt.windows.dashboard_window_qt.repositories.settings_repository - INFO - Đã save settings vào C:\Users\lenovo\AppData\Roaming\DashboardQt\settings.json
2025-09-07 10:10:03,431 - ui_qt.windows.dashboard_window_qt.services.desktop_service - INFO - Đã lưu vị trí 0 icons
2025-09-07 10:10:03,431 - ui_qt.windows.dashboard_window_qt.views.main_dashboard - INFO - Auto-saved settings
2025-09-07 10:10:35,618 - ui_qt.windows.dashboard_window_qt.repositories.settings_repository - INFO - Đã save settings vào C:\Users\lenovo\AppData\Roaming\DashboardQt\settings.json
2025-09-07 10:10:35,619 - ui_qt.windows.dashboard_window_qt.repositories.settings_repository - INFO - Đã save settings vào C:\Users\lenovo\AppData\Roaming\DashboardQt\settings.json
2025-09-07 10:10:35,619 - ui_qt.windows.dashboard_window_qt.services.desktop_service - INFO - Đã lưu vị trí 0 icons
2025-09-07 10:10:35,641 - ui_qt.windows.dashboard_window_qt.services.app_launcher_service - INFO - Cleaning up app launcher service...
2025-09-07 10:10:35,641 - __main__ - INFO - Shutting down application...
2025-09-07 10:10:35,643 - ui_qt.windows.dashboard_window_qt.repositories.settings_repository - INFO - Đã save settings vào C:\Users\lenovo\AppData\Roaming\DashboardQt\settings.json
2025-09-07 10:10:35,644 - ui_qt.windows.dashboard_window_qt.repositories.settings_repository - INFO - Đã save settings vào C:\Users\lenovo\AppData\Roaming\DashboardQt\settings.json
2025-09-07 10:10:35,645 - ui_qt.windows.dashboard_window_qt.services.desktop_service - INFO - Đã lưu vị trí 0 icons
2025-09-07 10:10:35,645 - __main__ - INFO - ✓ Settings saved
2025-09-07 10:10:35,645 - __main__ - ERROR - Error during shutdown: 'DatabaseManager' object has no attribute 'close'
2025-09-07 10:10:35,645 - __main__ - INFO - ======================================================================
2025-09-07 10:10:35,646 - __main__ - INFO - Application shutdown complete
2025-09-07 10:10:35,646 - __main__ - INFO - ======================================================================
2025-09-07 10:10:35,653 - ui_qt.windows.dashboard_window_qt.services.app_launcher_service - INFO - App closed: question_bank
