2025-09-06 23:34:18,708 - __main__ - INFO - ======================================================================
2025-09-06 23:34:18,709 - __main__ - INFO - 🚀 Starting Dashboard Desktop Application
2025-09-06 23:34:18,709 - __main__ - INFO - ======================================================================
2025-09-06 23:34:18,730 - __main__ - INFO - ✓ Application initialized
2025-09-06 23:34:20,187 - __main__ - INFO - ✓ Directory structure ready (mode: main)
2025-09-06 23:34:20,192 - __main__ - INFO - ✓ Database connected
2025-09-06 23:34:20,246 - ui_qt.windows.dashboard_window_qt.utils.assets - INFO - Assets manager đã khởi tạo
2025-09-06 23:34:20,253 - __main__ - INFO - Loading MainDashboard (Desktop-Style)...
2025-09-06 23:34:20,263 - ui_qt.windows.dashboard_window_qt.repositories.settings_repository - INFO - Đã load settings từ C:\Users\lenovo\AppData\Roaming\DashboardQt\settings.json
2025-09-06 23:34:20,264 - ui_qt.windows.dashboard_window_qt.repositories.app_repository - INFO - Updating apps to pinned=True...
2025-09-06 23:34:20,266 - ui_qt.windows.dashboard_window_qt.repositories.app_repository - INFO - Updated package_manager to pinned=True
2025-09-06 23:34:20,275 - ui_qt.windows.dashboard_window_qt.repositories.app_repository - INFO - Updated attendance_report to pinned=True
2025-09-06 23:34:20,284 - ui_qt.windows.dashboard_window_qt.repositories.app_repository - INFO - Updated assign_exercise to pinned=True
2025-09-06 23:34:20,293 - ui_qt.windows.dashboard_window_qt.repositories.app_repository - INFO - Updated submit_exercise to pinned=True
2025-09-06 23:34:20,304 - ui_qt.windows.dashboard_window_qt.repositories.app_repository - INFO - Updated submitted_exercises to pinned=True
2025-09-06 23:34:20,313 - ui_qt.windows.dashboard_window_qt.repositories.app_repository - INFO - Updated exercise_suggestion to pinned=True
2025-09-06 23:34:20,321 - ui_qt.windows.dashboard_window_qt.repositories.app_repository - INFO - Updated create_test to pinned=True
2025-09-06 23:34:20,329 - ui_qt.windows.dashboard_window_qt.repositories.app_repository - INFO - Updated exercise_tree to pinned=True
2025-09-06 23:34:20,337 - ui_qt.windows.dashboard_window_qt.repositories.app_repository - INFO - Updated progress_report to pinned=True
2025-09-06 23:34:20,345 - ui_qt.windows.dashboard_window_qt.repositories.app_repository - INFO - Updated skill_report to pinned=True
2025-09-06 23:34:20,354 - ui_qt.windows.dashboard_window_qt.repositories.app_repository - INFO - Updated skill_rating to pinned=True
2025-09-06 23:34:20,363 - ui_qt.windows.dashboard_window_qt.repositories.app_repository - INFO - Updated group_suggestion to pinned=True
2025-09-06 23:34:20,371 - ui_qt.windows.dashboard_window_qt.repositories.app_repository - INFO - Updated salary_report to pinned=True
2025-09-06 23:34:20,371 - ui_qt.windows.dashboard_window_qt.repositories.app_repository - INFO - Updated 13 apps to pinned=True
2025-09-06 23:34:20,372 - ui_qt.windows.dashboard_window_qt.services.desktop_service - INFO - Đã load vị trí 0 icons
2025-09-06 23:34:20,396 - ui_qt.windows.dashboard_window_qt.repositories.settings_repository - INFO - Đã save settings vào C:\Users\lenovo\AppData\Roaming\DashboardQt\settings.json
2025-09-06 23:34:20,396 - ui_qt.windows.dashboard_window_qt.views.desktop.desktop_area - INFO - Wallpaper set: default (mode: fill)
2025-09-06 23:34:20,396 - ui_qt.windows.dashboard_window_qt.views.desktop.desktop_area - INFO - Desktop settings loaded
2025-09-06 23:34:20,396 - ui_qt.windows.dashboard_window_qt.views.desktop.desktop_area - INFO - Desktop Area initialized
2025-09-06 23:34:20,396 - ui_qt.windows.dashboard_window_qt.views.main_dashboard - INFO - Desktop area created successfully
2025-09-06 23:34:20,423 - ui_qt.windows.dashboard_window_qt.views.main_dashboard - INFO - Đang load desktop icons...
2025-09-06 23:34:20,423 - ui_qt.windows.dashboard_window_qt.repositories.app_repository - INFO - Storage path: dashboard_apps.json
2025-09-06 23:34:20,423 - ui_qt.windows.dashboard_window_qt.repositories.app_repository - INFO - Storage exists: True
2025-09-06 23:34:20,423 - ui_qt.windows.dashboard_window_qt.repositories.app_repository - INFO - Total apps in storage: 17
2025-09-06 23:34:20,423 - ui_qt.windows.dashboard_window_qt.repositories.app_repository - INFO - Apps with pinned=True: 17
2025-09-06 23:34:20,423 - ui_qt.windows.dashboard_window_qt.repositories.app_repository - INFO -   Pinned: student_manager (rank=9)
2025-09-06 23:34:20,423 - ui_qt.windows.dashboard_window_qt.repositories.app_repository - INFO -   Pinned: group_manager (rank=8)
2025-09-06 23:34:20,424 - ui_qt.windows.dashboard_window_qt.repositories.app_repository - INFO -   Pinned: package_manager (rank=0)
2025-09-06 23:34:20,424 - ui_qt.windows.dashboard_window_qt.repositories.app_repository - INFO -   Pinned: attendance_report (rank=0)
2025-09-06 23:34:20,424 - ui_qt.windows.dashboard_window_qt.repositories.app_repository - INFO -   Pinned: main_calendar (rank=10)
2025-09-06 23:34:20,424 - ui_qt.windows.dashboard_window_qt.repositories.app_repository - INFO - Returning 17 pinned apps
2025-09-06 23:34:20,424 - ui_qt.windows.dashboard_window_qt.views.main_dashboard - INFO - Got 17 pinned apps from repository
2025-09-06 23:34:20,424 - ui_qt.windows.dashboard_window_qt.views.main_dashboard - INFO -   App 0: group_manager
2025-09-06 23:34:20,424 - ui_qt.windows.dashboard_window_qt.views.main_dashboard - INFO -   App 1: student_manager
2025-09-06 23:34:20,424 - ui_qt.windows.dashboard_window_qt.views.main_dashboard - INFO -   App 2: question_bank
2025-09-06 23:34:20,424 - ui_qt.windows.dashboard_window_qt.views.main_dashboard - INFO -   App 3: main_calendar
2025-09-06 23:34:20,424 - ui_qt.windows.dashboard_window_qt.views.main_dashboard - INFO -   App 4: package_manager
2025-09-06 23:34:20,424 - ui_qt.windows.dashboard_window_qt.views.main_dashboard - INFO -   App 5: attendance_report
2025-09-06 23:34:20,424 - ui_qt.windows.dashboard_window_qt.views.main_dashboard - INFO -   App 6: assign_exercise
2025-09-06 23:34:20,424 - ui_qt.windows.dashboard_window_qt.views.main_dashboard - INFO -   App 7: submit_exercise
2025-09-06 23:34:20,424 - ui_qt.windows.dashboard_window_qt.views.main_dashboard - INFO -   App 8: submitted_exercises
2025-09-06 23:34:20,424 - ui_qt.windows.dashboard_window_qt.views.main_dashboard - INFO -   App 9: exercise_suggestion
2025-09-06 23:34:20,424 - ui_qt.windows.dashboard_window_qt.views.main_dashboard - INFO -   App 10: create_test
2025-09-06 23:34:20,424 - ui_qt.windows.dashboard_window_qt.views.main_dashboard - INFO -   App 11: exercise_tree
2025-09-06 23:34:20,424 - ui_qt.windows.dashboard_window_qt.views.main_dashboard - INFO -   App 12: progress_report
2025-09-06 23:34:20,424 - ui_qt.windows.dashboard_window_qt.views.main_dashboard - INFO -   App 13: skill_report
2025-09-06 23:34:20,424 - ui_qt.windows.dashboard_window_qt.views.main_dashboard - INFO -   App 14: skill_rating
2025-09-06 23:34:20,424 - ui_qt.windows.dashboard_window_qt.views.main_dashboard - INFO -   App 15: group_suggestion
2025-09-06 23:34:20,424 - ui_qt.windows.dashboard_window_qt.views.main_dashboard - INFO -   App 16: salary_report
2025-09-06 23:34:20,424 - ui_qt.windows.dashboard_window_qt.views.main_dashboard - WARNING - Have 17 apps but may only show some!
2025-09-06 23:34:20,424 - ui_qt.windows.dashboard_window_qt.views.main_dashboard - INFO - Sẽ load 17 icons lên desktop
2025-09-06 23:34:20,431 - ui_qt.windows.dashboard_window_qt.repositories.settings_repository - INFO - Đã save settings vào C:\Users\lenovo\AppData\Roaming\DashboardQt\settings.json
2025-09-06 23:34:20,431 - ui_qt.windows.dashboard_window_qt.views.main_dashboard - INFO - Đã tạo icon: Quản lý nhóm học tại PySide6.QtCore.QPoint(20, 20)
2025-09-06 23:34:20,433 - ui_qt.windows.dashboard_window_qt.repositories.settings_repository - INFO - Đã save settings vào C:\Users\lenovo\AppData\Roaming\DashboardQt\settings.json
2025-09-06 23:34:20,433 - ui_qt.windows.dashboard_window_qt.views.main_dashboard - INFO - Đã tạo icon: Quản lý học sinh tại PySide6.QtCore.QPoint(110, 20)
2025-09-06 23:34:20,435 - ui_qt.windows.dashboard_window_qt.repositories.settings_repository - INFO - Đã save settings vào C:\Users\lenovo\AppData\Roaming\DashboardQt\settings.json
2025-09-06 23:34:20,435 - ui_qt.windows.dashboard_window_qt.views.main_dashboard - INFO - Đã tạo icon: Ngân hàng câu hỏi tại PySide6.QtCore.QPoint(200, 20)
2025-09-06 23:34:20,436 - ui_qt.windows.dashboard_window_qt.repositories.settings_repository - INFO - Đã save settings vào C:\Users\lenovo\AppData\Roaming\DashboardQt\settings.json
2025-09-06 23:34:20,437 - ui_qt.windows.dashboard_window_qt.views.main_dashboard - INFO - Đã tạo icon: Lịch dạy (Main) tại PySide6.QtCore.QPoint(290, 20)
2025-09-06 23:34:20,439 - ui_qt.windows.dashboard_window_qt.repositories.settings_repository - INFO - Đã save settings vào C:\Users\lenovo\AppData\Roaming\DashboardQt\settings.json
2025-09-06 23:34:20,439 - ui_qt.windows.dashboard_window_qt.views.main_dashboard - INFO - Đã tạo icon: Quản lý gói học tại PySide6.QtCore.QPoint(380, 20)
2025-09-06 23:34:20,441 - ui_qt.windows.dashboard_window_qt.repositories.settings_repository - INFO - Đã save settings vào C:\Users\lenovo\AppData\Roaming\DashboardQt\settings.json
2025-09-06 23:34:20,441 - ui_qt.windows.dashboard_window_qt.views.main_dashboard - INFO - Đã tạo icon: Báo cáo chuyên cần tại PySide6.QtCore.QPoint(470, 20)
2025-09-06 23:34:20,443 - ui_qt.windows.dashboard_window_qt.repositories.settings_repository - INFO - Đã save settings vào C:\Users\lenovo\AppData\Roaming\DashboardQt\settings.json
2025-09-06 23:34:20,443 - ui_qt.windows.dashboard_window_qt.views.main_dashboard - INFO - Đã tạo icon: Giao bài tập tại PySide6.QtCore.QPoint(560, 20)
2025-09-06 23:34:20,445 - ui_qt.windows.dashboard_window_qt.repositories.settings_repository - INFO - Đã save settings vào C:\Users\lenovo\AppData\Roaming\DashboardQt\settings.json
2025-09-06 23:34:20,445 - ui_qt.windows.dashboard_window_qt.views.main_dashboard - INFO - Đã tạo icon: Nộp bài tập tại PySide6.QtCore.QPoint(650, 20)
2025-09-06 23:34:20,447 - ui_qt.windows.dashboard_window_qt.repositories.settings_repository - INFO - Đã save settings vào C:\Users\lenovo\AppData\Roaming\DashboardQt\settings.json
2025-09-06 23:34:20,447 - ui_qt.windows.dashboard_window_qt.views.main_dashboard - INFO - Đã tạo icon: Bài tập đã nộp tại PySide6.QtCore.QPoint(20, 120)
2025-09-06 23:34:20,449 - ui_qt.windows.dashboard_window_qt.repositories.settings_repository - INFO - Đã save settings vào C:\Users\lenovo\AppData\Roaming\DashboardQt\settings.json
2025-09-06 23:34:20,450 - ui_qt.windows.dashboard_window_qt.views.main_dashboard - INFO - Đã tạo icon: Gợi ý bài tập tại PySide6.QtCore.QPoint(110, 120)
2025-09-06 23:34:20,453 - ui_qt.windows.dashboard_window_qt.repositories.settings_repository - INFO - Đã save settings vào C:\Users\lenovo\AppData\Roaming\DashboardQt\settings.json
2025-09-06 23:34:20,453 - ui_qt.windows.dashboard_window_qt.views.main_dashboard - INFO - Đã tạo icon: Tạo đề thi PDF tại PySide6.QtCore.QPoint(200, 120)
2025-09-06 23:34:20,455 - ui_qt.windows.dashboard_window_qt.repositories.settings_repository - INFO - Đã save settings vào C:\Users\lenovo\AppData\Roaming\DashboardQt\settings.json
2025-09-06 23:34:20,455 - ui_qt.windows.dashboard_window_qt.views.main_dashboard - INFO - Đã tạo icon: Cây thư mục bài tập tại PySide6.QtCore.QPoint(290, 120)
2025-09-06 23:34:20,457 - ui_qt.windows.dashboard_window_qt.repositories.settings_repository - INFO - Đã save settings vào C:\Users\lenovo\AppData\Roaming\DashboardQt\settings.json
2025-09-06 23:34:20,458 - ui_qt.windows.dashboard_window_qt.views.main_dashboard - INFO - Đã tạo icon: Báo cáo tiến độ tại PySide6.QtCore.QPoint(380, 120)
2025-09-06 23:34:20,460 - ui_qt.windows.dashboard_window_qt.repositories.settings_repository - INFO - Đã save settings vào C:\Users\lenovo\AppData\Roaming\DashboardQt\settings.json
2025-09-06 23:34:20,460 - ui_qt.windows.dashboard_window_qt.views.main_dashboard - INFO - Đã tạo icon: Báo cáo năng lực tại PySide6.QtCore.QPoint(470, 120)
2025-09-06 23:34:20,462 - ui_qt.windows.dashboard_window_qt.repositories.settings_repository - INFO - Đã save settings vào C:\Users\lenovo\AppData\Roaming\DashboardQt\settings.json
2025-09-06 23:34:20,462 - ui_qt.windows.dashboard_window_qt.views.main_dashboard - INFO - Đã tạo icon: Đánh giá kỹ năng tại PySide6.QtCore.QPoint(560, 120)
2025-09-06 23:34:20,464 - ui_qt.windows.dashboard_window_qt.repositories.settings_repository - INFO - Đã save settings vào C:\Users\lenovo\AppData\Roaming\DashboardQt\settings.json
2025-09-06 23:34:20,465 - ui_qt.windows.dashboard_window_qt.views.main_dashboard - INFO - Đã tạo icon: Gợi ý phân nhóm tại PySide6.QtCore.QPoint(650, 120)
2025-09-06 23:34:20,466 - ui_qt.windows.dashboard_window_qt.repositories.settings_repository - INFO - Đã save settings vào C:\Users\lenovo\AppData\Roaming\DashboardQt\settings.json
2025-09-06 23:34:20,466 - ui_qt.windows.dashboard_window_qt.views.main_dashboard - INFO - Đã tạo icon: Báo cáo học phí tại PySide6.QtCore.QPoint(20, 220)
2025-09-06 23:34:20,467 - ui_qt.windows.dashboard_window_qt.views.main_dashboard - INFO - Đã tạo thành công 17 icons
2025-09-06 23:34:20,494 - ui_qt.windows.dashboard_window_qt.views.main_dashboard - INFO - Dashboard window hiển thị thành công
2025-09-06 23:34:20,494 - __main__ - INFO - ✓ Dashboard loaded (main)
2025-09-06 23:34:20,541 - __main__ - INFO - Assets manager initialized
2025-09-06 23:34:20,544 - __main__ - INFO - Settings loaded
2025-09-06 23:34:20,550 - __main__ - INFO - All services initialized successfully
2025-09-06 23:34:20,552 - __main__ - INFO - ✓ Application ready - Starting event loop
2025-09-06 23:34:21,490 - ui_qt.windows.dashboard_window_qt.views.main_dashboard - INFO - === DEBUG DESKTOP ICONS ===
2025-09-06 23:34:21,490 - ui_qt.windows.dashboard_window_qt.views.main_dashboard - INFO - Desktop area type: <class 'ui_qt.windows.dashboard_window_qt.views.desktop.desktop_area.DesktopArea'>
2025-09-06 23:34:21,490 - ui_qt.windows.dashboard_window_qt.views.main_dashboard - INFO - Icon container exists: <PySide6.QtWidgets.QWidget(0x1faebf9fea0) at 0x000001FA8AB26BC0>
2025-09-06 23:34:21,490 - ui_qt.windows.dashboard_window_qt.views.main_dashboard - INFO - Container visible: True
2025-09-06 23:34:21,491 - ui_qt.windows.dashboard_window_qt.views.main_dashboard - INFO - Container size: PySide6.QtCore.QSize(1536, 600)
2025-09-06 23:34:21,491 - ui_qt.windows.dashboard_window_qt.views.main_dashboard - INFO - Desktop icons count: 17
2025-09-06 23:34:21,491 - ui_qt.windows.dashboard_window_qt.views.main_dashboard - INFO -   - group_manager: visible=True, pos=PySide6.QtCore.QPoint(20, 20)
2025-09-06 23:34:21,491 - ui_qt.windows.dashboard_window_qt.views.main_dashboard - INFO -   - student_manager: visible=True, pos=PySide6.QtCore.QPoint(110, 20)
2025-09-06 23:34:21,491 - ui_qt.windows.dashboard_window_qt.views.main_dashboard - INFO -   - question_bank: visible=True, pos=PySide6.QtCore.QPoint(200, 20)
2025-09-06 23:34:21,491 - ui_qt.windows.dashboard_window_qt.views.main_dashboard - INFO -   - main_calendar: visible=True, pos=PySide6.QtCore.QPoint(290, 20)
2025-09-06 23:34:21,491 - ui_qt.windows.dashboard_window_qt.views.main_dashboard - INFO -   - package_manager: visible=True, pos=PySide6.QtCore.QPoint(380, 20)
2025-09-06 23:34:21,491 - ui_qt.windows.dashboard_window_qt.views.main_dashboard - INFO -   - attendance_report: visible=True, pos=PySide6.QtCore.QPoint(470, 20)
2025-09-06 23:34:21,491 - ui_qt.windows.dashboard_window_qt.views.main_dashboard - INFO -   - assign_exercise: visible=True, pos=PySide6.QtCore.QPoint(560, 20)
2025-09-06 23:34:21,491 - ui_qt.windows.dashboard_window_qt.views.main_dashboard - INFO -   - submit_exercise: visible=True, pos=PySide6.QtCore.QPoint(650, 20)
2025-09-06 23:34:21,492 - ui_qt.windows.dashboard_window_qt.views.main_dashboard - INFO -   - submitted_exercises: visible=True, pos=PySide6.QtCore.QPoint(20, 120)
2025-09-06 23:34:21,492 - ui_qt.windows.dashboard_window_qt.views.main_dashboard - INFO -   - exercise_suggestion: visible=True, pos=PySide6.QtCore.QPoint(110, 120)
2025-09-06 23:34:21,492 - ui_qt.windows.dashboard_window_qt.views.main_dashboard - INFO -   - create_test: visible=True, pos=PySide6.QtCore.QPoint(200, 120)
2025-09-06 23:34:21,492 - ui_qt.windows.dashboard_window_qt.views.main_dashboard - INFO -   - exercise_tree: visible=True, pos=PySide6.QtCore.QPoint(290, 120)
2025-09-06 23:34:21,492 - ui_qt.windows.dashboard_window_qt.views.main_dashboard - INFO -   - progress_report: visible=True, pos=PySide6.QtCore.QPoint(380, 120)
2025-09-06 23:34:21,492 - ui_qt.windows.dashboard_window_qt.views.main_dashboard - INFO -   - skill_report: visible=True, pos=PySide6.QtCore.QPoint(470, 120)
2025-09-06 23:34:21,493 - ui_qt.windows.dashboard_window_qt.views.main_dashboard - INFO -   - skill_rating: visible=True, pos=PySide6.QtCore.QPoint(560, 120)
2025-09-06 23:34:21,493 - ui_qt.windows.dashboard_window_qt.views.main_dashboard - INFO -   - group_suggestion: visible=True, pos=PySide6.QtCore.QPoint(650, 120)
2025-09-06 23:34:21,493 - ui_qt.windows.dashboard_window_qt.views.main_dashboard - INFO -   - salary_report: visible=True, pos=PySide6.QtCore.QPoint(20, 220)
2025-09-06 23:34:21,493 - ui_qt.windows.dashboard_window_qt.views.main_dashboard - INFO - === END DEBUG ===
2025-09-06 23:34:22,500 - ui_qt.windows.dashboard_window_qt.views.main_dashboard - INFO - === DEBUG DESKTOP STATE ===
2025-09-06 23:34:22,500 - ui_qt.windows.dashboard_window_qt.views.main_dashboard - INFO - Desktop area exists: True
2025-09-06 23:34:22,500 - ui_qt.windows.dashboard_window_qt.views.main_dashboard - INFO - Desktop area visible: True
2025-09-06 23:34:22,500 - ui_qt.windows.dashboard_window_qt.views.main_dashboard - INFO - Desktop area size: PySide6.QtCore.QSize(1536, 600)
2025-09-06 23:34:22,500 - ui_qt.windows.dashboard_window_qt.views.main_dashboard - INFO - Desktop area children: 2
2025-09-06 23:34:22,500 - ui_qt.windows.dashboard_window_qt.views.main_dashboard - INFO - Desktop icons count: 17
2025-09-06 23:34:22,501 - ui_qt.windows.dashboard_window_qt.views.main_dashboard - INFO -   - Icon group_manager: visible=True, pos=PySide6.QtCore.QPoint(20, 20), size=PySide6.QtCore.QSize(75, 90)
2025-09-06 23:34:22,501 - ui_qt.windows.dashboard_window_qt.views.main_dashboard - INFO -   - Icon student_manager: visible=True, pos=PySide6.QtCore.QPoint(110, 20), size=PySide6.QtCore.QSize(75, 90)
2025-09-06 23:34:22,501 - ui_qt.windows.dashboard_window_qt.views.main_dashboard - INFO -   - Icon question_bank: visible=True, pos=PySide6.QtCore.QPoint(200, 20), size=PySide6.QtCore.QSize(75, 90)
2025-09-06 23:34:22,501 - ui_qt.windows.dashboard_window_qt.views.main_dashboard - INFO -   - Icon main_calendar: visible=True, pos=PySide6.QtCore.QPoint(290, 20), size=PySide6.QtCore.QSize(75, 90)
2025-09-06 23:34:22,501 - ui_qt.windows.dashboard_window_qt.views.main_dashboard - INFO -   - Icon package_manager: visible=True, pos=PySide6.QtCore.QPoint(380, 20), size=PySide6.QtCore.QSize(75, 90)
2025-09-06 23:34:22,501 - ui_qt.windows.dashboard_window_qt.views.main_dashboard - INFO -   - Icon attendance_report: visible=True, pos=PySide6.QtCore.QPoint(470, 20), size=PySide6.QtCore.QSize(75, 90)
2025-09-06 23:34:22,501 - ui_qt.windows.dashboard_window_qt.views.main_dashboard - INFO -   - Icon assign_exercise: visible=True, pos=PySide6.QtCore.QPoint(560, 20), size=PySide6.QtCore.QSize(75, 90)
2025-09-06 23:34:22,501 - ui_qt.windows.dashboard_window_qt.views.main_dashboard - INFO -   - Icon submit_exercise: visible=True, pos=PySide6.QtCore.QPoint(650, 20), size=PySide6.QtCore.QSize(75, 90)
2025-09-06 23:34:22,501 - ui_qt.windows.dashboard_window_qt.views.main_dashboard - INFO -   - Icon submitted_exercises: visible=True, pos=PySide6.QtCore.QPoint(20, 120), size=PySide6.QtCore.QSize(75, 90)
2025-09-06 23:34:22,501 - ui_qt.windows.dashboard_window_qt.views.main_dashboard - INFO -   - Icon exercise_suggestion: visible=True, pos=PySide6.QtCore.QPoint(110, 120), size=PySide6.QtCore.QSize(75, 90)
2025-09-06 23:34:22,501 - ui_qt.windows.dashboard_window_qt.views.main_dashboard - INFO -   - Icon create_test: visible=True, pos=PySide6.QtCore.QPoint(200, 120), size=PySide6.QtCore.QSize(75, 90)
2025-09-06 23:34:22,502 - ui_qt.windows.dashboard_window_qt.views.main_dashboard - INFO -   - Icon exercise_tree: visible=True, pos=PySide6.QtCore.QPoint(290, 120), size=PySide6.QtCore.QSize(75, 90)
2025-09-06 23:34:22,502 - ui_qt.windows.dashboard_window_qt.views.main_dashboard - INFO -   - Icon progress_report: visible=True, pos=PySide6.QtCore.QPoint(380, 120), size=PySide6.QtCore.QSize(75, 90)
2025-09-06 23:34:22,502 - ui_qt.windows.dashboard_window_qt.views.main_dashboard - INFO -   - Icon skill_report: visible=True, pos=PySide6.QtCore.QPoint(470, 120), size=PySide6.QtCore.QSize(75, 90)
2025-09-06 23:34:22,502 - ui_qt.windows.dashboard_window_qt.views.main_dashboard - INFO -   - Icon skill_rating: visible=True, pos=PySide6.QtCore.QPoint(560, 120), size=PySide6.QtCore.QSize(75, 90)
2025-09-06 23:34:22,502 - ui_qt.windows.dashboard_window_qt.views.main_dashboard - INFO -   - Icon group_suggestion: visible=True, pos=PySide6.QtCore.QPoint(650, 120), size=PySide6.QtCore.QSize(75, 90)
2025-09-06 23:34:22,502 - ui_qt.windows.dashboard_window_qt.views.main_dashboard - INFO -   - Icon salary_report: visible=True, pos=PySide6.QtCore.QPoint(20, 220), size=PySide6.QtCore.QSize(75, 90)
2025-09-06 23:34:22,503 - ui_qt.windows.dashboard_window_qt.views.main_dashboard - INFO - Total apps in repository: 17
2025-09-06 23:34:22,503 - ui_qt.windows.dashboard_window_qt.repositories.app_repository - INFO - Storage path: dashboard_apps.json
2025-09-06 23:34:22,503 - ui_qt.windows.dashboard_window_qt.repositories.app_repository - INFO - Storage exists: True
2025-09-06 23:34:22,504 - ui_qt.windows.dashboard_window_qt.repositories.app_repository - INFO - Total apps in storage: 17
2025-09-06 23:34:22,504 - ui_qt.windows.dashboard_window_qt.repositories.app_repository - INFO - Apps with pinned=True: 17
2025-09-06 23:34:22,504 - ui_qt.windows.dashboard_window_qt.repositories.app_repository - INFO -   Pinned: student_manager (rank=9)
2025-09-06 23:34:22,505 - ui_qt.windows.dashboard_window_qt.repositories.app_repository - INFO -   Pinned: group_manager (rank=8)
2025-09-06 23:34:22,505 - ui_qt.windows.dashboard_window_qt.repositories.app_repository - INFO -   Pinned: package_manager (rank=0)
2025-09-06 23:34:22,505 - ui_qt.windows.dashboard_window_qt.repositories.app_repository - INFO -   Pinned: attendance_report (rank=0)
2025-09-06 23:34:22,505 - ui_qt.windows.dashboard_window_qt.repositories.app_repository - INFO -   Pinned: main_calendar (rank=10)
2025-09-06 23:34:22,505 - ui_qt.windows.dashboard_window_qt.repositories.app_repository - INFO - Returning 17 pinned apps
2025-09-06 23:34:22,505 - ui_qt.windows.dashboard_window_qt.views.main_dashboard - INFO - Pinned apps: 17
2025-09-06 23:34:22,505 - ui_qt.windows.dashboard_window_qt.views.main_dashboard - INFO -   - App 0: Quản lý học sinh (pinned: True)
2025-09-06 23:34:22,505 - ui_qt.windows.dashboard_window_qt.views.main_dashboard - INFO -   - App 1: Quản lý nhóm học (pinned: True)
2025-09-06 23:34:22,505 - ui_qt.windows.dashboard_window_qt.views.main_dashboard - INFO -   - App 2: Quản lý gói học (pinned: True)
2025-09-06 23:34:22,505 - ui_qt.windows.dashboard_window_qt.views.main_dashboard - INFO - === END DEBUG ===
2025-09-06 23:34:39,236 - ui_qt.windows.dashboard_window_qt.views.main_dashboard - INFO - Handle app launch: package_manager
2025-09-06 23:34:39,239 - ui_qt.windows.dashboard_window_qt.services.app_launcher_service - INFO - Đang khởi chạy app: package_manager
2025-09-06 23:34:39,240 - ui_qt.windows.dashboard_window_qt.services.app_launcher_service - INFO - Importing module: ui_qt.windows.package_window_qt
2025-09-06 23:34:39,249 - ui_qt.windows.dashboard_window_qt.services.app_launcher_service - ERROR - Lỗi tạo window cho package_manager: PackageWindowQt.__init__() missing 1 required positional argument: 'db_manager'
2025-09-06 23:34:39,249 - ui_qt.windows.dashboard_window_qt.services.app_launcher_service - ERROR - Lỗi khởi chạy app package_manager: Không thể tạo window: PackageWindowQt.__init__() missing 1 required positional argument: 'db_manager'
2025-09-06 23:34:39,284 - ui_qt.windows.dashboard_window_qt.views.main_dashboard - ERROR - App error package_manager: Không thể tạo window: PackageWindowQt.__init__() missing 1 required positional argument: 'db_manager'
2025-09-06 23:34:44,542 - ui_qt.windows.dashboard_window_qt.views.main_dashboard - INFO - Handle app launch: submitted_exercises
2025-09-06 23:34:44,545 - ui_qt.windows.dashboard_window_qt.services.app_launcher_service - INFO - Đang khởi chạy app: submitted_exercises
2025-09-06 23:34:44,545 - ui_qt.windows.dashboard_window_qt.services.app_launcher_service - INFO - Importing module: ui_qt.windows.submitted_exercise_manager_window_qt
2025-09-06 23:34:44,567 - ui_qt.windows.dashboard_window_qt.repositories.settings_repository - INFO - Đã save settings vào C:\Users\lenovo\AppData\Roaming\DashboardQt\settings.json
2025-09-06 23:34:44,567 - ui_qt.windows.dashboard_window_qt.views.main_dashboard - INFO - App launched: submitted_exercises
2025-09-06 23:34:44,567 - ui_qt.windows.dashboard_window_qt.services.app_launcher_service - INFO - Đã khởi chạy app thành công: submitted_exercises
2025-09-06 23:34:53,544 - ui_qt.windows.dashboard_window_qt.repositories.settings_repository - INFO - Đã save settings vào C:\Users\lenovo\AppData\Roaming\DashboardQt\settings.json
2025-09-06 23:34:53,545 - ui_qt.windows.dashboard_window_qt.repositories.settings_repository - INFO - Đã save settings vào C:\Users\lenovo\AppData\Roaming\DashboardQt\settings.json
2025-09-06 23:34:53,545 - ui_qt.windows.dashboard_window_qt.services.desktop_service - INFO - Đã lưu vị trí 0 icons
2025-09-06 23:34:53,566 - ui_qt.windows.dashboard_window_qt.services.app_launcher_service - INFO - Cleaning up app launcher service...
2025-09-06 23:34:53,566 - __main__ - INFO - Shutting down application...
2025-09-06 23:34:53,569 - ui_qt.windows.dashboard_window_qt.repositories.settings_repository - INFO - Đã save settings vào C:\Users\lenovo\AppData\Roaming\DashboardQt\settings.json
2025-09-06 23:34:53,571 - ui_qt.windows.dashboard_window_qt.repositories.settings_repository - INFO - Đã save settings vào C:\Users\lenovo\AppData\Roaming\DashboardQt\settings.json
2025-09-06 23:34:53,571 - ui_qt.windows.dashboard_window_qt.services.desktop_service - INFO - Đã lưu vị trí 0 icons
2025-09-06 23:34:53,571 - __main__ - INFO - ✓ Settings saved
2025-09-06 23:34:53,571 - __main__ - ERROR - Error during shutdown: 'DatabaseManager' object has no attribute 'close'
2025-09-06 23:34:53,571 - __main__ - INFO - ======================================================================
2025-09-06 23:34:53,572 - __main__ - INFO - Application shutdown complete
2025-09-06 23:34:53,572 - __main__ - INFO - ======================================================================
2025-09-06 23:34:53,579 - ui_qt.windows.dashboard_window_qt.services.app_launcher_service - INFO - App closed: submitted_exercises
