2025-09-07 10:59:57,339 - __main__ - INFO - ======================================================================
2025-09-07 10:59:57,339 - __main__ - INFO - 🚀 Starting Dashboard Desktop Application
2025-09-07 10:59:57,340 - __main__ - INFO - ======================================================================
2025-09-07 10:59:57,361 - __main__ - INFO - ✓ Application initialized
2025-09-07 10:59:58,680 - __main__ - INFO - ✓ Directory structure ready (mode: main)
2025-09-07 10:59:58,685 - __main__ - INFO - ✓ Database connected
2025-09-07 10:59:58,728 - ui_qt.windows.dashboard_window_qt.utils.assets - INFO - Assets manager đã khởi tạo
2025-09-07 10:59:58,736 - __main__ - INFO - Loading MainDashboard (Desktop-Style)...
2025-09-07 10:59:59,164 - ui_qt.windows.dashboard_window_qt.views.taskbar.system_tray - INFO - System Tray initialized
2025-09-07 10:59:59,166 - ui_qt.windows.dashboard_window_qt.views.taskbar.taskbar - INFO - Using default taskbar settings
2025-09-07 10:59:59,166 - ui_qt.windows.dashboard_window_qt.views.taskbar.taskbar - INFO - Skipping pinned apps for now
2025-09-07 10:59:59,166 - ui_qt.windows.dashboard_window_qt.views.taskbar.taskbar - INFO - Taskbar initialized
2025-09-07 10:59:59,186 - ui_qt.windows.dashboard_window_qt.repositories.app_repository - INFO - Storage path: dashboard_apps.json
2025-09-07 10:59:59,186 - ui_qt.windows.dashboard_window_qt.repositories.app_repository - INFO - Storage exists: True
2025-09-07 10:59:59,187 - ui_qt.windows.dashboard_window_qt.repositories.app_repository - INFO - Total apps in storage: 17
2025-09-07 10:59:59,187 - ui_qt.windows.dashboard_window_qt.views.main_dashboard - WARNING - Have 17 apps but may only show some!
2025-09-07 10:59:59,587 - __main__ - INFO - ✓ Dashboard loaded (main)
2025-09-07 10:59:59,943 - __main__ - INFO - Assets manager initialized
2025-09-07 10:59:59,948 - __main__ - INFO - Settings loaded
2025-09-07 10:59:59,955 - __main__ - INFO - All services initialized successfully
2025-09-07 10:59:59,956 - __main__ - INFO - ✓ Application ready - Starting event loop
2025-09-07 11:00:05,228 - ui_qt.windows.dashboard_window_qt.services.app_launcher_service - INFO - Đang khởi chạy app: question_bank
2025-09-07 11:00:05,228 - ui_qt.windows.dashboard_window_qt.services.app_launcher_service - INFO - Importing module: ui_qt.windows.question_bank.views.main_window
2025-09-07 11:00:05,680 - ui_qt.windows.dashboard_window_qt.views.main_dashboard - INFO - App launched: question_bank
2025-09-07 11:00:05,680 - ui_qt.windows.dashboard_window_qt.views.taskbar.taskbar - INFO - Adding button for app: question_bank
2025-09-07 11:00:05,681 - ui_qt.windows.dashboard_window_qt.views.main_dashboard - ERROR - Error adding button to taskbar: maximum recursion depth exceeded
2025-09-07 11:00:05,698 - ui_qt.windows.dashboard_window_qt.views.main_dashboard - INFO - App launched: question_bank
2025-09-07 11:00:05,709 - ui_qt.windows.dashboard_window_qt.views.taskbar.taskbar - INFO - Adding button for app: question_bank
2025-09-07 11:00:05,710 - ui_qt.windows.dashboard_window_qt.views.main_dashboard - ERROR - Error adding button to taskbar: maximum recursion depth exceeded
2025-09-07 11:00:05,710 - ui_qt.windows.dashboard_window_qt.services.app_launcher_service - INFO - Đã khởi chạy app thành công: question_bank
2025-09-07 11:00:59,245 - ui_qt.windows.dashboard_window_qt.services.desktop_service - INFO - Đã lưu vị trí 0 icons
