2025-09-06 13:43:04,157 - __main__ - INFO - ======================================================================
2025-09-06 13:43:04,157 - __main__ - INFO - 🚀 Starting Dashboard Desktop Application
2025-09-06 13:43:04,157 - __main__ - INFO - ======================================================================
2025-09-06 13:43:04,179 - __main__ - INFO - ✓ Application initialized
2025-09-06 13:43:05,585 - __main__ - INFO - ✓ Directory structure ready (mode: main)
2025-09-06 13:43:05,592 - __main__ - INFO - ✓ Database connected
2025-09-06 13:43:05,652 - ui_qt.windows.dashboard_window_qt.utils.assets - INFO - Assets manager đã khởi tạo
2025-09-06 13:43:05,657 - __main__ - INFO - Loading MainDashboard (Desktop-Style)...
2025-09-06 13:43:05,667 - ui_qt.windows.dashboard_window_qt.repositories.settings_repository - INFO - Đã load settings từ C:\Users\lenovo\AppData\Roaming\DashboardQt\settings.json
2025-09-06 13:43:05,668 - ui_qt.windows.dashboard_window_qt.services.desktop_service - INFO - Đã load vị trí 0 icons
2025-09-06 13:43:05,674 - ui_qt.windows.dashboard_window_qt.views.main_dashboard - WARNING - Desktop area module not found, using basic MDI
2025-09-06 13:43:05,700 - ui_qt.windows.dashboard_window_qt.views.main_dashboard - INFO - Đang load desktop icons...
2025-09-06 13:43:05,700 - ui_qt.windows.dashboard_window_qt.views.main_dashboard - ERROR - Desktop area hoặc app repository chưa sẵn sàng
2025-09-06 13:43:05,726 - ui_qt.windows.dashboard_window_qt.views.main_dashboard - INFO - Dashboard window hiển thị thành công
2025-09-06 13:43:05,727 - __main__ - INFO - ✓ Dashboard loaded (main)
2025-09-06 13:43:05,771 - __main__ - INFO - Assets manager initialized
2025-09-06 13:43:05,774 - __main__ - INFO - Settings loaded
2025-09-06 13:43:05,781 - __main__ - INFO - All services initialized successfully
2025-09-06 13:43:05,782 - __main__ - INFO - ✓ Application ready - Starting event loop
2025-09-06 13:43:06,238 - ui_qt.windows.dashboard_window_qt.views.main_dashboard - INFO - Đang load desktop icons...
2025-09-06 13:43:06,239 - ui_qt.windows.dashboard_window_qt.views.main_dashboard - ERROR - Desktop area hoặc app repository chưa sẵn sàng
2025-09-06 13:43:06,728 - ui_qt.windows.dashboard_window_qt.views.main_dashboard - INFO - === DEBUG DESKTOP STATE ===
2025-09-06 13:43:06,729 - ui_qt.windows.dashboard_window_qt.views.main_dashboard - INFO - Desktop area exists: False
2025-09-06 13:43:06,729 - ui_qt.windows.dashboard_window_qt.views.main_dashboard - INFO - Desktop area visible: False
2025-09-06 13:43:06,731 - ui_qt.windows.dashboard_window_qt.views.main_dashboard - INFO - Total apps in repository: 17
2025-09-06 13:43:06,732 - ui_qt.windows.dashboard_window_qt.views.main_dashboard - INFO - Pinned apps: 4
2025-09-06 13:43:06,732 - ui_qt.windows.dashboard_window_qt.views.main_dashboard - INFO - === END DEBUG ===
2025-09-06 13:43:10,844 - ui_qt.windows.dashboard_window_qt.repositories.settings_repository - INFO - Đã save settings vào C:\Users\lenovo\AppData\Roaming\DashboardQt\settings.json
2025-09-06 13:43:10,845 - ui_qt.windows.dashboard_window_qt.repositories.settings_repository - INFO - Đã save settings vào C:\Users\lenovo\AppData\Roaming\DashboardQt\settings.json
2025-09-06 13:43:10,845 - ui_qt.windows.dashboard_window_qt.services.desktop_service - INFO - Đã lưu vị trí 0 icons
2025-09-06 13:43:10,870 - ui_qt.windows.dashboard_window_qt.services.app_launcher_service - INFO - Cleaning up app launcher service...
2025-09-06 13:43:10,871 - __main__ - INFO - Shutting down application...
2025-09-06 13:43:10,871 - ui_qt.windows.dashboard_window_qt.repositories.settings_repository - INFO - Đã save settings vào C:\Users\lenovo\AppData\Roaming\DashboardQt\settings.json
2025-09-06 13:43:10,872 - ui_qt.windows.dashboard_window_qt.repositories.settings_repository - INFO - Đã save settings vào C:\Users\lenovo\AppData\Roaming\DashboardQt\settings.json
2025-09-06 13:43:10,872 - ui_qt.windows.dashboard_window_qt.services.desktop_service - INFO - Đã lưu vị trí 0 icons
2025-09-06 13:43:10,872 - __main__ - INFO - ✓ Settings saved
2025-09-06 13:43:10,872 - __main__ - ERROR - Error during shutdown: 'DatabaseManager' object has no attribute 'close'
2025-09-06 13:43:10,872 - __main__ - INFO - ======================================================================
2025-09-06 13:43:10,872 - __main__ - INFO - Application shutdown complete
2025-09-06 13:43:10,872 - __main__ - INFO - ======================================================================
