2025-09-06 22:27:13,877 - __main__ - INFO - ======================================================================
2025-09-06 22:27:13,877 - __main__ - INFO - 🚀 Starting Dashboard Desktop Application
2025-09-06 22:27:13,877 - __main__ - INFO - ======================================================================
2025-09-06 22:27:13,897 - __main__ - INFO - ✓ Application initialized
2025-09-06 22:27:15,402 - __main__ - INFO - ✓ Directory structure ready (mode: main)
2025-09-06 22:27:15,407 - __main__ - INFO - ✓ Database connected
2025-09-06 22:27:15,454 - ui_qt.windows.dashboard_window_qt.utils.assets - INFO - Assets manager đã khởi tạo
2025-09-06 22:27:15,460 - __main__ - INFO - Loading MainDashboard (Desktop-Style)...
2025-09-06 22:27:15,470 - ui_qt.windows.dashboard_window_qt.repositories.settings_repository - INFO - Đã load settings từ C:\Users\lenovo\AppData\Roaming\DashboardQt\settings.json
2025-09-06 22:27:15,471 - ui_qt.windows.dashboard_window_qt.services.desktop_service - INFO - Đã load vị trí 0 icons
2025-09-06 22:27:15,485 - ui_qt.windows.dashboard_window_qt.repositories.settings_repository - INFO - Đã save settings vào C:\Users\lenovo\AppData\Roaming\DashboardQt\settings.json
2025-09-06 22:27:15,485 - ui_qt.windows.dashboard_window_qt.views.desktop.desktop_area - INFO - Wallpaper set: default (mode: fill)
2025-09-06 22:27:15,485 - ui_qt.windows.dashboard_window_qt.views.desktop.desktop_area - INFO - Desktop settings loaded
2025-09-06 22:27:15,485 - ui_qt.windows.dashboard_window_qt.views.desktop.desktop_area - INFO - Đang load desktop icons...
2025-09-06 22:27:15,491 - ui_qt.windows.dashboard_window_qt.views.desktop.desktop_area - INFO - Added desktop icon: Quản lý học sinh
2025-09-06 22:27:15,492 - ui_qt.windows.dashboard_window_qt.views.desktop.desktop_area - INFO - Added desktop icon: Quản lý nhóm học
2025-09-06 22:27:15,493 - ui_qt.windows.dashboard_window_qt.views.desktop.desktop_area - INFO - Added desktop icon: Lịch dạy (Main)
2025-09-06 22:27:15,494 - ui_qt.windows.dashboard_window_qt.views.desktop.desktop_area - INFO - Added desktop icon: Ngân hàng câu hỏi
2025-09-06 22:27:15,494 - ui_qt.windows.dashboard_window_qt.views.desktop.desktop_area - INFO - Đã load 4 desktop icons
2025-09-06 22:27:15,494 - ui_qt.windows.dashboard_window_qt.views.desktop.desktop_area - INFO - Desktop Area initialized
2025-09-06 22:27:15,494 - ui_qt.windows.dashboard_window_qt.views.main_dashboard - INFO - Desktop area created successfully
2025-09-06 22:27:15,513 - ui_qt.windows.dashboard_window_qt.views.main_dashboard - INFO - Đang load desktop icons...
2025-09-06 22:27:15,514 - ui_qt.windows.dashboard_window_qt.views.main_dashboard - INFO - Sẽ load 4 icons lên desktop
2025-09-06 22:27:15,516 - ui_qt.windows.dashboard_window_qt.repositories.settings_repository - INFO - Đã save settings vào C:\Users\lenovo\AppData\Roaming\DashboardQt\settings.json
2025-09-06 22:27:15,516 - ui_qt.windows.dashboard_window_qt.views.main_dashboard - INFO - Đã tạo icon: Quản lý học sinh tại PySide6.QtCore.QPoint(50, 50)
2025-09-06 22:27:15,518 - ui_qt.windows.dashboard_window_qt.repositories.settings_repository - INFO - Đã save settings vào C:\Users\lenovo\AppData\Roaming\DashboardQt\settings.json
2025-09-06 22:27:15,518 - ui_qt.windows.dashboard_window_qt.views.main_dashboard - INFO - Đã tạo icon: Quản lý nhóm học tại PySide6.QtCore.QPoint(170, 50)
2025-09-06 22:27:15,519 - ui_qt.windows.dashboard_window_qt.repositories.settings_repository - INFO - Đã save settings vào C:\Users\lenovo\AppData\Roaming\DashboardQt\settings.json
2025-09-06 22:27:15,519 - ui_qt.windows.dashboard_window_qt.views.main_dashboard - INFO - Đã tạo icon: Lịch dạy (Main) tại PySide6.QtCore.QPoint(290, 50)
2025-09-06 22:27:15,520 - ui_qt.windows.dashboard_window_qt.repositories.settings_repository - INFO - Đã save settings vào C:\Users\lenovo\AppData\Roaming\DashboardQt\settings.json
2025-09-06 22:27:15,520 - ui_qt.windows.dashboard_window_qt.views.main_dashboard - INFO - Đã tạo icon: Ngân hàng câu hỏi tại PySide6.QtCore.QPoint(410, 50)
2025-09-06 22:27:15,520 - ui_qt.windows.dashboard_window_qt.views.main_dashboard - INFO - Đã tạo thành công 4 icons
2025-09-06 22:27:15,548 - ui_qt.windows.dashboard_window_qt.views.main_dashboard - INFO - Dashboard window hiển thị thành công
2025-09-06 22:27:15,549 - __main__ - INFO - ✓ Dashboard loaded (main)
2025-09-06 22:27:15,588 - __main__ - INFO - Assets manager initialized
2025-09-06 22:27:15,590 - __main__ - INFO - Settings loaded
2025-09-06 22:27:15,594 - __main__ - INFO - All services initialized successfully
2025-09-06 22:27:15,597 - __main__ - INFO - ✓ Application ready - Starting event loop
2025-09-06 22:27:16,556 - ui_qt.windows.dashboard_window_qt.views.main_dashboard - INFO - === DEBUG DESKTOP ICONS ===
2025-09-06 22:27:16,557 - ui_qt.windows.dashboard_window_qt.views.main_dashboard - INFO - Desktop area type: <class 'ui_qt.windows.dashboard_window_qt.views.desktop.desktop_area.DesktopArea'>
2025-09-06 22:27:16,557 - ui_qt.windows.dashboard_window_qt.views.main_dashboard - INFO - Icon container exists: <PySide6.QtWidgets.QWidget(0x1d308113590) at 0x000001D30B681800>
2025-09-06 22:27:16,557 - ui_qt.windows.dashboard_window_qt.views.main_dashboard - INFO - Container visible: True
2025-09-06 22:27:16,557 - ui_qt.windows.dashboard_window_qt.views.main_dashboard - INFO - Container size: PySide6.QtCore.QSize(1536, 600)
2025-09-06 22:27:16,557 - ui_qt.windows.dashboard_window_qt.views.main_dashboard - INFO - Desktop icons count: 4
2025-09-06 22:27:16,557 - ui_qt.windows.dashboard_window_qt.views.main_dashboard - INFO -   - student_manager: visible=True, pos=PySide6.QtCore.QPoint(50, 50)
2025-09-06 22:27:16,557 - ui_qt.windows.dashboard_window_qt.views.main_dashboard - INFO -   - group_manager: visible=True, pos=PySide6.QtCore.QPoint(170, 50)
2025-09-06 22:27:16,558 - ui_qt.windows.dashboard_window_qt.views.main_dashboard - INFO -   - main_calendar: visible=True, pos=PySide6.QtCore.QPoint(290, 50)
2025-09-06 22:27:16,558 - ui_qt.windows.dashboard_window_qt.views.main_dashboard - INFO -   - question_bank: visible=True, pos=PySide6.QtCore.QPoint(410, 50)
2025-09-06 22:27:16,558 - ui_qt.windows.dashboard_window_qt.views.main_dashboard - INFO - === END DEBUG ===
2025-09-06 22:27:17,557 - ui_qt.windows.dashboard_window_qt.views.main_dashboard - INFO - === DEBUG DESKTOP STATE ===
2025-09-06 22:27:17,557 - ui_qt.windows.dashboard_window_qt.views.main_dashboard - INFO - Desktop area exists: True
2025-09-06 22:27:17,558 - ui_qt.windows.dashboard_window_qt.views.main_dashboard - INFO - Desktop area visible: True
2025-09-06 22:27:17,558 - ui_qt.windows.dashboard_window_qt.views.main_dashboard - INFO - Desktop area size: PySide6.QtCore.QSize(1536, 600)
2025-09-06 22:27:17,558 - ui_qt.windows.dashboard_window_qt.views.main_dashboard - INFO - Desktop area children: 2
2025-09-06 22:27:17,558 - ui_qt.windows.dashboard_window_qt.views.main_dashboard - INFO - Desktop icons count: 4
2025-09-06 22:27:17,558 - ui_qt.windows.dashboard_window_qt.views.main_dashboard - INFO -   - Icon student_manager: visible=True, pos=PySide6.QtCore.QPoint(50, 50), size=PySide6.QtCore.QSize(75, 90)
2025-09-06 22:27:17,558 - ui_qt.windows.dashboard_window_qt.views.main_dashboard - INFO -   - Icon group_manager: visible=True, pos=PySide6.QtCore.QPoint(170, 50), size=PySide6.QtCore.QSize(75, 90)
2025-09-06 22:27:17,558 - ui_qt.windows.dashboard_window_qt.views.main_dashboard - INFO -   - Icon main_calendar: visible=True, pos=PySide6.QtCore.QPoint(290, 50), size=PySide6.QtCore.QSize(75, 90)
2025-09-06 22:27:17,558 - ui_qt.windows.dashboard_window_qt.views.main_dashboard - INFO -   - Icon question_bank: visible=True, pos=PySide6.QtCore.QPoint(410, 50), size=PySide6.QtCore.QSize(75, 90)
2025-09-06 22:27:17,560 - ui_qt.windows.dashboard_window_qt.views.main_dashboard - INFO - Total apps in repository: 17
2025-09-06 22:27:17,561 - ui_qt.windows.dashboard_window_qt.views.main_dashboard - INFO - Pinned apps: 4
2025-09-06 22:27:17,561 - ui_qt.windows.dashboard_window_qt.views.main_dashboard - INFO -   - App 0: Quản lý học sinh (pinned: True)
2025-09-06 22:27:17,562 - ui_qt.windows.dashboard_window_qt.views.main_dashboard - INFO -   - App 1: Quản lý nhóm học (pinned: True)
2025-09-06 22:27:17,562 - ui_qt.windows.dashboard_window_qt.views.main_dashboard - INFO -   - App 2: Quản lý gói học (pinned: False)
2025-09-06 22:27:17,562 - ui_qt.windows.dashboard_window_qt.views.main_dashboard - INFO - === END DEBUG ===
2025-09-06 22:27:44,373 - ui_qt.windows.dashboard_window_qt.views.main_dashboard - INFO - Handle app launch: question_bank
2025-09-06 22:27:44,376 - ui_qt.windows.dashboard_window_qt.services.app_launcher_service - INFO - Đang khởi chạy app: question_bank
2025-09-06 22:27:44,376 - ui_qt.windows.dashboard_window_qt.services.app_launcher_service - INFO - Importing module: ui_qt.windows.question_bank.views.main_window
2025-09-06 22:27:44,889 - ui_qt.windows.dashboard_window_qt.repositories.settings_repository - INFO - Đã save settings vào C:\Users\lenovo\AppData\Roaming\DashboardQt\settings.json
2025-09-06 22:27:44,889 - ui_qt.windows.dashboard_window_qt.views.main_dashboard - INFO - App launched: question_bank
2025-09-06 22:27:44,889 - ui_qt.windows.dashboard_window_qt.services.app_launcher_service - INFO - Đã khởi chạy app thành công: question_bank
2025-09-06 22:27:53,544 - ui_qt.windows.dashboard_window_qt.views.main_dashboard - INFO - Handle app launch: question_bank
2025-09-06 22:27:53,560 - ui_qt.windows.dashboard_window_qt.services.app_launcher_service - INFO - Đang khởi chạy app: question_bank
2025-09-06 22:27:53,945 - ui_qt.windows.dashboard_window_qt.repositories.settings_repository - INFO - Đã save settings vào C:\Users\lenovo\AppData\Roaming\DashboardQt\settings.json
2025-09-06 22:27:53,945 - ui_qt.windows.dashboard_window_qt.views.main_dashboard - INFO - App launched: question_bank
2025-09-06 22:27:53,945 - ui_qt.windows.dashboard_window_qt.services.app_launcher_service - INFO - Đã khởi chạy app thành công: question_bank
2025-09-06 22:28:12,058 - ui_qt.windows.dashboard_window_qt.views.main_dashboard - INFO - Handle app launch: question_bank
2025-09-06 22:28:12,061 - ui_qt.windows.dashboard_window_qt.services.app_launcher_service - INFO - Đang khởi chạy app: question_bank
2025-09-06 22:28:12,470 - ui_qt.windows.dashboard_window_qt.repositories.settings_repository - INFO - Đã save settings vào C:\Users\lenovo\AppData\Roaming\DashboardQt\settings.json
2025-09-06 22:28:12,470 - ui_qt.windows.dashboard_window_qt.views.main_dashboard - INFO - App launched: question_bank
2025-09-06 22:28:12,470 - ui_qt.windows.dashboard_window_qt.services.app_launcher_service - INFO - Đã khởi chạy app thành công: question_bank
2025-09-06 22:28:15,495 - ui_qt.windows.dashboard_window_qt.repositories.settings_repository - INFO - Đã save settings vào C:\Users\lenovo\AppData\Roaming\DashboardQt\settings.json
2025-09-06 22:28:15,525 - ui_qt.windows.dashboard_window_qt.repositories.settings_repository - INFO - Đã save settings vào C:\Users\lenovo\AppData\Roaming\DashboardQt\settings.json
2025-09-06 22:28:15,526 - ui_qt.windows.dashboard_window_qt.repositories.settings_repository - INFO - Đã save settings vào C:\Users\lenovo\AppData\Roaming\DashboardQt\settings.json
2025-09-06 22:28:15,526 - ui_qt.windows.dashboard_window_qt.services.desktop_service - INFO - Đã lưu vị trí 0 icons
2025-09-06 22:28:15,527 - ui_qt.windows.dashboard_window_qt.views.main_dashboard - INFO - Auto-saved settings
2025-09-06 22:28:23,383 - ui_qt.windows.dashboard_window_qt.views.main_dashboard - INFO - Handle app launch: main_calendar
2025-09-06 22:28:23,393 - ui_qt.windows.dashboard_window_qt.services.app_launcher_service - INFO - Đang khởi chạy app: main_calendar
2025-09-06 22:28:23,393 - ui_qt.windows.dashboard_window_qt.services.app_launcher_service - INFO - Importing module: ui_qt.main_window
2025-09-06 22:28:23,445 - ui_qt.windows.dashboard_window_qt.repositories.settings_repository - INFO - Đã save settings vào C:\Users\lenovo\AppData\Roaming\DashboardQt\settings.json
2025-09-06 22:28:23,445 - ui_qt.windows.dashboard_window_qt.views.main_dashboard - INFO - App launched: main_calendar
2025-09-06 22:28:23,445 - ui_qt.windows.dashboard_window_qt.services.app_launcher_service - INFO - Đã khởi chạy app thành công: main_calendar
2025-09-06 22:28:25,972 - ui_qt.windows.dashboard_window_qt.services.app_launcher_service - INFO - App closed: main_calendar
2025-09-06 22:28:25,972 - ui_qt.windows.dashboard_window_qt.views.main_dashboard - INFO - App closed: main_calendar
2025-09-06 22:28:26,828 - ui_qt.windows.dashboard_window_qt.views.main_dashboard - INFO - Handle app launch: group_manager
2025-09-06 22:28:26,844 - ui_qt.windows.dashboard_window_qt.services.app_launcher_service - INFO - Đang khởi chạy app: group_manager
2025-09-06 22:28:26,844 - ui_qt.windows.dashboard_window_qt.services.app_launcher_service - INFO - Importing module: ui_qt.windows.group_window_qt
2025-09-06 22:28:26,868 - ui_qt.windows.dashboard_window_qt.repositories.settings_repository - INFO - Đã save settings vào C:\Users\lenovo\AppData\Roaming\DashboardQt\settings.json
2025-09-06 22:28:26,868 - ui_qt.windows.dashboard_window_qt.views.main_dashboard - INFO - App launched: group_manager
2025-09-06 22:28:26,869 - ui_qt.windows.dashboard_window_qt.services.app_launcher_service - INFO - Đã khởi chạy app thành công: group_manager
2025-09-06 22:28:37,375 - ui_qt.windows.dashboard_window_qt.repositories.settings_repository - INFO - Đã save settings vào C:\Users\lenovo\AppData\Roaming\DashboardQt\settings.json
2025-09-06 22:28:37,376 - ui_qt.windows.dashboard_window_qt.repositories.settings_repository - INFO - Đã save settings vào C:\Users\lenovo\AppData\Roaming\DashboardQt\settings.json
2025-09-06 22:28:37,376 - ui_qt.windows.dashboard_window_qt.services.desktop_service - INFO - Đã lưu vị trí 0 icons
2025-09-06 22:28:37,392 - ui_qt.windows.dashboard_window_qt.services.app_launcher_service - INFO - Cleaning up app launcher service...
2025-09-06 22:28:37,393 - __main__ - INFO - Shutting down application...
2025-09-06 22:28:37,394 - ui_qt.windows.dashboard_window_qt.repositories.settings_repository - INFO - Đã save settings vào C:\Users\lenovo\AppData\Roaming\DashboardQt\settings.json
2025-09-06 22:28:37,395 - ui_qt.windows.dashboard_window_qt.repositories.settings_repository - INFO - Đã save settings vào C:\Users\lenovo\AppData\Roaming\DashboardQt\settings.json
2025-09-06 22:28:37,395 - ui_qt.windows.dashboard_window_qt.services.desktop_service - INFO - Đã lưu vị trí 0 icons
2025-09-06 22:28:37,395 - __main__ - INFO - ✓ Settings saved
2025-09-06 22:28:37,395 - __main__ - ERROR - Error during shutdown: 'DatabaseManager' object has no attribute 'close'
2025-09-06 22:28:37,395 - __main__ - INFO - ======================================================================
2025-09-06 22:28:37,395 - __main__ - INFO - Application shutdown complete
2025-09-06 22:28:37,395 - __main__ - INFO - ======================================================================
2025-09-06 22:28:37,403 - ui_qt.windows.dashboard_window_qt.services.app_launcher_service - INFO - App closed: question_bank
2025-09-06 22:28:37,421 - ui_qt.windows.dashboard_window_qt.services.app_launcher_service - INFO - App closed: question_bank
2025-09-06 22:28:37,434 - ui_qt.windows.dashboard_window_qt.services.app_launcher_service - INFO - App closed: question_bank
2025-09-06 22:28:37,446 - ui_qt.windows.dashboard_window_qt.services.app_launcher_service - INFO - App closed: group_manager
