2025-09-06 23:14:51,373 - __main__ - INFO - ======================================================================
2025-09-06 23:14:51,373 - __main__ - INFO - 🚀 Starting Dashboard Desktop Application
2025-09-06 23:14:51,373 - __main__ - INFO - ======================================================================
2025-09-06 23:14:51,397 - __main__ - INFO - ✓ Application initialized
2025-09-06 23:14:55,383 - __main__ - INFO - ✓ Directory structure ready (mode: main)
2025-09-06 23:14:55,389 - __main__ - INFO - ✓ Database connected
2025-09-06 23:14:55,448 - ui_qt.windows.dashboard_window_qt.utils.assets - INFO - Assets manager đã khởi tạo
2025-09-06 23:14:55,452 - __main__ - INFO - Loading MainDashboard (Desktop-Style)...
2025-09-06 23:14:55,461 - ui_qt.windows.dashboard_window_qt.repositories.settings_repository - INFO - Đã load settings từ C:\Users\lenovo\AppData\Roaming\DashboardQt\settings.json
2025-09-06 23:14:55,469 - ui_qt.windows.dashboard_window_qt.services.desktop_service - INFO - Đã load vị trí 0 icons
2025-09-06 23:14:55,508 - ui_qt.windows.dashboard_window_qt.repositories.settings_repository - INFO - Đã save settings vào C:\Users\lenovo\AppData\Roaming\DashboardQt\settings.json
2025-09-06 23:14:55,509 - ui_qt.windows.dashboard_window_qt.views.desktop.desktop_area - INFO - Wallpaper set: default (mode: fill)
2025-09-06 23:14:55,509 - ui_qt.windows.dashboard_window_qt.views.desktop.desktop_area - INFO - Desktop settings loaded
2025-09-06 23:14:55,509 - ui_qt.windows.dashboard_window_qt.views.desktop.desktop_area - INFO - Desktop Area initialized
2025-09-06 23:14:55,509 - ui_qt.windows.dashboard_window_qt.views.main_dashboard - INFO - Desktop area created successfully
2025-09-06 23:14:55,530 - ui_qt.windows.dashboard_window_qt.views.main_dashboard - INFO - Đang load desktop icons...
2025-09-06 23:14:55,530 - ui_qt.windows.dashboard_window_qt.repositories.app_repository - INFO - Total apps in repository: 17
2025-09-06 23:14:55,530 - ui_qt.windows.dashboard_window_qt.repositories.app_repository - INFO - Apps with pinned=True: 4
2025-09-06 23:14:55,530 - ui_qt.windows.dashboard_window_qt.repositories.app_repository - INFO -   Pinned: student_manager (rank=9)
2025-09-06 23:14:55,530 - ui_qt.windows.dashboard_window_qt.repositories.app_repository - INFO -   Pinned: group_manager (rank=8)
2025-09-06 23:14:55,530 - ui_qt.windows.dashboard_window_qt.repositories.app_repository - INFO -   Pinned: main_calendar (rank=10)
2025-09-06 23:14:55,530 - ui_qt.windows.dashboard_window_qt.repositories.app_repository - INFO -   Pinned: question_bank (rank=9)
2025-09-06 23:14:55,530 - ui_qt.windows.dashboard_window_qt.repositories.app_repository - INFO - After sorting, returning 4 apps
2025-09-06 23:14:55,531 - ui_qt.windows.dashboard_window_qt.views.main_dashboard - INFO - Got 4 pinned apps from repository
2025-09-06 23:14:55,531 - ui_qt.windows.dashboard_window_qt.views.main_dashboard - INFO -   App 0: group_manager
2025-09-06 23:14:55,531 - ui_qt.windows.dashboard_window_qt.views.main_dashboard - INFO -   App 1: student_manager
2025-09-06 23:14:55,531 - ui_qt.windows.dashboard_window_qt.views.main_dashboard - INFO -   App 2: question_bank
2025-09-06 23:14:55,531 - ui_qt.windows.dashboard_window_qt.views.main_dashboard - INFO -   App 3: main_calendar
2025-09-06 23:14:55,531 - ui_qt.windows.dashboard_window_qt.views.main_dashboard - INFO - Sẽ load 4 icons lên desktop
2025-09-06 23:14:55,546 - ui_qt.windows.dashboard_window_qt.repositories.settings_repository - INFO - Đã save settings vào C:\Users\lenovo\AppData\Roaming\DashboardQt\settings.json
2025-09-06 23:14:55,546 - ui_qt.windows.dashboard_window_qt.views.main_dashboard - INFO - Đã tạo icon: Quản lý nhóm học tại PySide6.QtCore.QPoint(20, 20)
2025-09-06 23:14:55,548 - ui_qt.windows.dashboard_window_qt.repositories.settings_repository - INFO - Đã save settings vào C:\Users\lenovo\AppData\Roaming\DashboardQt\settings.json
2025-09-06 23:14:55,548 - ui_qt.windows.dashboard_window_qt.views.main_dashboard - INFO - Đã tạo icon: Quản lý học sinh tại PySide6.QtCore.QPoint(110, 20)
2025-09-06 23:14:55,549 - ui_qt.windows.dashboard_window_qt.repositories.settings_repository - INFO - Đã save settings vào C:\Users\lenovo\AppData\Roaming\DashboardQt\settings.json
2025-09-06 23:14:55,549 - ui_qt.windows.dashboard_window_qt.views.main_dashboard - INFO - Đã tạo icon: Ngân hàng câu hỏi tại PySide6.QtCore.QPoint(200, 20)
2025-09-06 23:14:55,551 - ui_qt.windows.dashboard_window_qt.repositories.settings_repository - INFO - Đã save settings vào C:\Users\lenovo\AppData\Roaming\DashboardQt\settings.json
2025-09-06 23:14:55,551 - ui_qt.windows.dashboard_window_qt.views.main_dashboard - INFO - Đã tạo icon: Lịch dạy (Main) tại PySide6.QtCore.QPoint(290, 20)
2025-09-06 23:14:55,551 - ui_qt.windows.dashboard_window_qt.views.main_dashboard - INFO - Đã tạo thành công 4 icons
2025-09-06 23:14:55,574 - ui_qt.windows.dashboard_window_qt.views.main_dashboard - INFO - Dashboard window hiển thị thành công
2025-09-06 23:14:55,574 - __main__ - INFO - ✓ Dashboard loaded (main)
2025-09-06 23:14:55,625 - __main__ - INFO - Assets manager initialized
2025-09-06 23:14:55,640 - __main__ - INFO - Settings loaded
2025-09-06 23:14:55,661 - __main__ - INFO - All services initialized successfully
2025-09-06 23:14:55,662 - __main__ - INFO - ✓ Application ready - Starting event loop
2025-09-06 23:14:56,570 - ui_qt.windows.dashboard_window_qt.views.main_dashboard - INFO - === DEBUG DESKTOP ICONS ===
2025-09-06 23:14:56,570 - ui_qt.windows.dashboard_window_qt.views.main_dashboard - INFO - Desktop area type: <class 'ui_qt.windows.dashboard_window_qt.views.desktop.desktop_area.DesktopArea'>
2025-09-06 23:14:56,570 - ui_qt.windows.dashboard_window_qt.views.main_dashboard - INFO - Icon container exists: <PySide6.QtWidgets.QWidget(0x1756e731fb0) at 0x000001750E2D9E80>
2025-09-06 23:14:56,570 - ui_qt.windows.dashboard_window_qt.views.main_dashboard - INFO - Container visible: True
2025-09-06 23:14:56,570 - ui_qt.windows.dashboard_window_qt.views.main_dashboard - INFO - Container size: PySide6.QtCore.QSize(1536, 600)
2025-09-06 23:14:56,570 - ui_qt.windows.dashboard_window_qt.views.main_dashboard - INFO - Desktop icons count: 4
2025-09-06 23:14:56,570 - ui_qt.windows.dashboard_window_qt.views.main_dashboard - INFO -   - group_manager: visible=True, pos=PySide6.QtCore.QPoint(20, 20)
2025-09-06 23:14:56,570 - ui_qt.windows.dashboard_window_qt.views.main_dashboard - INFO -   - student_manager: visible=True, pos=PySide6.QtCore.QPoint(110, 20)
2025-09-06 23:14:56,570 - ui_qt.windows.dashboard_window_qt.views.main_dashboard - INFO -   - question_bank: visible=True, pos=PySide6.QtCore.QPoint(200, 20)
2025-09-06 23:14:56,570 - ui_qt.windows.dashboard_window_qt.views.main_dashboard - INFO -   - main_calendar: visible=True, pos=PySide6.QtCore.QPoint(290, 20)
2025-09-06 23:14:56,570 - ui_qt.windows.dashboard_window_qt.views.main_dashboard - INFO - === END DEBUG ===
2025-09-06 23:14:57,580 - ui_qt.windows.dashboard_window_qt.views.main_dashboard - INFO - === DEBUG DESKTOP STATE ===
2025-09-06 23:14:57,581 - ui_qt.windows.dashboard_window_qt.views.main_dashboard - INFO - Desktop area exists: True
2025-09-06 23:14:57,581 - ui_qt.windows.dashboard_window_qt.views.main_dashboard - INFO - Desktop area visible: True
2025-09-06 23:14:57,581 - ui_qt.windows.dashboard_window_qt.views.main_dashboard - INFO - Desktop area size: PySide6.QtCore.QSize(1536, 600)
2025-09-06 23:14:57,581 - ui_qt.windows.dashboard_window_qt.views.main_dashboard - INFO - Desktop area children: 2
2025-09-06 23:14:57,581 - ui_qt.windows.dashboard_window_qt.views.main_dashboard - INFO - Desktop icons count: 4
2025-09-06 23:14:57,581 - ui_qt.windows.dashboard_window_qt.views.main_dashboard - INFO -   - Icon group_manager: visible=True, pos=PySide6.QtCore.QPoint(20, 20), size=PySide6.QtCore.QSize(75, 90)
2025-09-06 23:14:57,581 - ui_qt.windows.dashboard_window_qt.views.main_dashboard - INFO -   - Icon student_manager: visible=True, pos=PySide6.QtCore.QPoint(110, 20), size=PySide6.QtCore.QSize(75, 90)
2025-09-06 23:14:57,582 - ui_qt.windows.dashboard_window_qt.views.main_dashboard - INFO -   - Icon question_bank: visible=True, pos=PySide6.QtCore.QPoint(200, 20), size=PySide6.QtCore.QSize(75, 90)
2025-09-06 23:14:57,582 - ui_qt.windows.dashboard_window_qt.views.main_dashboard - INFO -   - Icon main_calendar: visible=True, pos=PySide6.QtCore.QPoint(290, 20), size=PySide6.QtCore.QSize(75, 90)
2025-09-06 23:14:57,583 - ui_qt.windows.dashboard_window_qt.views.main_dashboard - INFO - Total apps in repository: 17
2025-09-06 23:14:57,584 - ui_qt.windows.dashboard_window_qt.repositories.app_repository - INFO - Total apps in repository: 17
2025-09-06 23:14:57,584 - ui_qt.windows.dashboard_window_qt.repositories.app_repository - INFO - Apps with pinned=True: 4
2025-09-06 23:14:57,584 - ui_qt.windows.dashboard_window_qt.repositories.app_repository - INFO -   Pinned: student_manager (rank=9)
2025-09-06 23:14:57,584 - ui_qt.windows.dashboard_window_qt.repositories.app_repository - INFO -   Pinned: group_manager (rank=8)
2025-09-06 23:14:57,585 - ui_qt.windows.dashboard_window_qt.repositories.app_repository - INFO -   Pinned: main_calendar (rank=10)
2025-09-06 23:14:57,585 - ui_qt.windows.dashboard_window_qt.repositories.app_repository - INFO -   Pinned: question_bank (rank=9)
2025-09-06 23:14:57,585 - ui_qt.windows.dashboard_window_qt.repositories.app_repository - INFO - After sorting, returning 4 apps
2025-09-06 23:14:57,585 - ui_qt.windows.dashboard_window_qt.views.main_dashboard - INFO - Pinned apps: 4
2025-09-06 23:14:57,585 - ui_qt.windows.dashboard_window_qt.views.main_dashboard - INFO -   - App 0: Quản lý học sinh (pinned: True)
2025-09-06 23:14:57,585 - ui_qt.windows.dashboard_window_qt.views.main_dashboard - INFO -   - App 1: Quản lý nhóm học (pinned: True)
2025-09-06 23:14:57,585 - ui_qt.windows.dashboard_window_qt.views.main_dashboard - INFO -   - App 2: Quản lý gói học (pinned: False)
2025-09-06 23:14:57,585 - ui_qt.windows.dashboard_window_qt.views.main_dashboard - INFO - === END DEBUG ===
2025-09-06 23:15:55,461 - ui_qt.windows.dashboard_window_qt.repositories.settings_repository - INFO - Đã save settings vào C:\Users\lenovo\AppData\Roaming\DashboardQt\settings.json
2025-09-06 23:15:55,568 - ui_qt.windows.dashboard_window_qt.repositories.settings_repository - INFO - Đã save settings vào C:\Users\lenovo\AppData\Roaming\DashboardQt\settings.json
2025-09-06 23:15:55,570 - ui_qt.windows.dashboard_window_qt.repositories.settings_repository - INFO - Đã save settings vào C:\Users\lenovo\AppData\Roaming\DashboardQt\settings.json
2025-09-06 23:15:55,570 - ui_qt.windows.dashboard_window_qt.services.desktop_service - INFO - Đã lưu vị trí 0 icons
2025-09-06 23:15:55,570 - ui_qt.windows.dashboard_window_qt.views.main_dashboard - INFO - Auto-saved settings
2025-09-06 23:16:55,463 - ui_qt.windows.dashboard_window_qt.repositories.settings_repository - INFO - Đã save settings vào C:\Users\lenovo\AppData\Roaming\DashboardQt\settings.json
2025-09-06 23:16:55,588 - ui_qt.windows.dashboard_window_qt.repositories.settings_repository - INFO - Đã save settings vào C:\Users\lenovo\AppData\Roaming\DashboardQt\settings.json
2025-09-06 23:16:55,590 - ui_qt.windows.dashboard_window_qt.repositories.settings_repository - INFO - Đã save settings vào C:\Users\lenovo\AppData\Roaming\DashboardQt\settings.json
2025-09-06 23:16:55,590 - ui_qt.windows.dashboard_window_qt.services.desktop_service - INFO - Đã lưu vị trí 0 icons
2025-09-06 23:16:55,590 - ui_qt.windows.dashboard_window_qt.views.main_dashboard - INFO - Auto-saved settings
2025-09-06 23:17:55,461 - ui_qt.windows.dashboard_window_qt.repositories.settings_repository - INFO - Đã save settings vào C:\Users\lenovo\AppData\Roaming\DashboardQt\settings.json
2025-09-06 23:17:55,585 - ui_qt.windows.dashboard_window_qt.repositories.settings_repository - INFO - Đã save settings vào C:\Users\lenovo\AppData\Roaming\DashboardQt\settings.json
2025-09-06 23:17:55,586 - ui_qt.windows.dashboard_window_qt.repositories.settings_repository - INFO - Đã save settings vào C:\Users\lenovo\AppData\Roaming\DashboardQt\settings.json
2025-09-06 23:17:55,586 - ui_qt.windows.dashboard_window_qt.services.desktop_service - INFO - Đã lưu vị trí 0 icons
2025-09-06 23:17:55,586 - ui_qt.windows.dashboard_window_qt.views.main_dashboard - INFO - Auto-saved settings
2025-09-06 23:18:55,475 - ui_qt.windows.dashboard_window_qt.repositories.settings_repository - INFO - Đã save settings vào C:\Users\lenovo\AppData\Roaming\DashboardQt\settings.json
2025-09-06 23:18:55,584 - ui_qt.windows.dashboard_window_qt.repositories.settings_repository - INFO - Đã save settings vào C:\Users\lenovo\AppData\Roaming\DashboardQt\settings.json
2025-09-06 23:18:55,585 - ui_qt.windows.dashboard_window_qt.repositories.settings_repository - INFO - Đã save settings vào C:\Users\lenovo\AppData\Roaming\DashboardQt\settings.json
2025-09-06 23:18:55,586 - ui_qt.windows.dashboard_window_qt.services.desktop_service - INFO - Đã lưu vị trí 0 icons
2025-09-06 23:18:55,586 - ui_qt.windows.dashboard_window_qt.views.main_dashboard - INFO - Auto-saved settings
2025-09-06 23:19:55,496 - ui_qt.windows.dashboard_window_qt.repositories.settings_repository - INFO - Đã save settings vào C:\Users\lenovo\AppData\Roaming\DashboardQt\settings.json
2025-09-06 23:19:55,603 - ui_qt.windows.dashboard_window_qt.repositories.settings_repository - INFO - Đã save settings vào C:\Users\lenovo\AppData\Roaming\DashboardQt\settings.json
2025-09-06 23:19:55,605 - ui_qt.windows.dashboard_window_qt.repositories.settings_repository - INFO - Đã save settings vào C:\Users\lenovo\AppData\Roaming\DashboardQt\settings.json
2025-09-06 23:19:55,605 - ui_qt.windows.dashboard_window_qt.services.desktop_service - INFO - Đã lưu vị trí 0 icons
2025-09-06 23:19:55,605 - ui_qt.windows.dashboard_window_qt.views.main_dashboard - INFO - Auto-saved settings
