2025-09-06 23:30:37,535 - __main__ - INFO - ======================================================================
2025-09-06 23:30:37,535 - __main__ - INFO - 🚀 Starting Dashboard Desktop Application
2025-09-06 23:30:37,535 - __main__ - INFO - ======================================================================
2025-09-06 23:30:37,557 - __main__ - INFO - ✓ Application initialized
2025-09-06 23:30:38,989 - __main__ - INFO - ✓ Directory structure ready (mode: main)
2025-09-06 23:30:38,994 - __main__ - INFO - ✓ Database connected
2025-09-06 23:30:39,045 - ui_qt.windows.dashboard_window_qt.utils.assets - INFO - Assets manager đã khởi tạo
2025-09-06 23:30:39,052 - __main__ - INFO - Loading MainDashboard (Desktop-Style)...
2025-09-06 23:30:39,063 - ui_qt.windows.dashboard_window_qt.repositories.settings_repository - INFO - Đã load settings từ C:\Users\lenovo\AppData\Roaming\DashboardQt\settings.json
2025-09-06 23:30:39,063 - ui_qt.windows.dashboard_window_qt.services.desktop_service - INFO - Đã load vị trí 0 icons
2025-09-06 23:30:39,078 - ui_qt.windows.dashboard_window_qt.repositories.settings_repository - INFO - Đã save settings vào C:\Users\lenovo\AppData\Roaming\DashboardQt\settings.json
2025-09-06 23:30:39,078 - ui_qt.windows.dashboard_window_qt.views.desktop.desktop_area - INFO - Wallpaper set: default (mode: fill)
2025-09-06 23:30:39,078 - ui_qt.windows.dashboard_window_qt.views.desktop.desktop_area - INFO - Desktop settings loaded
2025-09-06 23:30:39,078 - ui_qt.windows.dashboard_window_qt.views.desktop.desktop_area - INFO - Desktop Area initialized
2025-09-06 23:30:39,078 - ui_qt.windows.dashboard_window_qt.views.main_dashboard - INFO - Desktop area created successfully
2025-09-06 23:30:39,098 - ui_qt.windows.dashboard_window_qt.views.main_dashboard - INFO - Đang load desktop icons...
2025-09-06 23:30:39,099 - ui_qt.windows.dashboard_window_qt.repositories.app_repository - INFO - Storage path: dashboard_apps.json
2025-09-06 23:30:39,099 - ui_qt.windows.dashboard_window_qt.repositories.app_repository - INFO - Storage exists: True
2025-09-06 23:30:39,099 - ui_qt.windows.dashboard_window_qt.repositories.app_repository - INFO - Total apps in storage: 17
2025-09-06 23:30:39,099 - ui_qt.windows.dashboard_window_qt.repositories.app_repository - INFO - Apps with pinned=True: 4
2025-09-06 23:30:39,099 - ui_qt.windows.dashboard_window_qt.repositories.app_repository - INFO -   Pinned: student_manager (rank=9)
2025-09-06 23:30:39,099 - ui_qt.windows.dashboard_window_qt.repositories.app_repository - INFO -   Pinned: group_manager (rank=8)
2025-09-06 23:30:39,099 - ui_qt.windows.dashboard_window_qt.repositories.app_repository - INFO -   Pinned: main_calendar (rank=10)
2025-09-06 23:30:39,099 - ui_qt.windows.dashboard_window_qt.repositories.app_repository - INFO -   Pinned: question_bank (rank=9)
2025-09-06 23:30:39,099 - ui_qt.windows.dashboard_window_qt.repositories.app_repository - INFO - Returning 4 pinned apps
2025-09-06 23:30:39,099 - ui_qt.windows.dashboard_window_qt.views.main_dashboard - INFO - Got 4 pinned apps from repository
2025-09-06 23:30:39,099 - ui_qt.windows.dashboard_window_qt.views.main_dashboard - INFO -   App 0: group_manager
2025-09-06 23:30:39,099 - ui_qt.windows.dashboard_window_qt.views.main_dashboard - INFO -   App 1: student_manager
2025-09-06 23:30:39,099 - ui_qt.windows.dashboard_window_qt.views.main_dashboard - INFO -   App 2: question_bank
2025-09-06 23:30:39,099 - ui_qt.windows.dashboard_window_qt.views.main_dashboard - INFO -   App 3: main_calendar
2025-09-06 23:30:39,099 - ui_qt.windows.dashboard_window_qt.views.main_dashboard - INFO - Sẽ load 4 icons lên desktop
2025-09-06 23:30:39,105 - ui_qt.windows.dashboard_window_qt.repositories.settings_repository - INFO - Đã save settings vào C:\Users\lenovo\AppData\Roaming\DashboardQt\settings.json
2025-09-06 23:30:39,106 - ui_qt.windows.dashboard_window_qt.views.main_dashboard - INFO - Đã tạo icon: Quản lý nhóm học tại PySide6.QtCore.QPoint(20, 20)
2025-09-06 23:30:39,107 - ui_qt.windows.dashboard_window_qt.repositories.settings_repository - INFO - Đã save settings vào C:\Users\lenovo\AppData\Roaming\DashboardQt\settings.json
2025-09-06 23:30:39,107 - ui_qt.windows.dashboard_window_qt.views.main_dashboard - INFO - Đã tạo icon: Quản lý học sinh tại PySide6.QtCore.QPoint(110, 20)
2025-09-06 23:30:39,108 - ui_qt.windows.dashboard_window_qt.repositories.settings_repository - INFO - Đã save settings vào C:\Users\lenovo\AppData\Roaming\DashboardQt\settings.json
2025-09-06 23:30:39,109 - ui_qt.windows.dashboard_window_qt.views.main_dashboard - INFO - Đã tạo icon: Ngân hàng câu hỏi tại PySide6.QtCore.QPoint(200, 20)
2025-09-06 23:30:39,110 - ui_qt.windows.dashboard_window_qt.repositories.settings_repository - INFO - Đã save settings vào C:\Users\lenovo\AppData\Roaming\DashboardQt\settings.json
2025-09-06 23:30:39,110 - ui_qt.windows.dashboard_window_qt.views.main_dashboard - INFO - Đã tạo icon: Lịch dạy (Main) tại PySide6.QtCore.QPoint(290, 20)
2025-09-06 23:30:39,110 - ui_qt.windows.dashboard_window_qt.views.main_dashboard - INFO - Đã tạo thành công 4 icons
2025-09-06 23:30:39,129 - ui_qt.windows.dashboard_window_qt.views.main_dashboard - INFO - Dashboard window hiển thị thành công
2025-09-06 23:30:39,130 - __main__ - INFO - ✓ Dashboard loaded (main)
2025-09-06 23:30:39,165 - __main__ - INFO - Assets manager initialized
2025-09-06 23:30:39,168 - __main__ - INFO - Settings loaded
2025-09-06 23:30:39,174 - __main__ - INFO - All services initialized successfully
2025-09-06 23:30:39,176 - __main__ - INFO - ✓ Application ready - Starting event loop
2025-09-06 23:30:40,134 - ui_qt.windows.dashboard_window_qt.views.main_dashboard - INFO - === DEBUG DESKTOP ICONS ===
2025-09-06 23:30:40,135 - ui_qt.windows.dashboard_window_qt.views.main_dashboard - INFO - Desktop area type: <class 'ui_qt.windows.dashboard_window_qt.views.desktop.desktop_area.DesktopArea'>
2025-09-06 23:30:40,135 - ui_qt.windows.dashboard_window_qt.views.main_dashboard - INFO - Icon container exists: <PySide6.QtWidgets.QWidget(0x2ae7e452730) at 0x000002AE019FA080>
2025-09-06 23:30:40,135 - ui_qt.windows.dashboard_window_qt.views.main_dashboard - INFO - Container visible: True
2025-09-06 23:30:40,135 - ui_qt.windows.dashboard_window_qt.views.main_dashboard - INFO - Container size: PySide6.QtCore.QSize(1536, 600)
2025-09-06 23:30:40,135 - ui_qt.windows.dashboard_window_qt.views.main_dashboard - INFO - Desktop icons count: 4
2025-09-06 23:30:40,135 - ui_qt.windows.dashboard_window_qt.views.main_dashboard - INFO -   - group_manager: visible=True, pos=PySide6.QtCore.QPoint(20, 20)
2025-09-06 23:30:40,135 - ui_qt.windows.dashboard_window_qt.views.main_dashboard - INFO -   - student_manager: visible=True, pos=PySide6.QtCore.QPoint(110, 20)
2025-09-06 23:30:40,135 - ui_qt.windows.dashboard_window_qt.views.main_dashboard - INFO -   - question_bank: visible=True, pos=PySide6.QtCore.QPoint(200, 20)
2025-09-06 23:30:40,135 - ui_qt.windows.dashboard_window_qt.views.main_dashboard - INFO -   - main_calendar: visible=True, pos=PySide6.QtCore.QPoint(290, 20)
2025-09-06 23:30:40,136 - ui_qt.windows.dashboard_window_qt.views.main_dashboard - INFO - === END DEBUG ===
2025-09-06 23:30:41,127 - ui_qt.windows.dashboard_window_qt.views.main_dashboard - INFO - === DEBUG DESKTOP STATE ===
2025-09-06 23:30:41,127 - ui_qt.windows.dashboard_window_qt.views.main_dashboard - INFO - Desktop area exists: True
2025-09-06 23:30:41,127 - ui_qt.windows.dashboard_window_qt.views.main_dashboard - INFO - Desktop area visible: True
2025-09-06 23:30:41,127 - ui_qt.windows.dashboard_window_qt.views.main_dashboard - INFO - Desktop area size: PySide6.QtCore.QSize(1536, 600)
2025-09-06 23:30:41,127 - ui_qt.windows.dashboard_window_qt.views.main_dashboard - INFO - Desktop area children: 2
2025-09-06 23:30:41,127 - ui_qt.windows.dashboard_window_qt.views.main_dashboard - INFO - Desktop icons count: 4
2025-09-06 23:30:41,127 - ui_qt.windows.dashboard_window_qt.views.main_dashboard - INFO -   - Icon group_manager: visible=True, pos=PySide6.QtCore.QPoint(20, 20), size=PySide6.QtCore.QSize(75, 90)
2025-09-06 23:30:41,128 - ui_qt.windows.dashboard_window_qt.views.main_dashboard - INFO -   - Icon student_manager: visible=True, pos=PySide6.QtCore.QPoint(110, 20), size=PySide6.QtCore.QSize(75, 90)
2025-09-06 23:30:41,128 - ui_qt.windows.dashboard_window_qt.views.main_dashboard - INFO -   - Icon question_bank: visible=True, pos=PySide6.QtCore.QPoint(200, 20), size=PySide6.QtCore.QSize(75, 90)
2025-09-06 23:30:41,128 - ui_qt.windows.dashboard_window_qt.views.main_dashboard - INFO -   - Icon main_calendar: visible=True, pos=PySide6.QtCore.QPoint(290, 20), size=PySide6.QtCore.QSize(75, 90)
2025-09-06 23:30:41,130 - ui_qt.windows.dashboard_window_qt.views.main_dashboard - INFO - Total apps in repository: 17
2025-09-06 23:30:41,130 - ui_qt.windows.dashboard_window_qt.repositories.app_repository - INFO - Storage path: dashboard_apps.json
2025-09-06 23:30:41,130 - ui_qt.windows.dashboard_window_qt.repositories.app_repository - INFO - Storage exists: True
2025-09-06 23:30:41,131 - ui_qt.windows.dashboard_window_qt.repositories.app_repository - INFO - Total apps in storage: 17
2025-09-06 23:30:41,131 - ui_qt.windows.dashboard_window_qt.repositories.app_repository - INFO - Apps with pinned=True: 4
2025-09-06 23:30:41,131 - ui_qt.windows.dashboard_window_qt.repositories.app_repository - INFO -   Pinned: student_manager (rank=9)
2025-09-06 23:30:41,131 - ui_qt.windows.dashboard_window_qt.repositories.app_repository - INFO -   Pinned: group_manager (rank=8)
2025-09-06 23:30:41,131 - ui_qt.windows.dashboard_window_qt.repositories.app_repository - INFO -   Pinned: main_calendar (rank=10)
2025-09-06 23:30:41,132 - ui_qt.windows.dashboard_window_qt.repositories.app_repository - INFO -   Pinned: question_bank (rank=9)
2025-09-06 23:30:41,132 - ui_qt.windows.dashboard_window_qt.repositories.app_repository - INFO - Returning 4 pinned apps
2025-09-06 23:30:41,132 - ui_qt.windows.dashboard_window_qt.views.main_dashboard - INFO - Pinned apps: 4
2025-09-06 23:30:41,132 - ui_qt.windows.dashboard_window_qt.views.main_dashboard - INFO -   - App 0: Quản lý học sinh (pinned: True)
2025-09-06 23:30:41,132 - ui_qt.windows.dashboard_window_qt.views.main_dashboard - INFO -   - App 1: Quản lý nhóm học (pinned: True)
2025-09-06 23:30:41,132 - ui_qt.windows.dashboard_window_qt.views.main_dashboard - INFO -   - App 2: Quản lý gói học (pinned: False)
2025-09-06 23:30:41,132 - ui_qt.windows.dashboard_window_qt.views.main_dashboard - INFO - === END DEBUG ===
2025-09-06 23:31:39,060 - ui_qt.windows.dashboard_window_qt.repositories.settings_repository - INFO - Đã save settings vào C:\Users\lenovo\AppData\Roaming\DashboardQt\settings.json
2025-09-06 23:31:39,137 - ui_qt.windows.dashboard_window_qt.repositories.settings_repository - INFO - Đã save settings vào C:\Users\lenovo\AppData\Roaming\DashboardQt\settings.json
2025-09-06 23:31:39,138 - ui_qt.windows.dashboard_window_qt.repositories.settings_repository - INFO - Đã save settings vào C:\Users\lenovo\AppData\Roaming\DashboardQt\settings.json
2025-09-06 23:31:39,138 - ui_qt.windows.dashboard_window_qt.services.desktop_service - INFO - Đã lưu vị trí 0 icons
2025-09-06 23:31:39,138 - ui_qt.windows.dashboard_window_qt.views.main_dashboard - INFO - Auto-saved settings
2025-09-06 23:32:39,057 - ui_qt.windows.dashboard_window_qt.repositories.settings_repository - INFO - Đã save settings vào C:\Users\lenovo\AppData\Roaming\DashboardQt\settings.json
2025-09-06 23:32:39,136 - ui_qt.windows.dashboard_window_qt.repositories.settings_repository - INFO - Đã save settings vào C:\Users\lenovo\AppData\Roaming\DashboardQt\settings.json
2025-09-06 23:32:39,137 - ui_qt.windows.dashboard_window_qt.repositories.settings_repository - INFO - Đã save settings vào C:\Users\lenovo\AppData\Roaming\DashboardQt\settings.json
2025-09-06 23:32:39,137 - ui_qt.windows.dashboard_window_qt.services.desktop_service - INFO - Đã lưu vị trí 0 icons
2025-09-06 23:32:39,138 - ui_qt.windows.dashboard_window_qt.views.main_dashboard - INFO - Auto-saved settings
