2025-09-07 11:06:21,131 - __main__ - INFO - ======================================================================
2025-09-07 11:06:21,131 - __main__ - INFO - 🚀 Starting Dashboard Desktop Application
2025-09-07 11:06:21,131 - __main__ - INFO - ======================================================================
2025-09-07 11:06:21,155 - __main__ - INFO - ✓ Application initialized
2025-09-07 11:06:22,597 - __main__ - INFO - ✓ Directory structure ready (mode: main)
2025-09-07 11:06:22,603 - __main__ - INFO - ✓ Database connected
2025-09-07 11:06:22,650 - ui_qt.windows.dashboard_window_qt.utils.assets - INFO - Assets manager đã khởi tạo
2025-09-07 11:06:22,657 - __main__ - INFO - Loading MainDashboard (Desktop-Style)...
2025-09-07 11:06:22,996 - ui_qt.windows.dashboard_window_qt.repositories.app_repository - INFO - Storage path: dashboard_apps.json
2025-09-07 11:06:22,996 - ui_qt.windows.dashboard_window_qt.repositories.app_repository - INFO - Storage exists: True
2025-09-07 11:06:22,997 - ui_qt.windows.dashboard_window_qt.repositories.app_repository - INFO - Total apps in storage: 17
2025-09-07 11:06:22,997 - ui_qt.windows.dashboard_window_qt.views.main_dashboard - WARNING - Have 17 apps but may only show some!
2025-09-07 11:06:23,419 - __main__ - INFO - ✓ Dashboard loaded (main)
2025-09-07 11:06:23,783 - __main__ - INFO - Assets manager initialized
2025-09-07 11:06:23,785 - __main__ - INFO - Settings loaded
2025-09-07 11:06:23,792 - __main__ - INFO - All services initialized successfully
2025-09-07 11:06:23,793 - __main__ - INFO - ✓ Application ready - Starting event loop
2025-09-07 11:06:40,456 - ui_qt.windows.dashboard_window_qt.services.app_launcher_service - INFO - Đang khởi chạy app: question_bank
2025-09-07 11:06:40,456 - ui_qt.windows.dashboard_window_qt.services.app_launcher_service - INFO - Importing module: ui_qt.windows.question_bank.views.main_window
2025-09-07 11:06:40,911 - ui_qt.windows.dashboard_window_qt.views.main_dashboard - INFO - App launched: question_bank
2025-09-07 11:06:40,911 - ui_qt.windows.dashboard_window_qt.views.main_dashboard - ERROR - Error adding button to taskbar: 'PySide6.QtWidgets.QWidget' object has no attribute 'add_app_button'
2025-09-07 11:06:40,935 - ui_qt.windows.dashboard_window_qt.views.main_dashboard - INFO - App launched: question_bank
2025-09-07 11:06:40,935 - ui_qt.windows.dashboard_window_qt.views.main_dashboard - ERROR - Error adding button to taskbar: 'PySide6.QtWidgets.QWidget' object has no attribute 'add_app_button'
2025-09-07 11:06:40,935 - ui_qt.windows.dashboard_window_qt.services.app_launcher_service - INFO - Đã khởi chạy app thành công: question_bank
2025-09-07 11:06:53,618 - ui_qt.windows.dashboard_window_qt.services.app_launcher_service - INFO - Đang khởi chạy app: main_calendar
2025-09-07 11:06:53,618 - ui_qt.windows.dashboard_window_qt.services.app_launcher_service - INFO - Importing module: ui_qt.main_window
2025-09-07 11:06:53,643 - ui_qt.windows.dashboard_window_qt.views.main_dashboard - INFO - App launched: main_calendar
2025-09-07 11:06:53,643 - ui_qt.windows.dashboard_window_qt.views.main_dashboard - ERROR - Error adding button to taskbar: 'PySide6.QtWidgets.QWidget' object has no attribute 'add_app_button'
2025-09-07 11:06:53,658 - ui_qt.windows.dashboard_window_qt.views.main_dashboard - INFO - App launched: main_calendar
2025-09-07 11:06:53,658 - ui_qt.windows.dashboard_window_qt.views.main_dashboard - ERROR - Error adding button to taskbar: 'PySide6.QtWidgets.QWidget' object has no attribute 'add_app_button'
2025-09-07 11:06:53,658 - ui_qt.windows.dashboard_window_qt.services.app_launcher_service - INFO - Đã khởi chạy app thành công: main_calendar
2025-09-07 11:07:23,064 - ui_qt.windows.dashboard_window_qt.services.desktop_service - INFO - Đã lưu vị trí 0 icons
2025-09-07 11:08:23,051 - ui_qt.windows.dashboard_window_qt.services.desktop_service - INFO - Đã lưu vị trí 0 icons
2025-09-07 11:09:23,054 - ui_qt.windows.dashboard_window_qt.services.desktop_service - INFO - Đã lưu vị trí 0 icons
2025-09-07 11:10:23,051 - ui_qt.windows.dashboard_window_qt.services.desktop_service - INFO - Đã lưu vị trí 0 icons
