2025-09-07 00:41:04,071 - __main__ - INFO - ======================================================================
2025-09-07 00:41:04,071 - __main__ - INFO - 🚀 Starting Dashboard Desktop Application
2025-09-07 00:41:04,071 - __main__ - INFO - ======================================================================
2025-09-07 00:41:04,093 - __main__ - INFO - ✓ Application initialized
2025-09-07 00:41:05,410 - __main__ - INFO - ✓ Directory structure ready (mode: main)
2025-09-07 00:41:05,417 - __main__ - INFO - ✓ Database connected
2025-09-07 00:41:05,465 - ui_qt.windows.dashboard_window_qt.utils.assets - INFO - Assets manager đã khởi tạo
2025-09-07 00:41:05,472 - __main__ - INFO - Loading MainDashboard (Desktop-Style)...
2025-09-07 00:41:05,482 - ui_qt.windows.dashboard_window_qt.repositories.settings_repository - INFO - Đã load settings từ C:\Users\lenovo\AppData\Roaming\DashboardQt\settings.json
2025-09-07 00:41:05,483 - ui_qt.windows.dashboard_window_qt.services.desktop_service - INFO - Đã load vị trí 0 icons
2025-09-07 00:41:05,495 - ui_qt.windows.dashboard_window_qt.repositories.settings_repository - INFO - Đã save settings vào C:\Users\lenovo\AppData\Roaming\DashboardQt\settings.json
2025-09-07 00:41:05,495 - ui_qt.windows.dashboard_window_qt.views.desktop.desktop_area - INFO - Wallpaper set: default (mode: fill)
2025-09-07 00:41:05,495 - ui_qt.windows.dashboard_window_qt.views.desktop.desktop_area - INFO - Desktop settings loaded
2025-09-07 00:41:05,495 - ui_qt.windows.dashboard_window_qt.views.desktop.desktop_area - INFO - Desktop Area initialized
2025-09-07 00:41:05,495 - ui_qt.windows.dashboard_window_qt.views.main_dashboard - INFO - Desktop area created successfully
2025-09-07 00:41:05,515 - ui_qt.windows.dashboard_window_qt.views.main_dashboard - INFO - Đang load desktop icons...
2025-09-07 00:41:05,515 - ui_qt.windows.dashboard_window_qt.repositories.app_repository - INFO - Storage path: dashboard_apps.json
2025-09-07 00:41:05,515 - ui_qt.windows.dashboard_window_qt.repositories.app_repository - INFO - Storage exists: True
2025-09-07 00:41:05,516 - ui_qt.windows.dashboard_window_qt.repositories.app_repository - INFO - Total apps in storage: 17
2025-09-07 00:41:05,516 - ui_qt.windows.dashboard_window_qt.repositories.app_repository - INFO - Apps with pinned=True: 17
2025-09-07 00:41:05,516 - ui_qt.windows.dashboard_window_qt.repositories.app_repository - INFO -   Pinned: student_manager (rank=9)
2025-09-07 00:41:05,516 - ui_qt.windows.dashboard_window_qt.repositories.app_repository - INFO -   Pinned: group_manager (rank=8)
2025-09-07 00:41:05,516 - ui_qt.windows.dashboard_window_qt.repositories.app_repository - INFO -   Pinned: package_manager (rank=0)
2025-09-07 00:41:05,516 - ui_qt.windows.dashboard_window_qt.repositories.app_repository - INFO -   Pinned: attendance_report (rank=0)
2025-09-07 00:41:05,516 - ui_qt.windows.dashboard_window_qt.repositories.app_repository - INFO -   Pinned: main_calendar (rank=10)
2025-09-07 00:41:05,516 - ui_qt.windows.dashboard_window_qt.repositories.app_repository - INFO - Returning 17 pinned apps
2025-09-07 00:41:05,516 - ui_qt.windows.dashboard_window_qt.views.main_dashboard - INFO - Got 17 pinned apps from repository
2025-09-07 00:41:05,516 - ui_qt.windows.dashboard_window_qt.views.main_dashboard - INFO -   App 0: group_manager
2025-09-07 00:41:05,516 - ui_qt.windows.dashboard_window_qt.views.main_dashboard - INFO -   App 1: student_manager
2025-09-07 00:41:05,516 - ui_qt.windows.dashboard_window_qt.views.main_dashboard - INFO -   App 2: question_bank
2025-09-07 00:41:05,516 - ui_qt.windows.dashboard_window_qt.views.main_dashboard - INFO -   App 3: main_calendar
2025-09-07 00:41:05,516 - ui_qt.windows.dashboard_window_qt.views.main_dashboard - INFO -   App 4: package_manager
2025-09-07 00:41:05,516 - ui_qt.windows.dashboard_window_qt.views.main_dashboard - INFO -   App 5: attendance_report
2025-09-07 00:41:05,516 - ui_qt.windows.dashboard_window_qt.views.main_dashboard - INFO -   App 6: assign_exercise
2025-09-07 00:41:05,516 - ui_qt.windows.dashboard_window_qt.views.main_dashboard - INFO -   App 7: submit_exercise
2025-09-07 00:41:05,516 - ui_qt.windows.dashboard_window_qt.views.main_dashboard - INFO -   App 8: submitted_exercises
2025-09-07 00:41:05,516 - ui_qt.windows.dashboard_window_qt.views.main_dashboard - INFO -   App 9: exercise_suggestion
2025-09-07 00:41:05,516 - ui_qt.windows.dashboard_window_qt.views.main_dashboard - INFO -   App 10: create_test
2025-09-07 00:41:05,516 - ui_qt.windows.dashboard_window_qt.views.main_dashboard - INFO -   App 11: exercise_tree
2025-09-07 00:41:05,516 - ui_qt.windows.dashboard_window_qt.views.main_dashboard - INFO -   App 12: progress_report
2025-09-07 00:41:05,516 - ui_qt.windows.dashboard_window_qt.views.main_dashboard - INFO -   App 13: skill_report
2025-09-07 00:41:05,517 - ui_qt.windows.dashboard_window_qt.views.main_dashboard - INFO -   App 14: skill_rating
2025-09-07 00:41:05,517 - ui_qt.windows.dashboard_window_qt.views.main_dashboard - INFO -   App 15: group_suggestion
2025-09-07 00:41:05,517 - ui_qt.windows.dashboard_window_qt.views.main_dashboard - INFO -   App 16: salary_report
2025-09-07 00:41:05,517 - ui_qt.windows.dashboard_window_qt.views.main_dashboard - WARNING - Have 17 apps but may only show some!
2025-09-07 00:41:05,517 - ui_qt.windows.dashboard_window_qt.views.main_dashboard - INFO - Sẽ load 17 icons lên desktop
2025-09-07 00:41:05,522 - ui_qt.windows.dashboard_window_qt.repositories.settings_repository - INFO - Đã save settings vào C:\Users\lenovo\AppData\Roaming\DashboardQt\settings.json
2025-09-07 00:41:05,522 - ui_qt.windows.dashboard_window_qt.views.main_dashboard - INFO - Đã tạo icon: Quản lý nhóm học tại PySide6.QtCore.QPoint(20, 20)
2025-09-07 00:41:05,524 - ui_qt.windows.dashboard_window_qt.repositories.settings_repository - INFO - Đã save settings vào C:\Users\lenovo\AppData\Roaming\DashboardQt\settings.json
2025-09-07 00:41:05,524 - ui_qt.windows.dashboard_window_qt.views.main_dashboard - INFO - Đã tạo icon: Quản lý học sinh tại PySide6.QtCore.QPoint(110, 20)
2025-09-07 00:41:05,526 - ui_qt.windows.dashboard_window_qt.repositories.settings_repository - INFO - Đã save settings vào C:\Users\lenovo\AppData\Roaming\DashboardQt\settings.json
2025-09-07 00:41:05,526 - ui_qt.windows.dashboard_window_qt.views.main_dashboard - INFO - Đã tạo icon: Ngân hàng câu hỏi tại PySide6.QtCore.QPoint(200, 20)
2025-09-07 00:41:05,528 - ui_qt.windows.dashboard_window_qt.repositories.settings_repository - INFO - Đã save settings vào C:\Users\lenovo\AppData\Roaming\DashboardQt\settings.json
2025-09-07 00:41:05,528 - ui_qt.windows.dashboard_window_qt.views.main_dashboard - INFO - Đã tạo icon: Lịch dạy (Main) tại PySide6.QtCore.QPoint(290, 20)
2025-09-07 00:41:05,529 - ui_qt.windows.dashboard_window_qt.repositories.settings_repository - INFO - Đã save settings vào C:\Users\lenovo\AppData\Roaming\DashboardQt\settings.json
2025-09-07 00:41:05,530 - ui_qt.windows.dashboard_window_qt.views.main_dashboard - INFO - Đã tạo icon: Quản lý gói học tại PySide6.QtCore.QPoint(380, 20)
2025-09-07 00:41:05,531 - ui_qt.windows.dashboard_window_qt.repositories.settings_repository - INFO - Đã save settings vào C:\Users\lenovo\AppData\Roaming\DashboardQt\settings.json
2025-09-07 00:41:05,531 - ui_qt.windows.dashboard_window_qt.views.main_dashboard - INFO - Đã tạo icon: Báo cáo chuyên cần tại PySide6.QtCore.QPoint(470, 20)
2025-09-07 00:41:05,532 - ui_qt.windows.dashboard_window_qt.repositories.settings_repository - INFO - Đã save settings vào C:\Users\lenovo\AppData\Roaming\DashboardQt\settings.json
2025-09-07 00:41:05,532 - ui_qt.windows.dashboard_window_qt.views.main_dashboard - INFO - Đã tạo icon: Giao bài tập tại PySide6.QtCore.QPoint(560, 20)
2025-09-07 00:41:05,534 - ui_qt.windows.dashboard_window_qt.repositories.settings_repository - INFO - Đã save settings vào C:\Users\lenovo\AppData\Roaming\DashboardQt\settings.json
2025-09-07 00:41:05,534 - ui_qt.windows.dashboard_window_qt.views.main_dashboard - INFO - Đã tạo icon: Nộp bài tập tại PySide6.QtCore.QPoint(650, 20)
2025-09-07 00:41:05,535 - ui_qt.windows.dashboard_window_qt.repositories.settings_repository - INFO - Đã save settings vào C:\Users\lenovo\AppData\Roaming\DashboardQt\settings.json
2025-09-07 00:41:05,535 - ui_qt.windows.dashboard_window_qt.views.main_dashboard - INFO - Đã tạo icon: Bài tập đã nộp tại PySide6.QtCore.QPoint(20, 120)
2025-09-07 00:41:05,537 - ui_qt.windows.dashboard_window_qt.repositories.settings_repository - INFO - Đã save settings vào C:\Users\lenovo\AppData\Roaming\DashboardQt\settings.json
2025-09-07 00:41:05,537 - ui_qt.windows.dashboard_window_qt.views.main_dashboard - INFO - Đã tạo icon: Gợi ý bài tập tại PySide6.QtCore.QPoint(110, 120)
2025-09-07 00:41:05,538 - ui_qt.windows.dashboard_window_qt.repositories.settings_repository - INFO - Đã save settings vào C:\Users\lenovo\AppData\Roaming\DashboardQt\settings.json
2025-09-07 00:41:05,538 - ui_qt.windows.dashboard_window_qt.views.main_dashboard - INFO - Đã tạo icon: Tạo đề thi PDF tại PySide6.QtCore.QPoint(200, 120)
2025-09-07 00:41:05,540 - ui_qt.windows.dashboard_window_qt.repositories.settings_repository - INFO - Đã save settings vào C:\Users\lenovo\AppData\Roaming\DashboardQt\settings.json
2025-09-07 00:41:05,540 - ui_qt.windows.dashboard_window_qt.views.main_dashboard - INFO - Đã tạo icon: Cây thư mục bài tập tại PySide6.QtCore.QPoint(290, 120)
2025-09-07 00:41:05,541 - ui_qt.windows.dashboard_window_qt.repositories.settings_repository - INFO - Đã save settings vào C:\Users\lenovo\AppData\Roaming\DashboardQt\settings.json
2025-09-07 00:41:05,541 - ui_qt.windows.dashboard_window_qt.views.main_dashboard - INFO - Đã tạo icon: Báo cáo tiến độ tại PySide6.QtCore.QPoint(380, 120)
2025-09-07 00:41:05,543 - ui_qt.windows.dashboard_window_qt.repositories.settings_repository - INFO - Đã save settings vào C:\Users\lenovo\AppData\Roaming\DashboardQt\settings.json
2025-09-07 00:41:05,543 - ui_qt.windows.dashboard_window_qt.views.main_dashboard - INFO - Đã tạo icon: Báo cáo năng lực tại PySide6.QtCore.QPoint(470, 120)
2025-09-07 00:41:05,544 - ui_qt.windows.dashboard_window_qt.repositories.settings_repository - INFO - Đã save settings vào C:\Users\lenovo\AppData\Roaming\DashboardQt\settings.json
2025-09-07 00:41:05,544 - ui_qt.windows.dashboard_window_qt.views.main_dashboard - INFO - Đã tạo icon: Đánh giá kỹ năng tại PySide6.QtCore.QPoint(560, 120)
2025-09-07 00:41:05,546 - ui_qt.windows.dashboard_window_qt.repositories.settings_repository - INFO - Đã save settings vào C:\Users\lenovo\AppData\Roaming\DashboardQt\settings.json
2025-09-07 00:41:05,546 - ui_qt.windows.dashboard_window_qt.views.main_dashboard - INFO - Đã tạo icon: Gợi ý phân nhóm tại PySide6.QtCore.QPoint(650, 120)
2025-09-07 00:41:05,547 - ui_qt.windows.dashboard_window_qt.repositories.settings_repository - INFO - Đã save settings vào C:\Users\lenovo\AppData\Roaming\DashboardQt\settings.json
2025-09-07 00:41:05,547 - ui_qt.windows.dashboard_window_qt.views.main_dashboard - INFO - Đã tạo icon: Báo cáo học phí tại PySide6.QtCore.QPoint(20, 220)
2025-09-07 00:41:05,547 - ui_qt.windows.dashboard_window_qt.views.main_dashboard - INFO - Đã tạo thành công 17 icons
2025-09-07 00:41:05,558 - ui_qt.windows.dashboard_window_qt.repositories.settings_repository - INFO - Đã save settings vào C:\Users\lenovo\AppData\Roaming\DashboardQt\settings.json
2025-09-07 00:41:05,558 - ui_qt.windows.dashboard_window_qt.views.desktop.desktop_area - INFO - Wallpaper set: default (mode: fill)
2025-09-07 00:41:05,558 - ui_qt.windows.dashboard_window_qt.views.main_dashboard - INFO - Đã set wallpaper cho desktop area: default
2025-09-07 00:41:05,567 - ui_qt.windows.dashboard_window_qt.repositories.settings_repository - INFO - Đã save settings vào C:\Users\lenovo\AppData\Roaming\DashboardQt\settings.json
2025-09-07 00:41:05,567 - ui_qt.windows.dashboard_window_qt.views.desktop.desktop_area - INFO - Wallpaper set: default (mode: fill)
2025-09-07 00:41:05,568 - ui_qt.windows.dashboard_window_qt.views.main_dashboard - INFO - Đã set wallpaper cho desktop area: default
2025-09-07 00:41:05,581 - ui_qt.windows.dashboard_window_qt.views.main_dashboard - INFO - Dashboard window hiển thị thành công
2025-09-07 00:41:05,582 - __main__ - INFO - ✓ Dashboard loaded (main)
2025-09-07 00:41:05,593 - ui_qt.windows.dashboard_window_qt.repositories.settings_repository - INFO - Đã save settings vào C:\Users\lenovo\AppData\Roaming\DashboardQt\settings.json
2025-09-07 00:41:05,593 - ui_qt.windows.dashboard_window_qt.views.desktop.desktop_area - INFO - Wallpaper set: default (mode: fill)
2025-09-07 00:41:05,593 - ui_qt.windows.dashboard_window_qt.views.main_dashboard - INFO - Đã set wallpaper cho desktop area: default
2025-09-07 00:41:05,629 - __main__ - INFO - Assets manager initialized
2025-09-07 00:41:05,633 - __main__ - INFO - Settings loaded
2025-09-07 00:41:05,640 - __main__ - INFO - All services initialized successfully
2025-09-07 00:41:05,643 - __main__ - INFO - ✓ Application ready - Starting event loop
2025-09-07 00:41:07,279 - ui_qt.windows.dashboard_window_qt.repositories.settings_repository - INFO - Đã save settings vào C:\Users\lenovo\AppData\Roaming\DashboardQt\settings.json
2025-09-07 00:41:07,279 - ui_qt.windows.dashboard_window_qt.views.desktop.desktop_area - INFO - Wallpaper set: default (mode: fill)
2025-09-07 00:41:07,279 - ui_qt.windows.dashboard_window_qt.views.main_dashboard - INFO - Đã set wallpaper cho desktop area: default
2025-09-07 00:41:14,843 - ui_qt.windows.dashboard_window_qt.repositories.settings_repository - INFO - Đã save settings vào C:\Users\lenovo\AppData\Roaming\DashboardQt\settings.json
2025-09-07 00:41:14,843 - ui_qt.windows.dashboard_window_qt.repositories.settings_repository - INFO - Đã save settings vào C:\Users\lenovo\AppData\Roaming\DashboardQt\settings.json
2025-09-07 00:41:14,843 - ui_qt.windows.dashboard_window_qt.services.desktop_service - INFO - Đã lưu vị trí 0 icons
2025-09-07 00:41:14,862 - ui_qt.windows.dashboard_window_qt.services.app_launcher_service - INFO - Cleaning up app launcher service...
2025-09-07 00:41:14,862 - __main__ - INFO - Shutting down application...
2025-09-07 00:41:14,863 - ui_qt.windows.dashboard_window_qt.repositories.settings_repository - INFO - Đã save settings vào C:\Users\lenovo\AppData\Roaming\DashboardQt\settings.json
2025-09-07 00:41:14,865 - ui_qt.windows.dashboard_window_qt.repositories.settings_repository - INFO - Đã save settings vào C:\Users\lenovo\AppData\Roaming\DashboardQt\settings.json
2025-09-07 00:41:14,865 - ui_qt.windows.dashboard_window_qt.services.desktop_service - INFO - Đã lưu vị trí 0 icons
2025-09-07 00:41:14,865 - __main__ - INFO - ✓ Settings saved
2025-09-07 00:41:14,865 - __main__ - ERROR - Error during shutdown: 'DatabaseManager' object has no attribute 'close'
2025-09-07 00:41:14,865 - __main__ - INFO - ======================================================================
2025-09-07 00:41:14,866 - __main__ - INFO - Application shutdown complete
2025-09-07 00:41:14,866 - __main__ - INFO - ======================================================================
