2025-09-07 01:17:40,038 - __main__ - INFO - ======================================================================
2025-09-07 01:17:40,038 - __main__ - INFO - 🚀 Starting Dashboard Desktop Application
2025-09-07 01:17:40,038 - __main__ - INFO - ======================================================================
2025-09-07 01:17:40,059 - __main__ - INFO - ✓ Application initialized
2025-09-07 01:17:41,448 - __main__ - INFO - ✓ Directory structure ready (mode: main)
2025-09-07 01:17:41,454 - __main__ - INFO - ✓ Database connected
2025-09-07 01:17:41,500 - ui_qt.windows.dashboard_window_qt.utils.assets - INFO - Assets manager đã khởi tạo
2025-09-07 01:17:41,507 - __main__ - INFO - Loading MainDashboard (Desktop-Style)...
2025-09-07 01:17:41,516 - ui_qt.windows.dashboard_window_qt.repositories.settings_repository - INFO - Đã load settings từ C:\Users\lenovo\AppData\Roaming\DashboardQt\settings.json
2025-09-07 01:17:41,517 - ui_qt.windows.dashboard_window_qt.services.desktop_service - INFO - Đã load vị trí 0 icons
2025-09-07 01:17:41,819 - ui_qt.windows.dashboard_window_qt.repositories.settings_repository - INFO - Đã save settings vào C:\Users\lenovo\AppData\Roaming\DashboardQt\settings.json
2025-09-07 01:17:41,819 - ui_qt.windows.dashboard_window_qt.views.desktop.desktop_area - INFO - Wallpaper set: C:/Users/lenovo/Downloads/hinh-nen-may-tinh-6.jpg (mode: fill)
2025-09-07 01:17:41,819 - ui_qt.windows.dashboard_window_qt.views.desktop.desktop_area - INFO - Desktop settings loaded
2025-09-07 01:17:41,819 - ui_qt.windows.dashboard_window_qt.views.desktop.desktop_area - INFO - Desktop Area initialized
2025-09-07 01:17:41,819 - ui_qt.windows.dashboard_window_qt.views.main_dashboard - INFO - Desktop area created successfully
2025-09-07 01:17:41,838 - ui_qt.windows.dashboard_window_qt.views.main_dashboard - INFO - Đang load desktop icons...
2025-09-07 01:17:41,838 - ui_qt.windows.dashboard_window_qt.repositories.app_repository - INFO - Storage path: dashboard_apps.json
2025-09-07 01:17:41,838 - ui_qt.windows.dashboard_window_qt.repositories.app_repository - INFO - Storage exists: True
2025-09-07 01:17:41,839 - ui_qt.windows.dashboard_window_qt.repositories.app_repository - INFO - Total apps in storage: 17
2025-09-07 01:17:41,839 - ui_qt.windows.dashboard_window_qt.repositories.app_repository - INFO - Apps with pinned=True: 17
2025-09-07 01:17:41,839 - ui_qt.windows.dashboard_window_qt.repositories.app_repository - INFO -   Pinned: student_manager (rank=9)
2025-09-07 01:17:41,839 - ui_qt.windows.dashboard_window_qt.repositories.app_repository - INFO -   Pinned: group_manager (rank=8)
2025-09-07 01:17:41,839 - ui_qt.windows.dashboard_window_qt.repositories.app_repository - INFO -   Pinned: package_manager (rank=0)
2025-09-07 01:17:41,839 - ui_qt.windows.dashboard_window_qt.repositories.app_repository - INFO -   Pinned: attendance_report (rank=0)
2025-09-07 01:17:41,839 - ui_qt.windows.dashboard_window_qt.repositories.app_repository - INFO -   Pinned: main_calendar (rank=10)
2025-09-07 01:17:41,839 - ui_qt.windows.dashboard_window_qt.repositories.app_repository - INFO - Returning 17 pinned apps
2025-09-07 01:17:41,839 - ui_qt.windows.dashboard_window_qt.views.main_dashboard - INFO - Got 17 pinned apps from repository
2025-09-07 01:17:41,839 - ui_qt.windows.dashboard_window_qt.views.main_dashboard - INFO -   App 0: group_manager
2025-09-07 01:17:41,839 - ui_qt.windows.dashboard_window_qt.views.main_dashboard - INFO -   App 1: student_manager
2025-09-07 01:17:41,839 - ui_qt.windows.dashboard_window_qt.views.main_dashboard - INFO -   App 2: question_bank
2025-09-07 01:17:41,839 - ui_qt.windows.dashboard_window_qt.views.main_dashboard - INFO -   App 3: main_calendar
2025-09-07 01:17:41,839 - ui_qt.windows.dashboard_window_qt.views.main_dashboard - INFO -   App 4: package_manager
2025-09-07 01:17:41,839 - ui_qt.windows.dashboard_window_qt.views.main_dashboard - INFO -   App 5: attendance_report
2025-09-07 01:17:41,839 - ui_qt.windows.dashboard_window_qt.views.main_dashboard - INFO -   App 6: assign_exercise
2025-09-07 01:17:41,839 - ui_qt.windows.dashboard_window_qt.views.main_dashboard - INFO -   App 7: submit_exercise
2025-09-07 01:17:41,839 - ui_qt.windows.dashboard_window_qt.views.main_dashboard - INFO -   App 8: submitted_exercises
2025-09-07 01:17:41,839 - ui_qt.windows.dashboard_window_qt.views.main_dashboard - INFO -   App 9: exercise_suggestion
2025-09-07 01:17:41,839 - ui_qt.windows.dashboard_window_qt.views.main_dashboard - INFO -   App 10: create_test
2025-09-07 01:17:41,839 - ui_qt.windows.dashboard_window_qt.views.main_dashboard - INFO -   App 11: exercise_tree
2025-09-07 01:17:41,839 - ui_qt.windows.dashboard_window_qt.views.main_dashboard - INFO -   App 12: progress_report
2025-09-07 01:17:41,839 - ui_qt.windows.dashboard_window_qt.views.main_dashboard - INFO -   App 13: skill_report
2025-09-07 01:17:41,839 - ui_qt.windows.dashboard_window_qt.views.main_dashboard - INFO -   App 14: skill_rating
2025-09-07 01:17:41,839 - ui_qt.windows.dashboard_window_qt.views.main_dashboard - INFO -   App 15: group_suggestion
2025-09-07 01:17:41,839 - ui_qt.windows.dashboard_window_qt.views.main_dashboard - INFO -   App 16: salary_report
2025-09-07 01:17:41,839 - ui_qt.windows.dashboard_window_qt.views.main_dashboard - WARNING - Have 17 apps but may only show some!
2025-09-07 01:17:41,839 - ui_qt.windows.dashboard_window_qt.views.main_dashboard - INFO - Sẽ load 17 icons lên desktop
2025-09-07 01:17:41,853 - ui_qt.windows.dashboard_window_qt.repositories.settings_repository - INFO - Đã save settings vào C:\Users\lenovo\AppData\Roaming\DashboardQt\settings.json
2025-09-07 01:17:41,853 - ui_qt.windows.dashboard_window_qt.views.main_dashboard - INFO - Đã tạo icon: Quản lý nhóm học tại PySide6.QtCore.QPoint(20, 20)
2025-09-07 01:17:41,855 - ui_qt.windows.dashboard_window_qt.repositories.settings_repository - INFO - Đã save settings vào C:\Users\lenovo\AppData\Roaming\DashboardQt\settings.json
2025-09-07 01:17:41,855 - ui_qt.windows.dashboard_window_qt.views.main_dashboard - INFO - Đã tạo icon: Quản lý học sinh tại PySide6.QtCore.QPoint(110, 20)
2025-09-07 01:17:41,857 - ui_qt.windows.dashboard_window_qt.repositories.settings_repository - INFO - Đã save settings vào C:\Users\lenovo\AppData\Roaming\DashboardQt\settings.json
2025-09-07 01:17:41,857 - ui_qt.windows.dashboard_window_qt.views.main_dashboard - INFO - Đã tạo icon: Ngân hàng câu hỏi tại PySide6.QtCore.QPoint(200, 20)
2025-09-07 01:17:41,859 - ui_qt.windows.dashboard_window_qt.repositories.settings_repository - INFO - Đã save settings vào C:\Users\lenovo\AppData\Roaming\DashboardQt\settings.json
2025-09-07 01:17:41,859 - ui_qt.windows.dashboard_window_qt.views.main_dashboard - INFO - Đã tạo icon: Lịch dạy (Main) tại PySide6.QtCore.QPoint(290, 20)
2025-09-07 01:17:41,861 - ui_qt.windows.dashboard_window_qt.repositories.settings_repository - INFO - Đã save settings vào C:\Users\lenovo\AppData\Roaming\DashboardQt\settings.json
2025-09-07 01:17:41,861 - ui_qt.windows.dashboard_window_qt.views.main_dashboard - INFO - Đã tạo icon: Quản lý gói học tại PySide6.QtCore.QPoint(380, 20)
2025-09-07 01:17:41,862 - ui_qt.windows.dashboard_window_qt.repositories.settings_repository - INFO - Đã save settings vào C:\Users\lenovo\AppData\Roaming\DashboardQt\settings.json
2025-09-07 01:17:41,862 - ui_qt.windows.dashboard_window_qt.views.main_dashboard - INFO - Đã tạo icon: Báo cáo chuyên cần tại PySide6.QtCore.QPoint(470, 20)
2025-09-07 01:17:41,866 - ui_qt.windows.dashboard_window_qt.repositories.settings_repository - INFO - Đã save settings vào C:\Users\lenovo\AppData\Roaming\DashboardQt\settings.json
2025-09-07 01:17:41,866 - ui_qt.windows.dashboard_window_qt.views.main_dashboard - INFO - Đã tạo icon: Giao bài tập tại PySide6.QtCore.QPoint(560, 20)
2025-09-07 01:17:41,867 - ui_qt.windows.dashboard_window_qt.repositories.settings_repository - INFO - Đã save settings vào C:\Users\lenovo\AppData\Roaming\DashboardQt\settings.json
2025-09-07 01:17:41,867 - ui_qt.windows.dashboard_window_qt.views.main_dashboard - INFO - Đã tạo icon: Nộp bài tập tại PySide6.QtCore.QPoint(650, 20)
2025-09-07 01:17:41,869 - ui_qt.windows.dashboard_window_qt.repositories.settings_repository - INFO - Đã save settings vào C:\Users\lenovo\AppData\Roaming\DashboardQt\settings.json
2025-09-07 01:17:41,869 - ui_qt.windows.dashboard_window_qt.views.main_dashboard - INFO - Đã tạo icon: Bài tập đã nộp tại PySide6.QtCore.QPoint(20, 120)
2025-09-07 01:17:41,870 - ui_qt.windows.dashboard_window_qt.repositories.settings_repository - INFO - Đã save settings vào C:\Users\lenovo\AppData\Roaming\DashboardQt\settings.json
2025-09-07 01:17:41,870 - ui_qt.windows.dashboard_window_qt.views.main_dashboard - INFO - Đã tạo icon: Gợi ý bài tập tại PySide6.QtCore.QPoint(110, 120)
2025-09-07 01:17:41,872 - ui_qt.windows.dashboard_window_qt.repositories.settings_repository - INFO - Đã save settings vào C:\Users\lenovo\AppData\Roaming\DashboardQt\settings.json
2025-09-07 01:17:41,872 - ui_qt.windows.dashboard_window_qt.views.main_dashboard - INFO - Đã tạo icon: Tạo đề thi PDF tại PySide6.QtCore.QPoint(200, 120)
2025-09-07 01:17:41,873 - ui_qt.windows.dashboard_window_qt.repositories.settings_repository - INFO - Đã save settings vào C:\Users\lenovo\AppData\Roaming\DashboardQt\settings.json
2025-09-07 01:17:41,873 - ui_qt.windows.dashboard_window_qt.views.main_dashboard - INFO - Đã tạo icon: Cây thư mục bài tập tại PySide6.QtCore.QPoint(290, 120)
2025-09-07 01:17:41,875 - ui_qt.windows.dashboard_window_qt.repositories.settings_repository - INFO - Đã save settings vào C:\Users\lenovo\AppData\Roaming\DashboardQt\settings.json
2025-09-07 01:17:41,875 - ui_qt.windows.dashboard_window_qt.views.main_dashboard - INFO - Đã tạo icon: Báo cáo tiến độ tại PySide6.QtCore.QPoint(380, 120)
2025-09-07 01:17:41,891 - ui_qt.windows.dashboard_window_qt.repositories.settings_repository - INFO - Đã save settings vào C:\Users\lenovo\AppData\Roaming\DashboardQt\settings.json
2025-09-07 01:17:41,892 - ui_qt.windows.dashboard_window_qt.views.main_dashboard - INFO - Đã tạo icon: Báo cáo năng lực tại PySide6.QtCore.QPoint(470, 120)
2025-09-07 01:17:41,894 - ui_qt.windows.dashboard_window_qt.repositories.settings_repository - INFO - Đã save settings vào C:\Users\lenovo\AppData\Roaming\DashboardQt\settings.json
2025-09-07 01:17:41,894 - ui_qt.windows.dashboard_window_qt.views.main_dashboard - INFO - Đã tạo icon: Đánh giá kỹ năng tại PySide6.QtCore.QPoint(560, 120)
2025-09-07 01:17:41,896 - ui_qt.windows.dashboard_window_qt.repositories.settings_repository - INFO - Đã save settings vào C:\Users\lenovo\AppData\Roaming\DashboardQt\settings.json
2025-09-07 01:17:41,896 - ui_qt.windows.dashboard_window_qt.views.main_dashboard - INFO - Đã tạo icon: Gợi ý phân nhóm tại PySide6.QtCore.QPoint(650, 120)
2025-09-07 01:17:41,897 - ui_qt.windows.dashboard_window_qt.repositories.settings_repository - INFO - Đã save settings vào C:\Users\lenovo\AppData\Roaming\DashboardQt\settings.json
2025-09-07 01:17:41,897 - ui_qt.windows.dashboard_window_qt.views.main_dashboard - INFO - Đã tạo icon: Báo cáo học phí tại PySide6.QtCore.QPoint(20, 220)
2025-09-07 01:17:41,897 - ui_qt.windows.dashboard_window_qt.views.main_dashboard - INFO - Đã tạo thành công 17 icons
2025-09-07 01:17:41,913 - ui_qt.windows.dashboard_window_qt.repositories.settings_repository - INFO - Đã save settings vào C:\Users\lenovo\AppData\Roaming\DashboardQt\settings.json
2025-09-07 01:17:41,913 - ui_qt.windows.dashboard_window_qt.views.desktop.desktop_area - INFO - Wallpaper set: C:/Users/lenovo/Downloads/hinh-nen-may-tinh-6.jpg (mode: fill)
2025-09-07 01:17:41,913 - ui_qt.windows.dashboard_window_qt.views.main_dashboard - INFO - Đã set wallpaper cho desktop area: C:/Users/lenovo/Downloads/hinh-nen-may-tinh-6.jpg
2025-09-07 01:17:41,929 - ui_qt.windows.dashboard_window_qt.repositories.settings_repository - INFO - Đã save settings vào C:\Users\lenovo\AppData\Roaming\DashboardQt\settings.json
2025-09-07 01:17:41,929 - ui_qt.windows.dashboard_window_qt.views.desktop.desktop_area - INFO - Wallpaper set: C:/Users/lenovo/Downloads/hinh-nen-may-tinh-6.jpg (mode: fill)
2025-09-07 01:17:41,929 - ui_qt.windows.dashboard_window_qt.views.main_dashboard - INFO - Đã set wallpaper cho desktop area: C:/Users/lenovo/Downloads/hinh-nen-may-tinh-6.jpg
2025-09-07 01:17:42,266 - ui_qt.windows.dashboard_window_qt.views.main_dashboard - INFO - Dashboard window hiển thị thành công
2025-09-07 01:17:42,267 - __main__ - INFO - ✓ Dashboard loaded (main)
2025-09-07 01:17:42,592 - ui_qt.windows.dashboard_window_qt.repositories.settings_repository - INFO - Đã save settings vào C:\Users\lenovo\AppData\Roaming\DashboardQt\settings.json
2025-09-07 01:17:42,593 - ui_qt.windows.dashboard_window_qt.views.desktop.desktop_area - INFO - Wallpaper set: C:/Users/lenovo/Downloads/hinh-nen-may-tinh-6.jpg (mode: fill)
2025-09-07 01:17:42,593 - ui_qt.windows.dashboard_window_qt.views.main_dashboard - INFO - Đã set wallpaper cho desktop area: C:/Users/lenovo/Downloads/hinh-nen-may-tinh-6.jpg
2025-09-07 01:17:42,631 - __main__ - INFO - Assets manager initialized
2025-09-07 01:17:42,633 - __main__ - INFO - Settings loaded
2025-09-07 01:17:42,638 - __main__ - INFO - All services initialized successfully
2025-09-07 01:17:42,640 - __main__ - INFO - ✓ Application ready - Starting event loop
2025-09-07 01:17:44,258 - ui_qt.windows.dashboard_window_qt.repositories.settings_repository - INFO - Đã save settings vào C:\Users\lenovo\AppData\Roaming\DashboardQt\settings.json
2025-09-07 01:17:44,258 - ui_qt.windows.dashboard_window_qt.views.desktop.desktop_area - INFO - Wallpaper set: C:/Users/lenovo/Downloads/hinh-nen-may-tinh-6.jpg (mode: fill)
2025-09-07 01:17:44,258 - ui_qt.windows.dashboard_window_qt.views.main_dashboard - INFO - Đã set wallpaper cho desktop area: C:/Users/lenovo/Downloads/hinh-nen-may-tinh-6.jpg
2025-09-07 01:17:46,947 - ui_qt.windows.dashboard_window_qt.views.main_dashboard - INFO - Handle app launch: question_bank
2025-09-07 01:17:46,951 - ui_qt.windows.dashboard_window_qt.services.app_launcher_service - INFO - Đang khởi chạy app: question_bank
2025-09-07 01:17:46,951 - ui_qt.windows.dashboard_window_qt.services.app_launcher_service - INFO - Importing module: ui_qt.windows.question_bank.views.main_window
2025-09-07 01:17:47,419 - ui_qt.windows.dashboard_window_qt.repositories.settings_repository - INFO - Đã save settings vào C:\Users\lenovo\AppData\Roaming\DashboardQt\settings.json
2025-09-07 01:17:47,419 - ui_qt.windows.dashboard_window_qt.views.main_dashboard - INFO - App launched: question_bank
2025-09-07 01:17:47,419 - ui_qt.windows.dashboard_window_qt.services.app_launcher_service - INFO - Đã khởi chạy app thành công: question_bank
2025-09-07 01:18:41,538 - ui_qt.windows.dashboard_window_qt.repositories.settings_repository - INFO - Đã save settings vào C:\Users\lenovo\AppData\Roaming\DashboardQt\settings.json
2025-09-07 01:18:41,915 - ui_qt.windows.dashboard_window_qt.repositories.settings_repository - INFO - Đã save settings vào C:\Users\lenovo\AppData\Roaming\DashboardQt\settings.json
2025-09-07 01:18:41,916 - ui_qt.windows.dashboard_window_qt.repositories.settings_repository - INFO - Đã save settings vào C:\Users\lenovo\AppData\Roaming\DashboardQt\settings.json
2025-09-07 01:18:41,916 - ui_qt.windows.dashboard_window_qt.services.desktop_service - INFO - Đã lưu vị trí 0 icons
2025-09-07 01:18:41,916 - ui_qt.windows.dashboard_window_qt.views.main_dashboard - INFO - Auto-saved settings
2025-09-07 01:18:53,292 - ui_qt.windows.dashboard_window_qt.views.main_dashboard - INFO - Handle app launch: main_calendar
2025-09-07 01:18:53,295 - ui_qt.windows.dashboard_window_qt.services.app_launcher_service - INFO - Đang khởi chạy app: main_calendar
2025-09-07 01:18:53,296 - ui_qt.windows.dashboard_window_qt.services.app_launcher_service - INFO - Importing module: ui_qt.main_window
2025-09-07 01:18:53,345 - ui_qt.windows.dashboard_window_qt.repositories.settings_repository - INFO - Đã save settings vào C:\Users\lenovo\AppData\Roaming\DashboardQt\settings.json
2025-09-07 01:18:53,345 - ui_qt.windows.dashboard_window_qt.views.main_dashboard - INFO - App launched: main_calendar
2025-09-07 01:18:53,345 - ui_qt.windows.dashboard_window_qt.services.app_launcher_service - INFO - Đã khởi chạy app thành công: main_calendar
2025-09-07 01:19:11,955 - ui_qt.windows.dashboard_window_qt.services.app_launcher_service - INFO - App closed: main_calendar
2025-09-07 01:19:11,955 - ui_qt.windows.dashboard_window_qt.views.main_dashboard - INFO - App closed: main_calendar
2025-09-07 01:19:19,643 - ui_qt.windows.dashboard_window_qt.views.main_dashboard - INFO - Handle app launch: question_bank
2025-09-07 01:19:19,647 - ui_qt.windows.dashboard_window_qt.services.app_launcher_service - INFO - Đang khởi chạy app: question_bank
2025-09-07 01:19:20,039 - ui_qt.windows.dashboard_window_qt.repositories.settings_repository - INFO - Đã save settings vào C:\Users\lenovo\AppData\Roaming\DashboardQt\settings.json
2025-09-07 01:19:20,039 - ui_qt.windows.dashboard_window_qt.views.main_dashboard - INFO - App launched: question_bank
2025-09-07 01:19:20,040 - ui_qt.windows.dashboard_window_qt.services.app_launcher_service - INFO - Đã khởi chạy app thành công: question_bank
2025-09-07 01:19:41,536 - ui_qt.windows.dashboard_window_qt.repositories.settings_repository - INFO - Đã save settings vào C:\Users\lenovo\AppData\Roaming\DashboardQt\settings.json
2025-09-07 01:19:41,914 - ui_qt.windows.dashboard_window_qt.repositories.settings_repository - INFO - Đã save settings vào C:\Users\lenovo\AppData\Roaming\DashboardQt\settings.json
2025-09-07 01:19:41,916 - ui_qt.windows.dashboard_window_qt.repositories.settings_repository - INFO - Đã save settings vào C:\Users\lenovo\AppData\Roaming\DashboardQt\settings.json
2025-09-07 01:19:41,916 - ui_qt.windows.dashboard_window_qt.services.desktop_service - INFO - Đã lưu vị trí 0 icons
2025-09-07 01:19:41,916 - ui_qt.windows.dashboard_window_qt.views.main_dashboard - INFO - Auto-saved settings
2025-09-07 01:20:41,547 - ui_qt.windows.dashboard_window_qt.repositories.settings_repository - INFO - Đã save settings vào C:\Users\lenovo\AppData\Roaming\DashboardQt\settings.json
2025-09-07 01:20:41,920 - ui_qt.windows.dashboard_window_qt.repositories.settings_repository - INFO - Đã save settings vào C:\Users\lenovo\AppData\Roaming\DashboardQt\settings.json
2025-09-07 01:20:41,921 - ui_qt.windows.dashboard_window_qt.repositories.settings_repository - INFO - Đã save settings vào C:\Users\lenovo\AppData\Roaming\DashboardQt\settings.json
2025-09-07 01:20:41,921 - ui_qt.windows.dashboard_window_qt.services.desktop_service - INFO - Đã lưu vị trí 0 icons
2025-09-07 01:20:41,921 - ui_qt.windows.dashboard_window_qt.views.main_dashboard - INFO - Auto-saved settings
2025-09-07 01:21:41,539 - ui_qt.windows.dashboard_window_qt.repositories.settings_repository - INFO - Đã save settings vào C:\Users\lenovo\AppData\Roaming\DashboardQt\settings.json
2025-09-07 01:21:41,915 - ui_qt.windows.dashboard_window_qt.repositories.settings_repository - INFO - Đã save settings vào C:\Users\lenovo\AppData\Roaming\DashboardQt\settings.json
2025-09-07 01:21:41,916 - ui_qt.windows.dashboard_window_qt.repositories.settings_repository - INFO - Đã save settings vào C:\Users\lenovo\AppData\Roaming\DashboardQt\settings.json
2025-09-07 01:21:41,916 - ui_qt.windows.dashboard_window_qt.services.desktop_service - INFO - Đã lưu vị trí 0 icons
2025-09-07 01:21:41,916 - ui_qt.windows.dashboard_window_qt.views.main_dashboard - INFO - Auto-saved settings
2025-09-07 01:22:41,549 - ui_qt.windows.dashboard_window_qt.repositories.settings_repository - INFO - Đã save settings vào C:\Users\lenovo\AppData\Roaming\DashboardQt\settings.json
2025-09-07 01:22:41,908 - ui_qt.windows.dashboard_window_qt.repositories.settings_repository - INFO - Đã save settings vào C:\Users\lenovo\AppData\Roaming\DashboardQt\settings.json
2025-09-07 01:22:41,909 - ui_qt.windows.dashboard_window_qt.repositories.settings_repository - INFO - Đã save settings vào C:\Users\lenovo\AppData\Roaming\DashboardQt\settings.json
2025-09-07 01:22:41,910 - ui_qt.windows.dashboard_window_qt.services.desktop_service - INFO - Đã lưu vị trí 0 icons
2025-09-07 01:22:41,910 - ui_qt.windows.dashboard_window_qt.views.main_dashboard - INFO - Auto-saved settings
